#
# A fatal error has been detected by the Java Runtime Environment:
#
#  SIGSEGV (0xb) at pc=0x0000000101581b3a, pid=2736, tid=38663
#
# JRE version: Java(TM) SE Runtime Environment (11.0.2+9) (build 11.0.2+9-LTS)
# Java VM: Java HotSpot(TM) 64-Bit Server VM (11.0.2+9-LTS, mixed mode, tiered, compressed oops, g1 gc, bsd-amd64)
# Problematic frame:
# V  [libjvm.dylib+0x381b3a]  IndexSet::IndexSet(IndexSet*)+0xdc
#
# No core dump will be written. Core dumps have been disabled. To enable core dumping, try "ulimit -c unlimited" before starting Java again
#
# If you would like to submit a bug report, please visit:
#   http://bugreport.java.com/bugreport/crash.jsp
#

---------------  S U M M A R Y ------------

Command Line: --add-opens=java.base/java.util=ALL-UNNAMED --add-opens=java.base/java.lang=ALL-UNNAMED --add-opens=java.base/java.lang.invoke=ALL-UNNAMED --add-opens=java.prefs/java.util.prefs=ALL-UNNAMED -Xmx1536m -Dfile.encoding=UTF-8 -Duser.country=US -Duser.language=en -Duser.variant org.gradle.launcher.daemon.bootstrap.GradleDaemon 5.1.1

Host: iMac12,1 x86_64 2893 MHz, 4 cores, 10G, Darwin 15.0.0
Time: Thu Jul  4 19:57:47 2019 IST elapsed time: 9 seconds (0d 0h 0m 9s)

---------------  T H R E A D  ---------------

Current thread (0x00007fa403adb800):  JavaThread "C2 CompilerThread1" daemon [_thread_in_native, id=38663, stack(0x0000700002303000,0x0000700002403000)]


Current CompileTask:
C2:   9643 5723 %     4       groovy.lang.MetaClassImpl::inheritInterfaceNewMetaMethods @ 104 (199 bytes)

Stack: [0x0000700002303000,0x0000700002403000],  sp=0x00007000023ff500,  free space=1009k
Native frames: (J=compiled Java code, A=aot compiled Java code, j=interpreted, Vv=VM code, C=native code)
V  [libjvm.dylib+0x381b3a]  IndexSet::IndexSet(IndexSet*)+0xdc
V  [libjvm.dylib+0x37cb0c]  PhaseChaitin::build_ifg_physical(ResourceArea*)+0x8a
V  [libjvm.dylib+0x1b26b4]  PhaseChaitin::Register_Allocate()+0x6b2
V  [libjvm.dylib+0x221a21]  Compile::Code_Gen()+0x211
V  [libjvm.dylib+0x21fc4c]  Compile::Compile(ciEnv*, C2Compiler*, ciMethod*, int, bool, bool, bool, DirectiveSet*)+0x8d2
V  [libjvm.dylib+0x19e65b]  C2Compiler::compile_method(ciEnv*, ciMethod*, int, DirectiveSet*)+0xad
V  [libjvm.dylib+0x22c0d8]  CompileBroker::invoke_compiler_on_method(CompileTask*)+0x578
V  [libjvm.dylib+0x22b9ef]  CompileBroker::compiler_thread_loop()+0x1ab
V  [libjvm.dylib+0x6ede46]  JavaThread::thread_main_inner()+0x82
V  [libjvm.dylib+0x6edc91]  JavaThread::run()+0x1ab
V  [libjvm.dylib+0x5f0da3]  thread_native_entry(Thread*)+0x135
C  [libsystem_pthread.dylib+0x39b1]  _pthread_body+0x83
C  [libsystem_pthread.dylib+0x392e]  _pthread_body+0x0
C  [libsystem_pthread.dylib+0x1385]  thread_start+0xd


siginfo: si_signo: 11 (SIGSEGV), si_code: 1 (SEGV_MAPERR), si_addr: 0x0000008101b47658

Register to memory mapping:

RAX=0x00007fa4060bd100 points into unknown readable memory: e0 d0 0b 06 a4 7f 00 00
RBX=0x0000008101b47640 is an unknown value
RCX=0x00007fa4060bd0e0 points into unknown readable memory: c0 d0 0b 06 a4 7f 00 00
RDX=0x0 is NULL
RSP=0x00007000023ff500 is pointing into the stack for thread: 0x00007fa403adb800
RBP=0x00007000023ff530 is pointing into the stack for thread: 0x00007fa403adb800
RSI=0x000000000000001b is an unknown value
RDI=0x0000000101b3a520: _ZN6Thread12_thr_currentE+0 in /Library/Java/JavaVirtualMachines/jdk-11.0.2.jdk/Contents/Home/lib/server/libjvm.dylib at 0x0000000101200000
R8 =0x0000000121649690 points into unknown readable memory: 08 00 00 00 00 00 00 00
R9 =0x00007000023ff720 is pointing into the stack for thread: 0x00007fa403adb800
R10=0x00000000ffffffff is an unknown value
R11=0x00007000023ff4d0 is pointing into the stack for thread: 0x00007fa403adb800
R12=0x00007000023ff600 is pointing into the stack for thread: 0x00007fa403adb800
R13=0x0000000000000004 is an unknown value
R14=0x0000700002401fa0 is pointing into the stack for thread: 0x00007fa403adb800
R15=0x0000000101b47640: _ZN8IndexSet12_empty_blockE+0 in /Library/Java/JavaVirtualMachines/jdk-11.0.2.jdk/Contents/Home/lib/server/libjvm.dylib at 0x0000000101200000


Registers:
RAX=0x00007fa4060bd100, RBX=0x0000008101b47640, RCX=0x00007fa4060bd0e0, RDX=0x0000000000000000
RSP=0x00007000023ff500, RBP=0x00007000023ff530, RSI=0x000000000000001b, RDI=0x0000000101b3a520
R8 =0x0000000121649690, R9 =0x00007000023ff720, R10=0x00000000ffffffff, R11=0x00007000023ff4d0
R12=0x00007000023ff600, R13=0x0000000000000004, R14=0x0000700002401fa0, R15=0x0000000101b47640
RIP=0x0000000101581b3a, EFLAGS=0x0000000000010206, ERR=0x0000000000000004
  TRAPNO=0x000000000000000e

Top of Stack: (sp=0x00007000023ff500)
0x00007000023ff500:   0000000121649690 00007000023ff600
0x00007000023ff510:   00007fa407346680 00007000024010a8
0x00007000023ff520:   00007fa404c83d00 00000000ffffffff
0x00007000023ff530:   00007000023ff770 000000010157cb0c
0x00007000023ff540:   00007000023ff720 00000001012e8429
0x00007000023ff550:   0003000300000000 0003000300030003
0x00007000023ff560:   0003000300030003 0003000300030003
0x00007000023ff570:   0000000000030003 0000000000000000
0x00007000023ff580:   0000000000000000 0000000000000000
0x00007000023ff590:   0000000000000000 0000000000000000
0x00007000023ff5a0:   0000000000000000 0000000000000000
0x00007000023ff5b0:   0000000000000000 0000000000000000
0x00007000023ff5c0:   00007000023ff600 00007fff91853fe6
0x00007000023ff5d0:   00000001019a6ce2 0000000000000000
0x00007000023ff5e0:   0000000000000000 0000000000000000
0x00007000023ff5f0:   00000001019a6ce2 0000000000000000
0x00007000023ff600:   0000000100000008 00007fa4060bd1d0
0x00007000023ff610:   0000000000000087 00000001018f3bc7
0x00007000023ff620:   0000000000007fd8 00000001018f3c35
0x00007000023ff630:   00007000023ff660 00000001012e85cb
0x00007000023ff640:   0000000000007fd8 0000000000000000
0x00007000023ff650:   00007fa407bb2600 00007000023ff780
0x00007000023ff660:   00007000023ff680 00000001012e8636
0x00007000023ff670:   0000000000000000 00000000000005b3
0x00007000023ff680:   00007000023ff6b0 0000000101714636
0x00007000023ff690:   000000000000001b 00007fa4059c0dd0
0x00007000023ff6a0:   0000000000000000 0000000000000000
0x00007000023ff6b0:   00007000023ff770 0000000000000251
0x00007000023ff6c0:   0000000000000002 00007000024010a8
0x00007000023ff6d0:   0000017607bb2600 0000000124a562b0
0x00007000023ff6e0:   0000000000000001 00000000001f89f0
0x00007000023ff6f0:   0000000124a3f010 00000000000172a0 

Instructions: (pc=0x0000000101581b3a)
0x0000000101581b1a:   00 48 85 c0 75 10 e8 db fa ff ff 4c 8b 45 d0 49
0x0000000101581b2a:   8b 86 88 08 00 00 48 8b 08 49 89 8e 88 08 00 00
0x0000000101581b3a:   48 8b 4b 18 48 89 48 18 48 8b 4b 10 48 89 48 10
0x0000000101581b4a:   48 8b 0b 48 8b 53 08 48 89 50 08 48 89 08 49 8b 

Stack slot to memory mapping:
stack at sp + 0 slots: 0x0000000121649690 points into unknown readable memory: 08 00 00 00 00 00 00 00
stack at sp + 1 slots: 0x00007000023ff600 is pointing into the stack for thread: 0x00007fa403adb800
stack at sp + 2 slots: 0x00007fa407346680 points into unknown readable memory: b8 30 af 01 01 00 00 00
stack at sp + 3 slots: 0x00007000024010a8 is pointing into the stack for thread: 0x00007fa403adb800
stack at sp + 4 slots: 0x00007fa404c83d00 points into unknown readable memory: b8 30 af 01 01 00 00 00
stack at sp + 5 slots: 0x00000000ffffffff is an unknown value
stack at sp + 6 slots: 0x00007000023ff770 is pointing into the stack for thread: 0x00007fa403adb800
stack at sp + 7 slots: 0x000000010157cb0c: _ZN12PhaseChaitin18build_ifg_physicalEP12ResourceArea+0x8a in /Library/Java/JavaVirtualMachines/jdk-11.0.2.jdk/Contents/Home/lib/server/libjvm.dylib at 0x0000000101200000


---------------  P R O C E S S  ---------------

Threads class SMR info:
_java_thread_list=0x00007fa408247d80, length=36, elements={
0x00007fa405005800, 0x00007fa405017000, 0x00007fa40501a000, 0x00007fa4038ad000,
0x00007fa4038b0000, 0x00007fa404024800, 0x00007fa40480b800, 0x00007fa404097000,
0x00007fa404816800, 0x00007fa40524f800, 0x00007fa4042e9000, 0x00007fa4042ec000,
0x00007fa4039c2800, 0x00007fa403acf000, 0x00007fa4053be000, 0x00007fa40506a800,
0x00007fa404967800, 0x00007fa403ac6800, 0x00007fa40436f000, 0x00007fa40533f800,
0x00007fa404aa8000, 0x00007fa403ad4800, 0x00007fa405452800, 0x00007fa403adb800,
0x00007fa403fba000, 0x00007fa406079800, 0x00007fa40575b000, 0x00007fa403ff7000,
0x00007fa405566000, 0x00007fa403f43800, 0x00007fa406076000, 0x00007fa404f03800,
0x00007fa4071c0800, 0x00007fa40426b000, 0x00007fa404e45800, 0x00007fa4066a2000
}

Java Threads: ( => current thread )
  0x00007fa405005800 JavaThread "main" [_thread_blocked, id=7171, stack(0x0000000100830000,0x0000000100930000)]
  0x00007fa405017000 JavaThread "Reference Handler" daemon [_thread_blocked, id=15619, stack(0x000070000072c000,0x000070000082c000)]
  0x00007fa40501a000 JavaThread "Finalizer" daemon [_thread_blocked, id=16387, stack(0x000070000082f000,0x000070000092f000)]
  0x00007fa4038ad000 JavaThread "Signal Dispatcher" daemon [_thread_blocked, id=18195, stack(0x0000700000abb000,0x0000700000bbb000)]
  0x00007fa4038b0000 JavaThread "C2 CompilerThread0" daemon [_thread_in_native, id=21763, stack(0x0000700000bbe000,0x0000700000cbe000)]
  0x00007fa404024800 JavaThread "C1 CompilerThread0" daemon [_thread_in_native, id=22531, stack(0x0000700000cc1000,0x0000700000dc1000)]
  0x00007fa40480b800 JavaThread "Sweeper thread" daemon [_thread_blocked, id=23299, stack(0x0000700000dc4000,0x0000700000ec4000)]
  0x00007fa404097000 JavaThread "Common-Cleaner" daemon [_thread_blocked, id=24067, stack(0x0000700000ec7000,0x0000700000fc7000)]
  0x00007fa404816800 JavaThread "Service Thread" daemon [_thread_blocked, id=24835, stack(0x0000700000fca000,0x00007000010ca000)]
  0x00007fa40524f800 JavaThread "Daemon health stats" [_thread_blocked, id=27907, stack(0x00007000014d9000,0x00007000015d9000)]
  0x00007fa4042e9000 JavaThread "Incoming local TCP Connector on port 50700" [_thread_in_native, id=26375, stack(0x00007000011d0000,0x00007000012d0000)]
  0x00007fa4042ec000 JavaThread "Daemon periodic checks" [_thread_blocked, id=28675, stack(0x00007000015dc000,0x00007000016dc000)]
  0x00007fa4039c2800 JavaThread "Daemon" [_thread_blocked, id=29443, stack(0x00007000016df000,0x00007000017df000)]
  0x00007fa403acf000 JavaThread "Handler for socket connection from /0:0:0:0:0:0:0:1:50700 to /0:0:0:0:0:0:0:1:50701" [_thread_in_native, id=30211, stack(0x00007000017e2000,0x00007000018e2000)]
  0x00007fa4053be000 JavaThread "Cancel handler" [_thread_blocked, id=30979, stack(0x00007000018e5000,0x00007000019e5000)]
  0x00007fa40506a800 JavaThread "Daemon worker" [_thread_in_vm, id=31747, stack(0x00007000019e8000,0x0000700001ae8000)]
  0x00007fa404967800 JavaThread "Asynchronous log dispatcher for DefaultDaemonConnection: socket connection from /0:0:0:0:0:0:0:1:50700 to /0:0:0:0:0:0:0:1:50701" [_thread_blocked, id=32515, stack(0x0000700001aeb000,0x0000700001beb000)]
  0x00007fa403ac6800 JavaThread "Stdin handler" [_thread_blocked, id=33283, stack(0x0000700001bee000,0x0000700001cee000)]
  0x00007fa40436f000 JavaThread "Thread-8" [_thread_blocked, id=34051, stack(0x0000700001cf1000,0x0000700001df1000)]
  0x00007fa40533f800 JavaThread "Cache worker for file hash cache (/Users/chhekur/.gradle/caches/5.1.1/fileHashes)" [_thread_blocked, id=35331, stack(0x0000700001ef7000,0x0000700001ff7000)]
  0x00007fa404aa8000 JavaThread "File lock request listener" [_thread_in_native, id=36099, stack(0x0000700001ffa000,0x00007000020fa000)]
  0x00007fa403ad4800 JavaThread "Cache worker for journal cache (/Users/chhekur/.gradle/caches/journal-1)" [_thread_blocked, id=36867, stack(0x00007000020fd000,0x00007000021fd000)]
  0x00007fa405452800 JavaThread "Cache worker for file hash cache (/Users/chhekur/Desktop/AndroidNativeAPIs/.gradle/5.1.1/fileHashes)" [_thread_blocked, id=37635, stack(0x0000700002200000,0x0000700002300000)]
=>0x00007fa403adb800 JavaThread "C2 CompilerThread1" daemon [_thread_in_native, id=38663, stack(0x0000700002303000,0x0000700002403000)]
  0x00007fa403fba000 JavaThread "Cache worker for cache directory md-supplier (/Users/chhekur/.gradle/caches/5.1.1/md-supplier)" [_thread_blocked, id=39171, stack(0x0000700002406000,0x0000700002506000)]
  0x00007fa406079800 JavaThread "Cache worker for cache directory md-rule (/Users/chhekur/.gradle/caches/5.1.1/md-rule)" [_thread_blocked, id=39939, stack(0x0000700002509000,0x0000700002609000)]
  0x00007fa40575b000 JavaThread "Cache worker for execution history cache (/Users/chhekur/.gradle/caches/5.1.1/executionHistory)" [_thread_blocked, id=40707, stack(0x000070000260c000,0x000070000270c000)]
  0x00007fa403ff7000 JavaThread "Build operations" [_thread_blocked, id=41475, stack(0x000070000270f000,0x000070000280f000)]
  0x00007fa405566000 JavaThread "Build operations Thread 2" [_thread_blocked, id=42243, stack(0x0000700002812000,0x0000700002912000)]
  0x00007fa403f43800 JavaThread "Build operations Thread 3" [_thread_blocked, id=43011, stack(0x0000700002915000,0x0000700002a15000)]
  0x00007fa406076000 JavaThread "Build operations Thread 4" [_thread_blocked, id=43779, stack(0x0000700002a18000,0x0000700002b18000)]
  0x00007fa404f03800 JavaThread "pool-1-thread-1" [_thread_blocked, id=44547, stack(0x0000700002b1b000,0x0000700002c1b000)]
  0x00007fa4071c0800 JavaThread "Cache worker for Build Output Cleanup Cache (/Users/chhekur/Desktop/AndroidNativeAPIs/.gradle/buildOutputCleanup)" [_thread_blocked, id=45315, stack(0x0000700002c1e000,0x0000700002d1e000)]
  0x00007fa40426b000 JavaThread "Memory manager" [_thread_blocked, id=46083, stack(0x0000700002d21000,0x0000700002e21000)]
  0x00007fa404e45800 JavaThread "Cache worker for file content cache (/Users/chhekur/.gradle/caches/5.1.1/fileContent)" [_thread_blocked, id=46851, stack(0x0000700002e24000,0x0000700002f24000)]
  0x00007fa4066a2000 JavaThread "Cache worker for file content cache (/Users/chhekur/Desktop/AndroidNativeAPIs/.gradle/5.1.1/fileContent)" [_thread_blocked, id=47619, stack(0x0000700002f27000,0x0000700003027000)]

Other Threads:
  0x00007fa405016000 VMThread "VM Thread" [stack: 0x0000700000629000,0x0000700000729000] [id=14851]
  0x00007fa40501c000 WatcherThread [stack: 0x00007000010cd000,0x00007000011cd000] [id=25347]
  0x00007fa405011800 GCTaskThread "GC Thread#0" [stack: 0x000070000011a000,0x000070000021a000] [id=11779]
  0x00007fa404930000 GCTaskThread "GC Thread#1" [stack: 0x00007000012d3000,0x00007000013d3000] [id=26627]
  0x00007fa404817800 GCTaskThread "GC Thread#2" [stack: 0x00007000013d6000,0x00007000014d6000] [id=27139]
  0x00007fa404310800 GCTaskThread "GC Thread#3" [stack: 0x0000700001df4000,0x0000700001ef4000] [id=34563]
  0x00007fa40382f800 ConcurrentGCThread "G1 Main Marker" [stack: 0x000070000021d000,0x000070000031d000] [id=12291]
  0x00007fa403830000 ConcurrentGCThread "G1 Conc#0" [stack: 0x0000700000320000,0x0000700000420000] [id=13315]
  0x00007fa403891000 ConcurrentGCThread "G1 Refine#0" [stack: 0x0000700000423000,0x0000700000523000] [id=13827]
  0x00007fa403891800 ConcurrentGCThread "G1 Young RemSet Sampling" [stack: 0x0000700000526000,0x0000700000626000] [id=14339]

Threads with active compile tasks:
C2 CompilerThread05829       4       com.sun.beans.TypeResolver::resolve (37 bytes)
C1 CompilerThread06404       2       org.objectweb.asm.Frame::getAbstractTypeFromDescriptor (415 bytes)
C2 CompilerThread15723 %     4       groovy.lang.MetaClassImpl::inheritInterfaceNewMetaMethods @ 104 (199 bytes)

VM state:not at safepoint (normal execution)

VM Mutex/Monitor currently owned by a thread: None

Heap address: 0x00000007a0000000, size: 1536 MB, Compressed Oops mode: Zero based, Oop shift amount: 3
Narrow klass base: 0x0000000800000000, Narrow klass shift: 0
Compressed class space size: 1073741824 Address: 0x0000000800000000

Heap:
 garbage-first heap   total 196608K, used 100952K [0x00000007a0000000, 0x0000000800000000)
  region size 1024K, 59 young (60416K), 12 survivors (12288K)
 Metaspace       used 70265K, capacity 71853K, committed 72192K, reserved 1112064K
  class space    used 9089K, capacity 9622K, committed 9728K, reserved 1048576K
Heap Regions: E=young(eden), S=young(survivor), O=old, HS=humongous(starts), HC=humongous(continues), CS=collection set, F=free, A=archive, TAMS=top-at-mark-start (previous, next)
|   0|0x00000007a0000000, 0x00000007a0100000, 0x00000007a0100000|100%|HS|  |TAMS 0x00000007a0100000, 0x00000007a0000000| Complete 
|   1|0x00000007a0100000, 0x00000007a0200000, 0x00000007a0200000|100%|HS|  |TAMS 0x00000007a0200000, 0x00000007a0100000| Complete 
|   2|0x00000007a0200000, 0x00000007a0300000, 0x00000007a0300000|100%|HC|  |TAMS 0x00000007a0300000, 0x00000007a0200000| Complete 
|   3|0x00000007a0300000, 0x00000007a0400000, 0x00000007a0400000|100%| O|  |TAMS 0x00000007a0400000, 0x00000007a0300000| Untracked 
|   4|0x00000007a0400000, 0x00000007a0500000, 0x00000007a0500000|100%| O|  |TAMS 0x00000007a0500000, 0x00000007a0400000| Untracked 
|   5|0x00000007a0500000, 0x00000007a0600000, 0x00000007a0600000|100%| O|  |TAMS 0x00000007a0600000, 0x00000007a0500000| Untracked 
|   6|0x00000007a0600000, 0x00000007a0700000, 0x00000007a0700000|100%| O|  |TAMS 0x00000007a0700000, 0x00000007a0600000| Untracked 
|   7|0x00000007a0700000, 0x00000007a0800000, 0x00000007a0800000|100%| O|  |TAMS 0x00000007a0800000, 0x00000007a0700000| Untracked 
|   8|0x00000007a0800000, 0x00000007a0900000, 0x00000007a0900000|100%| O|  |TAMS 0x00000007a0900000, 0x00000007a0800000| Untracked 
|   9|0x00000007a0900000, 0x00000007a0a00000, 0x00000007a0a00000|100%| O|  |TAMS 0x00000007a0a00000, 0x00000007a0900000| Untracked 
|  10|0x00000007a0a00000, 0x00000007a0b00000, 0x00000007a0b00000|100%| O|  |TAMS 0x00000007a0b00000, 0x00000007a0a00000| Untracked 
|  11|0x00000007a0b00000, 0x00000007a0c00000, 0x00000007a0c00000|100%| O|  |TAMS 0x00000007a0c00000, 0x00000007a0b00000| Untracked 
|  12|0x00000007a0c00000, 0x00000007a0d00000, 0x00000007a0d00000|100%| O|  |TAMS 0x00000007a0d00000, 0x00000007a0c00000| Untracked 
|  13|0x00000007a0d00000, 0x00000007a0e00000, 0x00000007a0e00000|100%| O|  |TAMS 0x00000007a0e00000, 0x00000007a0d00000| Untracked 
|  14|0x00000007a0e00000, 0x00000007a0f00000, 0x00000007a0f00000|100%| O|  |TAMS 0x00000007a0f00000, 0x00000007a0e00000| Untracked 
|  15|0x00000007a0f00000, 0x00000007a1000000, 0x00000007a1000000|100%|HS|  |TAMS 0x00000007a1000000, 0x00000007a0f00000| Complete 
|  16|0x00000007a1000000, 0x00000007a1100000, 0x00000007a1100000|100%|HC|  |TAMS 0x00000007a1100000, 0x00000007a1000000| Complete 
|  17|0x00000007a1100000, 0x00000007a1200000, 0x00000007a1200000|100%|HC|  |TAMS 0x00000007a1200000, 0x00000007a1100000| Complete 
|  18|0x00000007a1200000, 0x00000007a1300000, 0x00000007a1300000|100%|HS|  |TAMS 0x00000007a1300000, 0x00000007a1200000| Complete 
|  19|0x00000007a1300000, 0x00000007a1400000, 0x00000007a1400000|100%|HC|  |TAMS 0x00000007a1400000, 0x00000007a1300000| Complete 
|  20|0x00000007a1400000, 0x00000007a1500000, 0x00000007a1500000|100%| O|  |TAMS 0x00000007a1500000, 0x00000007a1400000| Untracked 
|  21|0x00000007a1500000, 0x00000007a1600000, 0x00000007a1600000|100%| O|  |TAMS 0x00000007a1600000, 0x00000007a1500000| Untracked 
|  22|0x00000007a1600000, 0x00000007a1700000, 0x00000007a1700000|100%| O|  |TAMS 0x00000007a1700000, 0x00000007a1600000| Untracked 
|  23|0x00000007a1700000, 0x00000007a1800000, 0x00000007a1800000|100%| O|  |TAMS 0x00000007a1800000, 0x00000007a1700000| Untracked 
|  24|0x00000007a1800000, 0x00000007a1900000, 0x00000007a1900000|100%| O|  |TAMS 0x00000007a1900000, 0x00000007a1800000| Untracked 
|  25|0x00000007a1900000, 0x00000007a1a00000, 0x00000007a1a00000|100%| O|  |TAMS 0x00000007a1a00000, 0x00000007a1900000| Untracked 
|  26|0x00000007a1a00000, 0x00000007a1b00000, 0x00000007a1b00000|100%| O|  |TAMS 0x00000007a1b00000, 0x00000007a1a00000| Untracked 
|  27|0x00000007a1b00000, 0x00000007a1c00000, 0x00000007a1c00000|100%| O|  |TAMS 0x00000007a1c00000, 0x00000007a1b00000| Untracked 
|  28|0x00000007a1c00000, 0x00000007a1d00000, 0x00000007a1d00000|100%| O|  |TAMS 0x00000007a1d00000, 0x00000007a1c00000| Untracked 
|  29|0x00000007a1d00000, 0x00000007a1e00000, 0x00000007a1e00000|100%| O|  |TAMS 0x00000007a1e00000, 0x00000007a1d00000| Untracked 
|  30|0x00000007a1e00000, 0x00000007a1f00000, 0x00000007a1f00000|100%| O|  |TAMS 0x00000007a1f00000, 0x00000007a1e00000| Untracked 
|  31|0x00000007a1f00000, 0x00000007a2000000, 0x00000007a2000000|100%| O|  |TAMS 0x00000007a2000000, 0x00000007a1f00000| Untracked 
|  32|0x00000007a2000000, 0x00000007a2100000, 0x00000007a2100000|100%| O|  |TAMS 0x00000007a2100000, 0x00000007a2000000| Untracked 
|  33|0x00000007a2100000, 0x00000007a2200000, 0x00000007a2200000|100%| O|  |TAMS 0x00000007a2200000, 0x00000007a2100000| Untracked 
|  34|0x00000007a2200000, 0x00000007a2200000, 0x00000007a2300000|  0%| F|  |TAMS 0x00000007a2200000, 0x00000007a2200000| Untracked 
|  35|0x00000007a2300000, 0x00000007a2400000, 0x00000007a2400000|100%| O|  |TAMS 0x00000007a2400000, 0x00000007a2300000| Untracked 
|  36|0x00000007a2400000, 0x00000007a2500000, 0x00000007a2500000|100%| O|  |TAMS 0x00000007a2500000, 0x00000007a2400000| Untracked 
|  37|0x00000007a2500000, 0x00000007a2600000, 0x00000007a2600000|100%| O|  |TAMS 0x00000007a2600000, 0x00000007a2500000| Untracked 
|  38|0x00000007a2600000, 0x00000007a2700000, 0x00000007a2700000|100%| O|  |TAMS 0x00000007a2700000, 0x00000007a2600000| Untracked 
|  39|0x00000007a2700000, 0x00000007a2800000, 0x00000007a2800000|100%| O|  |TAMS 0x00000007a2800000, 0x00000007a2700000| Untracked 
|  40|0x00000007a2800000, 0x00000007a2900000, 0x00000007a2900000|100%| O|  |TAMS 0x00000007a2900000, 0x00000007a2800000| Untracked 
|  41|0x00000007a2900000, 0x00000007a2a00000, 0x00000007a2a00000|100%| O|  |TAMS 0x00000007a2a00000, 0x00000007a2900000| Untracked 
|  42|0x00000007a2a00000, 0x00000007a2a4c000, 0x00000007a2b00000| 29%| O|  |TAMS 0x00000007a2a4c000, 0x00000007a2a00000| Untracked 
|  43|0x00000007a2b00000, 0x00000007a2b00000, 0x00000007a2c00000|  0%| F|  |TAMS 0x00000007a2b00000, 0x00000007a2b00000| Untracked 
|  44|0x00000007a2c00000, 0x00000007a2c00000, 0x00000007a2d00000|  0%| F|  |TAMS 0x00000007a2c00000, 0x00000007a2c00000| Untracked 
|  45|0x00000007a2d00000, 0x00000007a2d00000, 0x00000007a2e00000|  0%| F|  |TAMS 0x00000007a2d00000, 0x00000007a2d00000| Untracked 
|  46|0x00000007a2e00000, 0x00000007a2e00000, 0x00000007a2f00000|  0%| F|  |TAMS 0x00000007a2e00000, 0x00000007a2e00000| Untracked 
|  47|0x00000007a2f00000, 0x00000007a2f00000, 0x00000007a3000000|  0%| F|  |TAMS 0x00000007a2f00000, 0x00000007a2f00000| Untracked 
|  48|0x00000007a3000000, 0x00000007a3000000, 0x00000007a3100000|  0%| F|  |TAMS 0x00000007a3000000, 0x00000007a3000000| Untracked 
|  49|0x00000007a3100000, 0x00000007a3100000, 0x00000007a3200000|  0%| F|  |TAMS 0x00000007a3100000, 0x00000007a3100000| Untracked 
|  50|0x00000007a3200000, 0x00000007a3200000, 0x00000007a3300000|  0%| F|  |TAMS 0x00000007a3200000, 0x00000007a3200000| Untracked 
|  51|0x00000007a3300000, 0x00000007a3300000, 0x00000007a3400000|  0%| F|  |TAMS 0x00000007a3300000, 0x00000007a3300000| Untracked 
|  52|0x00000007a3400000, 0x00000007a3400000, 0x00000007a3500000|  0%| F|  |TAMS 0x00000007a3400000, 0x00000007a3400000| Untracked 
|  53|0x00000007a3500000, 0x00000007a3500000, 0x00000007a3600000|  0%| F|  |TAMS 0x00000007a3500000, 0x00000007a3500000| Untracked 
|  54|0x00000007a3600000, 0x00000007a3600000, 0x00000007a3700000|  0%| F|  |TAMS 0x00000007a3600000, 0x00000007a3600000| Untracked 
|  55|0x00000007a3700000, 0x00000007a3700000, 0x00000007a3800000|  0%| F|  |TAMS 0x00000007a3700000, 0x00000007a3700000| Untracked 
|  56|0x00000007a3800000, 0x00000007a3800000, 0x00000007a3900000|  0%| F|  |TAMS 0x00000007a3800000, 0x00000007a3800000| Untracked 
|  57|0x00000007a3900000, 0x00000007a3900000, 0x00000007a3a00000|  0%| F|  |TAMS 0x00000007a3900000, 0x00000007a3900000| Untracked 
|  58|0x00000007a3a00000, 0x00000007a3a00000, 0x00000007a3b00000|  0%| F|  |TAMS 0x00000007a3a00000, 0x00000007a3a00000| Untracked 
|  59|0x00000007a3b00000, 0x00000007a3b00000, 0x00000007a3c00000|  0%| F|  |TAMS 0x00000007a3b00000, 0x00000007a3b00000| Untracked 
|  60|0x00000007a3c00000, 0x00000007a3c00000, 0x00000007a3d00000|  0%| F|  |TAMS 0x00000007a3c00000, 0x00000007a3c00000| Untracked 
|  61|0x00000007a3d00000, 0x00000007a3d00000, 0x00000007a3e00000|  0%| F|  |TAMS 0x00000007a3d00000, 0x00000007a3d00000| Untracked 
|  62|0x00000007a3e00000, 0x00000007a3e00000, 0x00000007a3f00000|  0%| F|  |TAMS 0x00000007a3e00000, 0x00000007a3e00000| Untracked 
|  63|0x00000007a3f00000, 0x00000007a3f00000, 0x00000007a4000000|  0%| F|  |TAMS 0x00000007a3f00000, 0x00000007a3f00000| Untracked 
|  64|0x00000007a4000000, 0x00000007a4000000, 0x00000007a4100000|  0%| F|  |TAMS 0x00000007a4000000, 0x00000007a4000000| Untracked 
|  65|0x00000007a4100000, 0x00000007a4100000, 0x00000007a4200000|  0%| F|  |TAMS 0x00000007a4100000, 0x00000007a4100000| Untracked 
|  66|0x00000007a4200000, 0x00000007a4200000, 0x00000007a4300000|  0%| F|  |TAMS 0x00000007a4200000, 0x00000007a4200000| Untracked 
|  67|0x00000007a4300000, 0x00000007a4300000, 0x00000007a4400000|  0%| F|  |TAMS 0x00000007a4300000, 0x00000007a4300000| Untracked 
|  68|0x00000007a4400000, 0x00000007a4400000, 0x00000007a4500000|  0%| F|  |TAMS 0x00000007a4400000, 0x00000007a4400000| Untracked 
|  69|0x00000007a4500000, 0x00000007a4500000, 0x00000007a4600000|  0%| F|  |TAMS 0x00000007a4500000, 0x00000007a4500000| Untracked 
|  70|0x00000007a4600000, 0x00000007a4600000, 0x00000007a4700000|  0%| F|  |TAMS 0x00000007a4600000, 0x00000007a4600000| Untracked 
|  71|0x00000007a4700000, 0x00000007a4700000, 0x00000007a4800000|  0%| F|  |TAMS 0x00000007a4700000, 0x00000007a4700000| Untracked 
|  72|0x00000007a4800000, 0x00000007a4800000, 0x00000007a4900000|  0%| F|  |TAMS 0x00000007a4800000, 0x00000007a4800000| Untracked 
|  73|0x00000007a4900000, 0x00000007a4900000, 0x00000007a4a00000|  0%| F|  |TAMS 0x00000007a4900000, 0x00000007a4900000| Untracked 
|  74|0x00000007a4a00000, 0x00000007a4a00000, 0x00000007a4b00000|  0%| F|  |TAMS 0x00000007a4a00000, 0x00000007a4a00000| Untracked 
|  75|0x00000007a4b00000, 0x00000007a4b00000, 0x00000007a4c00000|  0%| F|  |TAMS 0x00000007a4b00000, 0x00000007a4b00000| Untracked 
|  76|0x00000007a4c00000, 0x00000007a4c00000, 0x00000007a4d00000|  0%| F|  |TAMS 0x00000007a4c00000, 0x00000007a4c00000| Untracked 
|  77|0x00000007a4d00000, 0x00000007a4d00000, 0x00000007a4e00000|  0%| F|  |TAMS 0x00000007a4d00000, 0x00000007a4d00000| Untracked 
|  78|0x00000007a4e00000, 0x00000007a4e00000, 0x00000007a4f00000|  0%| F|  |TAMS 0x00000007a4e00000, 0x00000007a4e00000| Untracked 
|  79|0x00000007a4f00000, 0x00000007a4f00000, 0x00000007a5000000|  0%| F|  |TAMS 0x00000007a4f00000, 0x00000007a4f00000| Untracked 
|  80|0x00000007a5000000, 0x00000007a5000000, 0x00000007a5100000|  0%| F|  |TAMS 0x00000007a5000000, 0x00000007a5000000| Untracked 
|  81|0x00000007a5100000, 0x00000007a5100000, 0x00000007a5200000|  0%| F|  |TAMS 0x00000007a5100000, 0x00000007a5100000| Untracked 
|  82|0x00000007a5200000, 0x00000007a5200000, 0x00000007a5300000|  0%| F|  |TAMS 0x00000007a5200000, 0x00000007a5200000| Untracked 
|  83|0x00000007a5300000, 0x00000007a5300000, 0x00000007a5400000|  0%| F|  |TAMS 0x00000007a5300000, 0x00000007a5300000| Untracked 
|  84|0x00000007a5400000, 0x00000007a5400000, 0x00000007a5500000|  0%| F|  |TAMS 0x00000007a5400000, 0x00000007a5400000| Untracked 
|  85|0x00000007a5500000, 0x00000007a5500000, 0x00000007a5600000|  0%| F|  |TAMS 0x00000007a5500000, 0x00000007a5500000| Untracked 
|  86|0x00000007a5600000, 0x00000007a564a060, 0x00000007a5700000| 28%| S|CS|TAMS 0x00000007a5600000, 0x00000007a5600000| Complete 
|  87|0x00000007a5700000, 0x00000007a5800000, 0x00000007a5800000|100%| S|CS|TAMS 0x00000007a5700000, 0x00000007a5700000| Complete 
|  88|0x00000007a5800000, 0x00000007a5900000, 0x00000007a5900000|100%| S|CS|TAMS 0x00000007a5800000, 0x00000007a5800000| Complete 
|  89|0x00000007a5900000, 0x00000007a5a00000, 0x00000007a5a00000|100%| S|CS|TAMS 0x00000007a5900000, 0x00000007a5900000| Complete 
|  90|0x00000007a5a00000, 0x00000007a5b00000, 0x00000007a5b00000|100%| S|CS|TAMS 0x00000007a5a00000, 0x00000007a5a00000| Complete 
|  91|0x00000007a5b00000, 0x00000007a5c00000, 0x00000007a5c00000|100%| S|CS|TAMS 0x00000007a5b00000, 0x00000007a5b00000| Complete 
|  92|0x00000007a5c00000, 0x00000007a5d00000, 0x00000007a5d00000|100%| S|CS|TAMS 0x00000007a5c00000, 0x00000007a5c00000| Complete 
|  93|0x00000007a5d00000, 0x00000007a5e00000, 0x00000007a5e00000|100%| S|CS|TAMS 0x00000007a5d00000, 0x00000007a5d00000| Complete 
|  94|0x00000007a5e00000, 0x00000007a5f00000, 0x00000007a5f00000|100%| S|CS|TAMS 0x00000007a5e00000, 0x00000007a5e00000| Complete 
|  95|0x00000007a5f00000, 0x00000007a6000000, 0x00000007a6000000|100%| S|CS|TAMS 0x00000007a5f00000, 0x00000007a5f00000| Complete 
|  96|0x00000007a6000000, 0x00000007a6100000, 0x00000007a6100000|100%| S|CS|TAMS 0x00000007a6000000, 0x00000007a6000000| Complete 
|  97|0x00000007a6100000, 0x00000007a6200000, 0x00000007a6200000|100%| S|CS|TAMS 0x00000007a6100000, 0x00000007a6100000| Complete 
|  98|0x00000007a6200000, 0x00000007a6200000, 0x00000007a6300000|  0%| F|  |TAMS 0x00000007a6200000, 0x00000007a6200000| Untracked 
|  99|0x00000007a6300000, 0x00000007a6300000, 0x00000007a6400000|  0%| F|  |TAMS 0x00000007a6300000, 0x00000007a6300000| Untracked 
| 100|0x00000007a6400000, 0x00000007a6400000, 0x00000007a6500000|  0%| F|  |TAMS 0x00000007a6400000, 0x00000007a6400000| Untracked 
| 101|0x00000007a6500000, 0x00000007a6500000, 0x00000007a6600000|  0%| F|  |TAMS 0x00000007a6500000, 0x00000007a6500000| Untracked 
| 102|0x00000007a6600000, 0x00000007a6600000, 0x00000007a6700000|  0%| F|  |TAMS 0x00000007a6600000, 0x00000007a6600000| Untracked 
| 103|0x00000007a6700000, 0x00000007a6700000, 0x00000007a6800000|  0%| F|  |TAMS 0x00000007a6700000, 0x00000007a6700000| Untracked 
| 104|0x00000007a6800000, 0x00000007a6800000, 0x00000007a6900000|  0%| F|  |TAMS 0x00000007a6800000, 0x00000007a6800000| Untracked 
| 105|0x00000007a6900000, 0x00000007a6900000, 0x00000007a6a00000|  0%| F|  |TAMS 0x00000007a6900000, 0x00000007a6900000| Untracked 
| 106|0x00000007a6a00000, 0x00000007a6a00000, 0x00000007a6b00000|  0%| F|  |TAMS 0x00000007a6a00000, 0x00000007a6a00000| Untracked 
| 107|0x00000007a6b00000, 0x00000007a6b00000, 0x00000007a6c00000|  0%| F|  |TAMS 0x00000007a6b00000, 0x00000007a6b00000| Untracked 
| 108|0x00000007a6c00000, 0x00000007a6c00000, 0x00000007a6d00000|  0%| F|  |TAMS 0x00000007a6c00000, 0x00000007a6c00000| Untracked 
| 109|0x00000007a6d00000, 0x00000007a6d00000, 0x00000007a6e00000|  0%| F|  |TAMS 0x00000007a6d00000, 0x00000007a6d00000| Untracked 
| 110|0x00000007a6e00000, 0x00000007a6e00000, 0x00000007a6f00000|  0%| F|  |TAMS 0x00000007a6e00000, 0x00000007a6e00000| Untracked 
| 111|0x00000007a6f00000, 0x00000007a6f00000, 0x00000007a7000000|  0%| F|  |TAMS 0x00000007a6f00000, 0x00000007a6f00000| Untracked 
| 112|0x00000007a7000000, 0x00000007a7000000, 0x00000007a7100000|  0%| F|  |TAMS 0x00000007a7000000, 0x00000007a7000000| Untracked 
| 113|0x00000007a7100000, 0x00000007a7100000, 0x00000007a7200000|  0%| F|  |TAMS 0x00000007a7100000, 0x00000007a7100000| Untracked 
| 114|0x00000007a7200000, 0x00000007a7200000, 0x00000007a7300000|  0%| F|  |TAMS 0x00000007a7200000, 0x00000007a7200000| Untracked 
| 115|0x00000007a7300000, 0x00000007a7300000, 0x00000007a7400000|  0%| F|  |TAMS 0x00000007a7300000, 0x00000007a7300000| Untracked 
| 116|0x00000007a7400000, 0x00000007a7400000, 0x00000007a7500000|  0%| F|  |TAMS 0x00000007a7400000, 0x00000007a7400000| Untracked 
| 117|0x00000007a7500000, 0x00000007a7500000, 0x00000007a7600000|  0%| F|  |TAMS 0x00000007a7500000, 0x00000007a7500000| Untracked 
| 118|0x00000007a7600000, 0x00000007a7600000, 0x00000007a7700000|  0%| F|  |TAMS 0x00000007a7600000, 0x00000007a7600000| Untracked 
| 119|0x00000007a7700000, 0x00000007a7700000, 0x00000007a7800000|  0%| F|  |TAMS 0x00000007a7700000, 0x00000007a7700000| Untracked 
| 120|0x00000007a7800000, 0x00000007a7800000, 0x00000007a7900000|  0%| F|  |TAMS 0x00000007a7800000, 0x00000007a7800000| Untracked 
| 121|0x00000007a7900000, 0x00000007a7900000, 0x00000007a7a00000|  0%| F|  |TAMS 0x00000007a7900000, 0x00000007a7900000| Untracked 
| 122|0x00000007a7a00000, 0x00000007a7a00000, 0x00000007a7b00000|  0%| F|  |TAMS 0x00000007a7a00000, 0x00000007a7a00000| Untracked 
| 123|0x00000007a7b00000, 0x00000007a7b00000, 0x00000007a7c00000|  0%| F|  |TAMS 0x00000007a7b00000, 0x00000007a7b00000| Untracked 
| 124|0x00000007a7c00000, 0x00000007a7c00000, 0x00000007a7d00000|  0%| F|  |TAMS 0x00000007a7c00000, 0x00000007a7c00000| Untracked 
| 125|0x00000007a7d00000, 0x00000007a7d00000, 0x00000007a7e00000|  0%| F|  |TAMS 0x00000007a7d00000, 0x00000007a7d00000| Untracked 
| 126|0x00000007a7e00000, 0x00000007a7e00000, 0x00000007a7f00000|  0%| F|  |TAMS 0x00000007a7e00000, 0x00000007a7e00000| Untracked 
| 127|0x00000007a7f00000, 0x00000007a7f00000, 0x00000007a8000000|  0%| F|  |TAMS 0x00000007a7f00000, 0x00000007a7f00000| Untracked 
| 128|0x00000007a8000000, 0x00000007a8000000, 0x00000007a8100000|  0%| F|  |TAMS 0x00000007a8000000, 0x00000007a8000000| Untracked 
| 129|0x00000007a8100000, 0x00000007a8100000, 0x00000007a8200000|  0%| F|  |TAMS 0x00000007a8100000, 0x00000007a8100000| Untracked 
| 130|0x00000007a8200000, 0x00000007a8200000, 0x00000007a8300000|  0%| F|  |TAMS 0x00000007a8200000, 0x00000007a8200000| Untracked 
| 131|0x00000007a8300000, 0x00000007a8300000, 0x00000007a8400000|  0%| F|  |TAMS 0x00000007a8300000, 0x00000007a8300000| Untracked 
| 132|0x00000007a8400000, 0x00000007a8400000, 0x00000007a8500000|  0%| F|  |TAMS 0x00000007a8400000, 0x00000007a8400000| Untracked 
| 133|0x00000007a8500000, 0x00000007a8500000, 0x00000007a8600000|  0%| F|  |TAMS 0x00000007a8500000, 0x00000007a8500000| Untracked 
| 134|0x00000007a8600000, 0x00000007a8600000, 0x00000007a8700000|  0%| F|  |TAMS 0x00000007a8600000, 0x00000007a8600000| Untracked 
| 135|0x00000007a8700000, 0x00000007a8700000, 0x00000007a8800000|  0%| F|  |TAMS 0x00000007a8700000, 0x00000007a8700000| Untracked 
| 136|0x00000007a8800000, 0x00000007a8800000, 0x00000007a8900000|  0%| F|  |TAMS 0x00000007a8800000, 0x00000007a8800000| Untracked 
| 137|0x00000007a8900000, 0x00000007a8900000, 0x00000007a8a00000|  0%| F|  |TAMS 0x00000007a8900000, 0x00000007a8900000| Untracked 
| 138|0x00000007a8a00000, 0x00000007a8a00000, 0x00000007a8b00000|  0%| F|  |TAMS 0x00000007a8a00000, 0x00000007a8a00000| Untracked 
| 139|0x00000007a8b00000, 0x00000007a8b00000, 0x00000007a8c00000|  0%| F|  |TAMS 0x00000007a8b00000, 0x00000007a8b00000| Untracked 
| 140|0x00000007a8c00000, 0x00000007a8c00000, 0x00000007a8d00000|  0%| F|  |TAMS 0x00000007a8c00000, 0x00000007a8c00000| Untracked 
| 141|0x00000007a8d00000, 0x00000007a8d00000, 0x00000007a8e00000|  0%| F|  |TAMS 0x00000007a8d00000, 0x00000007a8d00000| Untracked 
| 142|0x00000007a8e00000, 0x00000007a8e00000, 0x00000007a8f00000|  0%| F|  |TAMS 0x00000007a8e00000, 0x00000007a8e00000| Untracked 
| 143|0x00000007a8f00000, 0x00000007a8f00000, 0x00000007a9000000|  0%| F|  |TAMS 0x00000007a8f00000, 0x00000007a8f00000| Untracked 
| 144|0x00000007a9000000, 0x00000007a9082010, 0x00000007a9100000| 50%| E|  |TAMS 0x00000007a9000000, 0x00000007a9000000| Complete 
| 145|0x00000007a9100000, 0x00000007a9200000, 0x00000007a9200000|100%| E|CS|TAMS 0x00000007a9100000, 0x00000007a9100000| Complete 
| 146|0x00000007a9200000, 0x00000007a9300000, 0x00000007a9300000|100%| E|CS|TAMS 0x00000007a9200000, 0x00000007a9200000| Complete 
| 147|0x00000007a9300000, 0x00000007a9400000, 0x00000007a9400000|100%| E|CS|TAMS 0x00000007a9300000, 0x00000007a9300000| Complete 
| 148|0x00000007a9400000, 0x00000007a9500000, 0x00000007a9500000|100%| E|CS|TAMS 0x00000007a9400000, 0x00000007a9400000| Complete 
| 149|0x00000007a9500000, 0x00000007a9600000, 0x00000007a9600000|100%| E|CS|TAMS 0x00000007a9500000, 0x00000007a9500000| Complete 
| 150|0x00000007a9600000, 0x00000007a9700000, 0x00000007a9700000|100%| E|CS|TAMS 0x00000007a9600000, 0x00000007a9600000| Complete 
| 151|0x00000007a9700000, 0x00000007a9800000, 0x00000007a9800000|100%| E|CS|TAMS 0x00000007a9700000, 0x00000007a9700000| Complete 
| 152|0x00000007a9800000, 0x00000007a9900000, 0x00000007a9900000|100%| E|CS|TAMS 0x00000007a9800000, 0x00000007a9800000| Complete 
| 153|0x00000007a9900000, 0x00000007a9a00000, 0x00000007a9a00000|100%| E|CS|TAMS 0x00000007a9900000, 0x00000007a9900000| Complete 
| 154|0x00000007a9a00000, 0x00000007a9b00000, 0x00000007a9b00000|100%| E|CS|TAMS 0x00000007a9a00000, 0x00000007a9a00000| Complete 
| 155|0x00000007a9b00000, 0x00000007a9c00000, 0x00000007a9c00000|100%| E|CS|TAMS 0x00000007a9b00000, 0x00000007a9b00000| Complete 
| 156|0x00000007a9c00000, 0x00000007a9d00000, 0x00000007a9d00000|100%| E|CS|TAMS 0x00000007a9c00000, 0x00000007a9c00000| Complete 
| 157|0x00000007a9d00000, 0x00000007a9e00000, 0x00000007a9e00000|100%| E|CS|TAMS 0x00000007a9d00000, 0x00000007a9d00000| Complete 
| 158|0x00000007a9e00000, 0x00000007a9f00000, 0x00000007a9f00000|100%| E|CS|TAMS 0x00000007a9e00000, 0x00000007a9e00000| Complete 
| 159|0x00000007a9f00000, 0x00000007aa000000, 0x00000007aa000000|100%| E|CS|TAMS 0x00000007a9f00000, 0x00000007a9f00000| Complete 
| 160|0x00000007aa000000, 0x00000007aa100000, 0x00000007aa100000|100%| E|CS|TAMS 0x00000007aa000000, 0x00000007aa000000| Complete 
| 161|0x00000007aa100000, 0x00000007aa200000, 0x00000007aa200000|100%| E|CS|TAMS 0x00000007aa100000, 0x00000007aa100000| Complete 
| 162|0x00000007aa200000, 0x00000007aa300000, 0x00000007aa300000|100%| E|CS|TAMS 0x00000007aa200000, 0x00000007aa200000| Complete 
| 163|0x00000007aa300000, 0x00000007aa400000, 0x00000007aa400000|100%| E|CS|TAMS 0x00000007aa300000, 0x00000007aa300000| Complete 
| 164|0x00000007aa400000, 0x00000007aa500000, 0x00000007aa500000|100%| E|CS|TAMS 0x00000007aa400000, 0x00000007aa400000| Complete 
| 165|0x00000007aa500000, 0x00000007aa600000, 0x00000007aa600000|100%| E|CS|TAMS 0x00000007aa500000, 0x00000007aa500000| Complete 
| 166|0x00000007aa600000, 0x00000007aa700000, 0x00000007aa700000|100%| E|CS|TAMS 0x00000007aa600000, 0x00000007aa600000| Complete 
| 167|0x00000007aa700000, 0x00000007aa800000, 0x00000007aa800000|100%| E|CS|TAMS 0x00000007aa700000, 0x00000007aa700000| Complete 
| 168|0x00000007aa800000, 0x00000007aa900000, 0x00000007aa900000|100%| E|CS|TAMS 0x00000007aa800000, 0x00000007aa800000| Complete 
| 169|0x00000007aa900000, 0x00000007aaa00000, 0x00000007aaa00000|100%| E|CS|TAMS 0x00000007aa900000, 0x00000007aa900000| Complete 
| 170|0x00000007aaa00000, 0x00000007aab00000, 0x00000007aab00000|100%| E|CS|TAMS 0x00000007aaa00000, 0x00000007aaa00000| Complete 
| 171|0x00000007aab00000, 0x00000007aac00000, 0x00000007aac00000|100%| E|CS|TAMS 0x00000007aab00000, 0x00000007aab00000| Complete 
| 172|0x00000007aac00000, 0x00000007aad00000, 0x00000007aad00000|100%| E|CS|TAMS 0x00000007aac00000, 0x00000007aac00000| Complete 
| 173|0x00000007aad00000, 0x00000007aae00000, 0x00000007aae00000|100%| E|CS|TAMS 0x00000007aad00000, 0x00000007aad00000| Complete 
| 174|0x00000007aae00000, 0x00000007aaf00000, 0x00000007aaf00000|100%| E|CS|TAMS 0x00000007aae00000, 0x00000007aae00000| Complete 
| 175|0x00000007aaf00000, 0x00000007ab000000, 0x00000007ab000000|100%| E|CS|TAMS 0x00000007aaf00000, 0x00000007aaf00000| Complete 
| 176|0x00000007ab000000, 0x00000007ab100000, 0x00000007ab100000|100%| E|CS|TAMS 0x00000007ab000000, 0x00000007ab000000| Complete 
| 177|0x00000007ab100000, 0x00000007ab200000, 0x00000007ab200000|100%| E|CS|TAMS 0x00000007ab100000, 0x00000007ab100000| Complete 
| 178|0x00000007ab200000, 0x00000007ab300000, 0x00000007ab300000|100%| E|CS|TAMS 0x00000007ab200000, 0x00000007ab200000| Complete 
| 179|0x00000007ab300000, 0x00000007ab400000, 0x00000007ab400000|100%| E|CS|TAMS 0x00000007ab300000, 0x00000007ab300000| Complete 
| 180|0x00000007ab400000, 0x00000007ab500000, 0x00000007ab500000|100%| E|CS|TAMS 0x00000007ab400000, 0x00000007ab400000| Complete 
| 181|0x00000007ab500000, 0x00000007ab600000, 0x00000007ab600000|100%| E|CS|TAMS 0x00000007ab500000, 0x00000007ab500000| Complete 
| 182|0x00000007ab600000, 0x00000007ab700000, 0x00000007ab700000|100%| E|CS|TAMS 0x00000007ab600000, 0x00000007ab600000| Complete 
| 183|0x00000007ab700000, 0x00000007ab800000, 0x00000007ab800000|100%| E|CS|TAMS 0x00000007ab700000, 0x00000007ab700000| Complete 
| 184|0x00000007ab800000, 0x00000007ab900000, 0x00000007ab900000|100%| E|CS|TAMS 0x00000007ab800000, 0x00000007ab800000| Complete 
| 185|0x00000007ab900000, 0x00000007aba00000, 0x00000007aba00000|100%| E|CS|TAMS 0x00000007ab900000, 0x00000007ab900000| Complete 
| 186|0x00000007aba00000, 0x00000007abb00000, 0x00000007abb00000|100%| E|CS|TAMS 0x00000007aba00000, 0x00000007aba00000| Complete 
| 187|0x00000007abb00000, 0x00000007abc00000, 0x00000007abc00000|100%| E|CS|TAMS 0x00000007abb00000, 0x00000007abb00000| Complete 
| 188|0x00000007abc00000, 0x00000007abd00000, 0x00000007abd00000|100%| E|CS|TAMS 0x00000007abc00000, 0x00000007abc00000| Complete 
| 189|0x00000007abd00000, 0x00000007abe00000, 0x00000007abe00000|100%| E|CS|TAMS 0x00000007abd00000, 0x00000007abd00000| Complete 
| 190|0x00000007abe00000, 0x00000007abf00000, 0x00000007abf00000|100%| E|CS|TAMS 0x00000007abe00000, 0x00000007abe00000| Complete 
| 191|0x00000007abf00000, 0x00000007ac000000, 0x00000007ac000000|100%| E|CS|TAMS 0x00000007abf00000, 0x00000007abf00000| Complete 

Card table byte_map: [0x0000000119b3b000,0x0000000119e3b000] _byte_map_base: 0x0000000115e3b000

Marking Bits (Prev, Next): (CMBitMap*) 0x00007fa403828e18, (CMBitMap*) 0x00007fa403828e50
 Prev Bits: [0x000000011a13b000, 0x000000011b93b000)
 Next Bits: [0x000000011b93b000, 0x000000011d13b000)

Polling page: 0x000000010096c000

Metaspace:

Usage:
  Non-class:     60.77 MB capacity,    59.76 MB ( 98%) used,   897.77 KB (  1%) free+waste,   136.62 KB ( <1%) overhead. 
      Class:      9.40 MB capacity,     8.88 MB ( 94%) used,   465.73 KB (  5%) free+waste,    63.88 KB ( <1%) overhead. 
       Both:     70.17 MB capacity,    68.64 MB ( 98%) used,     1.33 MB (  2%) free+waste,   200.50 KB ( <1%) overhead. 

Virtual space:
  Non-class space:       62.00 MB reserved,      61.00 MB ( 98%) committed 
      Class space:        1.00 GB reserved,       9.50 MB ( <1%) committed 
             Both:        1.06 GB reserved,      70.50 MB (  6%) committed 

Chunk freelists:
   Non-Class:  13.62 KB
       Class:  1.25 KB
        Both:  14.88 KB

CodeHeap 'non-profiled nmethods': size=120032Kb used=3199Kb max_used=3199Kb free=116832Kb
 bounds [0x0000000111d2d000, 0x000000011204d000, 0x0000000119265000]
CodeHeap 'profiled nmethods': size=120032Kb used=13711Kb max_used=13711Kb free=106320Kb
 bounds [0x000000010a7f5000, 0x000000010b565000, 0x0000000111d2d000]
CodeHeap 'non-nmethods': size=5696Kb used=2247Kb max_used=2282Kb free=3448Kb
 bounds [0x000000010a265000, 0x000000010a4d5000, 0x000000010a7f5000]
 total_blobs=8481 nmethods=6203 adapters=747
 compilation: enabled
              stopped_count=0, restarted_count=0
 full_count=0

Compilation events (10 events):
Event: 9.621 Thread 0x00007fa404024800 nmethod 6345 0x000000010b540590 code [0x000000010b540740, 0x000000010b5408f0]
Event: 9.621 Thread 0x00007fa404024800 6351       1       org.gradle.api.internal.tasks.properties.AbstractPropertyNode::getTypeMetadata (5 bytes)
Event: 9.621 Thread 0x00007fa404024800 nmethod 6351 0x000000011204a210 code [0x000000011204a3c0, 0x000000011204a4d0]
Event: 9.621 Thread 0x00007fa404024800 6352       1       org.gradle.api.internal.tasks.properties.DefaultPropertyMetadataStore$DefaultTypeMetadata::getPropertiesMetadata (5 bytes)
Event: 9.621 Thread 0x00007fa404024800 nmethod 6352 0x000000011204a590 code [0x000000011204a740, 0x000000011204a850]
Event: 9.621 Thread 0x00007fa404024800 6354       2       org.gradle.api.internal.file.CompositeFileCollection::visitDependencies (15 bytes)
Event: 9.621 Thread 0x00007fa404024800 nmethod 6354 0x000000010b540990 code [0x000000010b540b60, 0x000000010b540da8]
Event: 9.621 Thread 0x00007fa404024800 6353       1       org.gradle.execution.plan.Node::getDependenciesProcessed (5 bytes)
Event: 9.621 Thread 0x00007fa404024800 nmethod 6353 0x000000011204a910 code [0x000000011204aac0, 0x000000011204abd0]
Event: 9.621 Thread 0x00007fa404024800 6355       2       org.gradle.api.internal.tasks.TaskMutator::mutate (33 bytes)

GC Heap History (10 events):
Event: 3.618 GC heap before
{Heap before GC invocations=6 (full 0):
 garbage-first heap   total 163840K, used 55887K [0x00000007a0000000, 0x0000000800000000)
  region size 1024K, 44 young (45056K), 6 survivors (6144K)
 Metaspace       used 34757K, capacity 35259K, committed 35840K, reserved 1081344K
  class space    used 4361K, capacity 4556K, committed 4608K, reserved 1048576K
}
Event: 3.628 GC heap after
{Heap after GC invocations=7 (full 0):
 garbage-first heap   total 163840K, used 20913K [0x00000007a0000000, 0x0000000800000000)
  region size 1024K, 6 young (6144K), 6 survivors (6144K)
 Metaspace       used 34757K, capacity 35259K, committed 35840K, reserved 1081344K
  class space    used 4361K, capacity 4556K, committed 4608K, reserved 1048576K
}
Event: 4.573 GC heap before
{Heap before GC invocations=8 (full 0):
 garbage-first heap   total 163840K, used 99761K [0x00000007a0000000, 0x0000000800000000)
  region size 1024K, 79 young (80896K), 6 survivors (6144K)
 Metaspace       used 39755K, capacity 40485K, committed 41216K, reserved 1085440K
  class space    used 5099K, capacity 5334K, committed 5376K, reserved 1048576K
}
Event: 4.585 GC heap after
{Heap after GC invocations=9 (full 0):
 garbage-first heap   total 163840K, used 34495K [0x00000007a0000000, 0x0000000800000000)
  region size 1024K, 10 young (10240K), 10 survivors (10240K)
 Metaspace       used 39755K, capacity 40485K, committed 41216K, reserved 1085440K
  class space    used 5099K, capacity 5334K, committed 5376K, reserved 1048576K
}
Event: 6.225 GC heap before
{Heap before GC invocations=9 (full 0):
 garbage-first heap   total 163840K, used 112319K [0x00000007a0000000, 0x0000000800000000)
  region size 1024K, 87 young (89088K), 10 survivors (10240K)
 Metaspace       used 49132K, capacity 50033K, committed 50688K, reserved 1093632K
  class space    used 6251K, capacity 6558K, committed 6656K, reserved 1048576K
}
Event: 6.242 GC heap after
{Heap after GC invocations=10 (full 0):
 garbage-first heap   total 196608K, used 42534K [0x00000007a0000000, 0x0000000800000000)
  region size 1024K, 8 young (8192K), 8 survivors (8192K)
 Metaspace       used 49132K, capacity 50033K, committed 50688K, reserved 1093632K
  class space    used 6251K, capacity 6558K, committed 6656K, reserved 1048576K
}
Event: 7.598 GC heap before
{Heap before GC invocations=10 (full 0):
 garbage-first heap   total 196608K, used 124454K [0x00000007a0000000, 0x0000000800000000)
  region size 1024K, 88 young (90112K), 8 survivors (8192K)
 Metaspace       used 58437K, capacity 59600K, committed 60160K, reserved 1101824K
  class space    used 7468K, capacity 7884K, committed 7936K, reserved 1048576K
}
Event: 7.621 GC heap after
{Heap after GC invocations=11 (full 0):
 garbage-first heap   total 196608K, used 48432K [0x00000007a0000000, 0x0000000800000000)
  region size 1024K, 6 young (6144K), 6 survivors (6144K)
 Metaspace       used 58437K, capacity 59600K, committed 60160K, reserved 1101824K
  class space    used 7468K, capacity 7884K, committed 7936K, reserved 1048576K
}
Event: 8.865 GC heap before
{Heap before GC invocations=12 (full 0):
 garbage-first heap   total 196608K, used 138544K [0x00000007a0000000, 0x0000000800000000)
  region size 1024K, 94 young (96256K), 6 survivors (6144K)
 Metaspace       used 66570K, capacity 67978K, committed 68480K, reserved 1107968K
  class space    used 8577K, capacity 9070K, committed 9088K, reserved 1048576K
}
Event: 8.881 GC heap after
{Heap after GC invocations=13 (full 0):
 garbage-first heap   total 196608K, used 53848K [0x00000007a0000000, 0x0000000800000000)
  region size 1024K, 12 young (12288K), 12 survivors (12288K)
 Metaspace       used 66570K, capacity 67978K, committed 68480K, reserved 1107968K
  class space    used 8577K, capacity 9070K, committed 9088K, reserved 1048576K
}

Deoptimization events (10 events):
Event: 8.982 Thread 0x00007fa40506a800 Uncommon trap: reason=class_check action=maybe_recompile pc=0x0000000111e00200 method=java.lang.Throwable.<init>(Ljava/lang/String;Ljava/lang/Throwable;)V @ 24 c2
Event: 9.059 Thread 0x00007fa40506a800 Uncommon trap: reason=unstable_if action=reinterpret pc=0x0000000111e5fd28 method=java.io.UnixFileSystem.normalize(Ljava/lang/String;)Ljava/lang/String; @ 34 c2
Event: 9.091 Thread 0x00007fa40506a800 Uncommon trap: reason=speculate_class_check action=maybe_recompile pc=0x0000000111ffa65c method=jdk.internal.loader.Resource.getBytes()[B @ 10 c2
Event: 9.136 Thread 0x00007fa40506a800 Uncommon trap: reason=speculate_class_check action=maybe_recompile pc=0x0000000111ffa65c method=jdk.internal.loader.Resource.getBytes()[B @ 10 c2
Event: 9.145 Thread 0x00007fa40506a800 Uncommon trap: reason=speculate_class_check action=maybe_recompile pc=0x0000000111ffa65c method=jdk.internal.loader.Resource.getBytes()[B @ 10 c2
Event: 9.146 Thread 0x00007fa40506a800 Uncommon trap: reason=speculate_class_check action=maybe_recompile pc=0x0000000111ffa65c method=jdk.internal.loader.Resource.getBytes()[B @ 10 c2
Event: 9.254 Thread 0x00007fa40506a800 Uncommon trap: reason=bimorphic_or_optimized_type_check action=maybe_recompile pc=0x000000011202d448 method=groovy.lang.MetaClassImpl.filterPropertyMethod(Ljava/lang/Object;ZZ)Ljava/lang/Object; @ 165 c2
Event: 9.255 Thread 0x00007fa40506a800 Uncommon trap: reason=unstable_if action=reinterpret pc=0x0000000111f8a454 method=groovy.lang.MetaClassImpl.checkIfStdMethod(Lgroovy/lang/MetaMethod;)V @ 167 c2
Event: 9.341 Thread 0x00007fa40506a800 Uncommon trap: reason=bimorphic_or_optimized_type_check action=maybe_recompile pc=0x0000000111e7e910 method=java.io.BufferedInputStream.read1([BII)I @ 39 c2
Event: 9.342 Thread 0x00007fa40506a800 Uncommon trap: reason=bimorphic_or_optimized_type_check action=maybe_recompile pc=0x0000000111e81c80 method=java.io.BufferedInputStream.read1([BII)I @ 39 c2

Classes redefined (0 events):
No events

Internal exceptions (10 events):
Event: 9.151 Thread 0x00007fa40506a800 Exception <a 'java/lang/ClassNotFoundException'{0x00000007aaccb780}: build_azxoq0d1qxngk4q1rd3fnpxvz$_run_closure1Customizer> (0x00000007aaccb780) thrown at [/scratch/mesos/slaves/07fc96ef-bf4d-487f-b22f-a84e49f5f44a-S27799/frameworks/1735e8a2-a1db-478c-8
Event: 9.253 Thread 0x00007fa40506a800 Exception <a 'java/lang/ClassNotFoundException'{0x00000007aa7abb90}: groovy/runtime/metaclass/[Ljava/lang/String;MetaClass> (0x00000007aa7abb90) thrown at [/scratch/mesos/slaves/07fc96ef-bf4d-487f-b22f-a84e49f5f44a-S27799/frameworks/1735e8a2-a1db-478c-810
Event: 9.254 Thread 0x00007fa40506a800 Exception <a 'java/lang/ClassNotFoundException'{0x00000007aa7b2d30}: [Ljava/lang/String;BeanInfo> (0x00000007aa7b2d30) thrown at [/scratch/mesos/slaves/07fc96ef-bf4d-487f-b22f-a84e49f5f44a-S27799/frameworks/1735e8a2-a1db-478c-8104-60c8b0af87dd-0196/execut
Event: 9.254 Thread 0x00007fa40506a800 Exception <a 'java/lang/ClassNotFoundException'{0x00000007aa7b3ae8}: [Ljava/lang/String;BeanInfo> (0x00000007aa7b3ae8) thrown at [/scratch/mesos/slaves/07fc96ef-bf4d-487f-b22f-a84e49f5f44a-S27799/frameworks/1735e8a2-a1db-478c-8104-60c8b0af87dd-0196/execut
Event: 9.254 Thread 0x00007fa40506a800 Exception <a 'java/lang/ClassNotFoundException'{0x00000007aa7b4960}: [Ljava/lang/String;Customizer> (0x00000007aa7b4960) thrown at [/scratch/mesos/slaves/07fc96ef-bf4d-487f-b22f-a84e49f5f44a-S27799/frameworks/1735e8a2-a1db-478c-8104-60c8b0af87dd-0196/exec
Event: 9.254 Thread 0x00007fa40506a800 Exception <a 'java/lang/ClassNotFoundException'{0x00000007aa7b5718}: [Ljava/lang/String;Customizer> (0x00000007aa7b5718) thrown at [/scratch/mesos/slaves/07fc96ef-bf4d-487f-b22f-a84e49f5f44a-S27799/frameworks/1735e8a2-a1db-478c-8104-60c8b0af87dd-0196/exec
Event: 9.261 Thread 0x00007fa40506a800 Exception <a 'java/lang/ClassNotFoundException'{0x00000007aa60d2f0}: java/lang/IntegerBeanInfo> (0x00000007aa60d2f0) thrown at [/scratch/mesos/slaves/07fc96ef-bf4d-487f-b22f-a84e49f5f44a-S27799/frameworks/1735e8a2-a1db-478c-8104-60c8b0af87dd-0196/executor
Event: 9.261 Thread 0x00007fa40506a800 Exception <a 'java/lang/ClassNotFoundException'{0x00000007aa612b50}: java/lang/NumberBeanInfo> (0x00000007aa612b50) thrown at [/scratch/mesos/slaves/07fc96ef-bf4d-487f-b22f-a84e49f5f44a-S27799/frameworks/1735e8a2-a1db-478c-8104-60c8b0af87dd-0196/executors
Event: 9.261 Thread 0x00007fa40506a800 Exception <a 'java/lang/ClassNotFoundException'{0x00000007aa618638}: java/lang/NumberCustomizer> (0x00000007aa618638) thrown at [/scratch/mesos/slaves/07fc96ef-bf4d-487f-b22f-a84e49f5f44a-S27799/frameworks/1735e8a2-a1db-478c-8104-60c8b0af87dd-0196/executo
Event: 9.261 Thread 0x00007fa40506a800 Exception <a 'java/lang/ClassNotFoundException'{0x00000007aa620e60}: java/lang/IntegerCustomizer> (0x00000007aa620e60) thrown at [/scratch/mesos/slaves/07fc96ef-bf4d-487f-b22f-a84e49f5f44a-S27799/frameworks/1735e8a2-a1db-478c-8104-60c8b0af87dd-0196/execut

Events (10 events):
Event: 9.597 loading class org/gradle/api/Action
Event: 9.597 loading class org/gradle/api/Action done
Event: 9.597 loading class org/gradle/api/Action
Event: 9.597 loading class org/gradle/api/Action done
Event: 9.607 loading class com/android/build/gradle/internal/core/GradleVariantConfiguration
Event: 9.607 loading class com/android/build/gradle/internal/core/GradleVariantConfiguration done
Event: 9.608 loading class com/android/builder/model/SourceProvider
Event: 9.608 loading class com/android/builder/model/SourceProvider done
Event: 9.609 loading class org/gradle/api/internal/artifacts/ivyservice/resolveengine/artifact/DefaultVisitedArtifactResults$NoArtifactResults
Event: 9.609 loading class org/gradle/api/internal/artifacts/ivyservice/resolveengine/artifact/DefaultVisitedArtifactResults$NoArtifactResults done


Dynamic libraries:
0x00007fff8b2ff000 	/System/Library/Frameworks/Cocoa.framework/Versions/A/Cocoa
0x00007fff93c98000 	/System/Library/Frameworks/Security.framework/Versions/A/Security
0x00007fff97ebc000 	/System/Library/Frameworks/ApplicationServices.framework/Versions/A/ApplicationServices
0x00007fff8cead000 	/usr/lib/libz.1.dylib
0x00007fff969e2000 	/usr/lib/libSystem.B.dylib
0x00007fff93823000 	/System/Library/Frameworks/CoreFoundation.framework/Versions/A/CoreFoundation
0x00007fff94587000 	/System/Library/Frameworks/Foundation.framework/Versions/C/Foundation
0x00007fff8dc87000 	/usr/lib/libobjc.A.dylib
0x00007fff8934b000 	/System/Library/Frameworks/AppKit.framework/Versions/C/AppKit
0x00007fff92cd4000 	/System/Library/Frameworks/CoreData.framework/Versions/A/CoreData
0x00007fff9361c000 	/System/Library/PrivateFrameworks/RemoteViewServices.framework/Versions/A/RemoteViewServices
0x00007fff891cc000 	/System/Library/PrivateFrameworks/UIFoundation.framework/Versions/A/UIFoundation
0x00007fff97eb8000 	/usr/lib/libScreenReader.dylib
0x00007fff95f4c000 	/System/Library/Frameworks/Accelerate.framework/Versions/A/Accelerate
0x00007fff882d6000 	/System/Library/Frameworks/IOSurface.framework/Versions/A/IOSurface
0x00007fff940eb000 	/System/Library/Frameworks/AudioToolbox.framework/Versions/A/AudioToolbox
0x00007fff958af000 	/System/Library/Frameworks/AudioUnit.framework/Versions/A/AudioUnit
0x00007fff9915b000 	/System/Library/PrivateFrameworks/DataDetectorsCore.framework/Versions/A/DataDetectorsCore
0x00007fff95d11000 	/System/Library/PrivateFrameworks/DesktopServicesPriv.framework/Versions/A/DesktopServicesPriv
0x00007fff96c36000 	/System/Library/Frameworks/Carbon.framework/Versions/A/Frameworks/HIToolbox.framework/Versions/A/HIToolbox
0x00007fff8f832000 	/System/Library/Frameworks/QuartzCore.framework/Versions/A/QuartzCore
0x00007fff97e54000 	/System/Library/Frameworks/Carbon.framework/Versions/A/Frameworks/SpeechRecognition.framework/Versions/A/SpeechRecognition
0x00007fff8e32e000 	/usr/lib/libauto.dylib
0x00007fff932e5000 	/usr/lib/libicucore.A.dylib
0x00007fff88b3c000 	/usr/lib/libxml2.2.dylib
0x00007fff8d629000 	/System/Library/PrivateFrameworks/CoreUI.framework/Versions/A/CoreUI
0x00007fff8f77f000 	/System/Library/Frameworks/CoreAudio.framework/Versions/A/CoreAudio
0x00007fff93f16000 	/System/Library/Frameworks/DiskArbitration.framework/Versions/A/DiskArbitration
0x00007fff8cd54000 	/usr/lib/liblangid.dylib
0x00007fff94e36000 	/System/Library/PrivateFrameworks/MultitouchSupport.framework/Versions/A/MultitouchSupport
0x00007fff9b4d7000 	/System/Library/Frameworks/IOKit.framework/Versions/A/IOKit
0x00007fff96fc3000 	/usr/lib/libDiagnosticMessagesClient.dylib
0x00007fff8fac2000 	/System/Library/Frameworks/CoreServices.framework/Versions/A/CoreServices
0x00007fff94f0a000 	/System/Library/PrivateFrameworks/PerformanceAnalysis.framework/Versions/A/PerformanceAnalysis
0x00007fff97e68000 	/System/Library/PrivateFrameworks/GenerationalStorage.framework/Versions/A/GenerationalStorage
0x00007fff97e85000 	/System/Library/Frameworks/OpenGL.framework/Versions/A/OpenGL
0x00007fff96285000 	/System/Library/PrivateFrameworks/Sharing.framework/Versions/A/Sharing
0x00007fff991d6000 	/System/Library/Frameworks/CoreGraphics.framework/Versions/A/CoreGraphics
0x00007fff915f2000 	/System/Library/Frameworks/CoreImage.framework/Versions/A/CoreImage
0x00007fff8e106000 	/System/Library/Frameworks/CoreText.framework/Versions/A/CoreText
0x00007fff98376000 	/System/Library/Frameworks/ImageIO.framework/Versions/A/ImageIO
0x00007fff9a544000 	/System/Library/PrivateFrameworks/Backup.framework/Versions/A/Backup
0x00007fff889dc000 	/usr/lib/libextension.dylib
0x00007fff8e7a4000 	/usr/lib/libarchive.2.dylib
0x00007fff98e9d000 	/System/Library/Frameworks/CFNetwork.framework/Versions/A/CFNetwork
0x00007fff93727000 	/System/Library/Frameworks/SystemConfiguration.framework/Versions/A/SystemConfiguration
0x00007fff8c245000 	/usr/lib/libCRFSuite.dylib
0x00007fff9ae39000 	/usr/lib/libc++.1.dylib
0x00007fff8a091000 	/usr/lib/libc++abi.dylib
0x00007fff8f821000 	/usr/lib/system/libcache.dylib
0x00007fff90fe7000 	/usr/lib/system/libcommonCrypto.dylib
0x00007fff8b300000 	/usr/lib/system/libcompiler_rt.dylib
0x00007fff9875f000 	/usr/lib/system/libcopyfile.dylib
0x00007fff90e91000 	/usr/lib/system/libcorecrypto.dylib
0x00007fff87aa4000 	/usr/lib/system/libdispatch.dylib
0x00007fff8b6e1000 	/usr/lib/system/libdyld.dylib
0x00007fff957fa000 	/usr/lib/system/libkeymgr.dylib
0x00007fff94ed8000 	/usr/lib/system/liblaunch.dylib
0x00007fff97be6000 	/usr/lib/system/libmacho.dylib
0x00007fff950eb000 	/usr/lib/system/libquarantine.dylib
0x00007fff94ed9000 	/usr/lib/system/libremovefile.dylib
0x00007fff91882000 	/usr/lib/system/libsystem_asl.dylib
0x00007fff969a5000 	/usr/lib/system/libsystem_blocks.dylib
0x00007fff93795000 	/usr/lib/system/libsystem_c.dylib
0x00007fff9180a000 	/usr/lib/system/libsystem_configuration.dylib
0x00007fff9a938000 	/usr/lib/system/libsystem_coreservices.dylib
0x00007fff98db8000 	/usr/lib/system/libsystem_coretls.dylib
0x00007fff887ea000 	/usr/lib/system/libsystem_dnssd.dylib
0x00007fff981c9000 	/usr/lib/system/libsystem_info.dylib
0x00007fff98dd8000 	/usr/lib/system/libsystem_kernel.dylib
0x00007fff9ab4a000 	/usr/lib/system/libsystem_m.dylib
0x00007fff9184a000 	/usr/lib/system/libsystem_malloc.dylib
0x00007fff91906000 	/usr/lib/system/libsystem_network.dylib
0x00007fff97bdd000 	/usr/lib/system/libsystem_networkextension.dylib
0x00007fff87882000 	/usr/lib/system/libsystem_notify.dylib
0x00007fff8d5dd000 	/usr/lib/system/libsystem_platform.dylib
0x00007fff9a8ac000 	/usr/lib/system/libsystem_pthread.dylib
0x00007fff87bdc000 	/usr/lib/system/libsystem_sandbox.dylib
0x00007fff8dc52000 	/usr/lib/system/libsystem_secinit.dylib
0x00007fff9abb6000 	/usr/lib/system/libsystem_trace.dylib
0x00007fff94f03000 	/usr/lib/system/libunc.dylib
0x00007fff91833000 	/usr/lib/system/libunwind.dylib
0x00007fff883f1000 	/usr/lib/system/libxpc.dylib
0x00007fff8bb08000 	/usr/lib/libenergytrace.dylib
0x00007fff8ad25000 	/usr/lib/libbsm.0.dylib
0x00007fff960ec000 	/usr/lib/system/libkxld.dylib
0x00007fff8fa01000 	/usr/lib/libxar.1.dylib
0x00007fff8d3a9000 	/usr/lib/libsqlite3.dylib
0x00007fff943be000 	/usr/lib/libpam.2.dylib
0x00007fff91190000 	/usr/lib/libOpenScriptingUtil.dylib
0x00007fff92b36000 	/usr/lib/libbz2.1.0.dylib
0x00007fff94edb000 	/usr/lib/liblzma.5.dylib
0x00007fff8cea4000 	/System/Library/Frameworks/CoreServices.framework/Versions/A/Frameworks/FSEvents.framework/Versions/A/FSEvents
0x00007fff8facd000 	/System/Library/Frameworks/CoreServices.framework/Versions/A/Frameworks/CarbonCore.framework/Versions/A/CarbonCore
0x00007fff9aa80000 	/System/Library/Frameworks/CoreServices.framework/Versions/A/Frameworks/Metadata.framework/Versions/A/Metadata
0x00007fff90f79000 	/System/Library/Frameworks/CoreServices.framework/Versions/A/Frameworks/OSServices.framework/Versions/A/OSServices
0x00007fff90f09000 	/System/Library/Frameworks/CoreServices.framework/Versions/A/Frameworks/SearchKit.framework/Versions/A/SearchKit
0x00007fff8fa13000 	/System/Library/Frameworks/CoreServices.framework/Versions/A/Frameworks/AE.framework/Versions/A/AE
0x00007fff8a0ee000 	/System/Library/Frameworks/CoreServices.framework/Versions/A/Frameworks/LaunchServices.framework/Versions/A/LaunchServices
0x00007fff89171000 	/System/Library/Frameworks/CoreServices.framework/Versions/A/Frameworks/DictionaryServices.framework/Versions/A/DictionaryServices
0x00007fff87af1000 	/System/Library/Frameworks/CoreServices.framework/Versions/A/Frameworks/SharedFileList.framework/Versions/A/SharedFileList
0x00007fff8ad1c000 	/System/Library/Frameworks/NetFS.framework/Versions/A/NetFS
0x00007fff8c261000 	/System/Library/PrivateFrameworks/NetAuth.framework/Versions/A/NetAuth
0x00007fff9a92d000 	/System/Library/PrivateFrameworks/login.framework/Versions/A/Frameworks/loginsupport.framework/Versions/A/loginsupport
0x00007fff95f37000 	/System/Library/PrivateFrameworks/TCC.framework/Versions/A/TCC
0x00007fff97ebd000 	/usr/lib/libmecabra.dylib
0x00007fff9a8bb000 	/System/Library/Frameworks/ApplicationServices.framework/Versions/A/Frameworks/ATS.framework/Versions/A/ATS
0x00007fff9a6b4000 	/System/Library/Frameworks/ApplicationServices.framework/Versions/A/Frameworks/ColorSync.framework/Versions/A/ColorSync
0x00007fff981f3000 	/System/Library/Frameworks/ApplicationServices.framework/Versions/A/Frameworks/HIServices.framework/Versions/A/HIServices
0x00007fff93609000 	/System/Library/Frameworks/ApplicationServices.framework/Versions/A/Frameworks/LangAnalysis.framework/Versions/A/LangAnalysis
0x00007fff9126d000 	/System/Library/Frameworks/ApplicationServices.framework/Versions/A/Frameworks/PrintCore.framework/Versions/A/PrintCore
0x00007fff969a7000 	/System/Library/Frameworks/ApplicationServices.framework/Versions/A/Frameworks/QD.framework/Versions/A/QD
0x00007fff88ada000 	/System/Library/Frameworks/ApplicationServices.framework/Versions/A/Frameworks/SpeechSynthesis.framework/Versions/A/SpeechSynthesis
0x00007fff97d88000 	/System/Library/Frameworks/Metal.framework/Versions/A/Metal
0x00007fff8ceea000 	/System/Library/Frameworks/Accelerate.framework/Versions/A/Frameworks/vImage.framework/Versions/A/vImage
0x00007fff93655000 	/System/Library/Frameworks/Accelerate.framework/Versions/A/Frameworks/vecLib.framework/Versions/A/vecLib
0x00007fff8dff2000 	/System/Library/Frameworks/Accelerate.framework/Versions/A/Frameworks/vecLib.framework/Versions/A/libvDSP.dylib
0x00007fff9319b000 	/System/Library/Frameworks/Accelerate.framework/Versions/A/Frameworks/vecLib.framework/Versions/A/libvMisc.dylib
0x00007fff92730000 	/System/Library/Frameworks/Accelerate.framework/Versions/A/Frameworks/vecLib.framework/Versions/A/libLAPACK.dylib
0x00007fff92fda000 	/System/Library/Frameworks/Accelerate.framework/Versions/A/Frameworks/vecLib.framework/Versions/A/libBLAS.dylib
0x00007fff95255000 	/System/Library/Frameworks/Accelerate.framework/Versions/A/Frameworks/vecLib.framework/Versions/A/libLinearAlgebra.dylib
0x00007fff98da7000 	/System/Library/Frameworks/Accelerate.framework/Versions/A/Frameworks/vecLib.framework/Versions/A/libSparseBLAS.dylib
0x00007fff8ed1c000 	/System/Library/PrivateFrameworks/GPUCompiler.framework/libmetal_timestamp.dylib
0x00007fff8ede9000 	/System/Library/Frameworks/OpenGL.framework/Versions/A/Libraries/libCoreFSCache.dylib
0x00007fff950b7000 	/System/Library/PrivateFrameworks/IOAccelerator.framework/Versions/A/IOAccelerator
0x00007fff9a43b000 	/System/Library/Frameworks/ApplicationServices.framework/Versions/A/Frameworks/ATS.framework/Versions/A/Resources/libFontParser.dylib
0x00007fff919b6000 	/System/Library/Frameworks/ApplicationServices.framework/Versions/A/Frameworks/ATS.framework/Versions/A/Resources/libFontRegistry.dylib
0x00007fff8d981000 	/System/Library/PrivateFrameworks/AppleVPA.framework/Versions/A/AppleVPA
0x00007fff95107000 	/System/Library/PrivateFrameworks/AppleJPEG.framework/Versions/A/AppleJPEG
0x00007fff96beb000 	/System/Library/Frameworks/ImageIO.framework/Versions/A/Resources/libJPEG.dylib
0x00007fff911bd000 	/System/Library/Frameworks/ImageIO.framework/Versions/A/Resources/libTIFF.dylib
0x00007fff95879000 	/System/Library/Frameworks/ImageIO.framework/Versions/A/Resources/libPng.dylib
0x00007fff95195000 	/System/Library/Frameworks/ImageIO.framework/Versions/A/Resources/libGIF.dylib
0x00007fff91044000 	/System/Library/Frameworks/ImageIO.framework/Versions/A/Resources/libJP2.dylib
0x00007fff94ed5000 	/System/Library/Frameworks/ImageIO.framework/Versions/A/Resources/libRadiance.dylib
0x00007fff8ad36000 	/System/Library/Frameworks/CoreVideo.framework/Versions/A/CoreVideo
0x00007fff91974000 	/System/Library/Frameworks/OpenGL.framework/Versions/A/Libraries/libGLU.dylib
0x00007fff93525000 	/System/Library/Frameworks/OpenGL.framework/Versions/A/Libraries/libGFXShared.dylib
0x00007fff9605e000 	/System/Library/Frameworks/OpenGL.framework/Versions/A/Libraries/libGL.dylib
0x00007fff9532f000 	/System/Library/Frameworks/OpenGL.framework/Versions/A/Libraries/libGLImage.dylib
0x00007fff93656000 	/System/Library/Frameworks/OpenGL.framework/Versions/A/Libraries/libCVMSPluginSupport.dylib
0x00007fff8d771000 	/System/Library/Frameworks/OpenGL.framework/Versions/A/Libraries/libCoreVMClient.dylib
0x00007fff955c2000 	/usr/lib/libcups.2.dylib
0x00007fff97d6d000 	/System/Library/Frameworks/Kerberos.framework/Versions/A/Kerberos
0x00007fff87be0000 	/System/Library/Frameworks/GSS.framework/Versions/A/GSS
0x00007fff8bb10000 	/usr/lib/libresolv.9.dylib
0x00007fff9ae8d000 	/usr/lib/libiconv.2.dylib
0x00007fff97cc8000 	/System/Library/PrivateFrameworks/Heimdal.framework/Versions/A/Heimdal
0x00007fff93544000 	/usr/lib/libheimdal-asn1.dylib
0x00007fff94ef6000 	/System/Library/Frameworks/OpenDirectory.framework/Versions/A/OpenDirectory
0x00007fff950e1000 	/System/Library/PrivateFrameworks/CommonAuth.framework/Versions/A/CommonAuth
0x00007fff98d29000 	/System/Library/Frameworks/OpenDirectory.framework/Versions/A/Frameworks/CFOpenDirectory.framework/Versions/A/CFOpenDirectory
0x00007fff94b17000 	/System/Library/Frameworks/SecurityFoundation.framework/Versions/A/SecurityFoundation
0x00007fff8c92d000 	/System/Library/PrivateFrameworks/LanguageModeling.framework/Versions/A/LanguageModeling
0x00007fff92328000 	/usr/lib/libmarisa.dylib
0x00007fff9836a000 	/usr/lib/libChineseTokenizer.dylib
0x00007fff8755a000 	/usr/lib/libcmph.dylib
0x00007fff873b6000 	/usr/lib/libcompression.dylib
0x00007fff9600b000 	/System/Library/Frameworks/ServiceManagement.framework/Versions/A/ServiceManagement
0x00007fff8b2d5000 	/usr/lib/libxslt.1.dylib
0x00007fff9497d000 	/System/Library/Frameworks/Carbon.framework/Versions/A/Frameworks/Ink.framework/Versions/A/Ink
0x00007fff8cb46000 	/usr/lib/libFosl_dynamic.dylib
0x00007fff91e8c000 	/System/Library/PrivateFrameworks/FaceCore.framework/Versions/A/FaceCore
0x00007fff8eded000 	/System/Library/Frameworks/OpenCL.framework/Versions/A/OpenCL
0x00007fff960e0000 	/System/Library/PrivateFrameworks/CrashReporterSupport.framework/Versions/A/CrashReporterSupport
0x00007fff91560000 	/System/Library/PrivateFrameworks/IconServices.framework/Versions/A/IconServices
0x00007fff9700c000 	/System/Library/PrivateFrameworks/Apple80211.framework/Versions/A/Apple80211
0x00007fff912c5000 	/System/Library/Frameworks/CoreWLAN.framework/Versions/A/CoreWLAN
0x00007fff960f8000 	/System/Library/Frameworks/IOBluetooth.framework/Versions/A/IOBluetooth
0x00007fff8cda6000 	/System/Library/PrivateFrameworks/CoreWiFi.framework/Versions/A/CoreWiFi
0x00007fff8e31a000 	/System/Library/Frameworks/CoreBluetooth.framework/Versions/A/CoreBluetooth
0x00007fff8cec2000 	/System/Library/PrivateFrameworks/ChunkingLibrary.framework/Versions/A/ChunkingLibrary
0x00007fff961e9000 	/System/Library/PrivateFrameworks/DebugSymbols.framework/Versions/A/DebugSymbols
0x00007fff9a93b000 	/System/Library/PrivateFrameworks/CoreSymbolication.framework/Versions/A/CoreSymbolication
0x00007fff98583000 	/System/Library/PrivateFrameworks/Symbolication.framework/Versions/A/Symbolication
0x00007fff9a537000 	/System/Library/PrivateFrameworks/SpeechRecognitionCore.framework/Versions/A/SpeechRecognitionCore
0x0000000101200000 	/Library/Java/JavaVirtualMachines/jdk-11.0.2.jdk/Contents/Home/lib/server/libjvm.dylib
0x0000000100932000 	/Library/Java/JavaVirtualMachines/jdk-11.0.2.jdk/Contents/Home/lib/libverify.dylib
0x000000010093e000 	/Library/Java/JavaVirtualMachines/jdk-11.0.2.jdk/Contents/Home/lib/libjava.dylib
0x0000000100976000 	/Library/Java/JavaVirtualMachines/jdk-11.0.2.jdk/Contents/Home/lib/libzip.dylib
0x000000010097e000 	/Library/Java/JavaVirtualMachines/jdk-11.0.2.jdk/Contents/Home/lib/libjimage.dylib
0x00000001009ea000 	/Library/Java/JavaVirtualMachines/jdk-11.0.2.jdk/Contents/Home/lib/libnio.dylib
0x000000011fe5e000 	/Library/Java/JavaVirtualMachines/jdk-11.0.2.jdk/Contents/Home/lib/./libnet.dylib
0x00000001009f8000 	/Users/chhekur/.gradle/native/25/osx-amd64/libnative-platform.dylib
0x00007fff958b0000 	/usr/lib/libstdc++.6.dylib
0x000000012064d000 	/Library/Java/JavaVirtualMachines/jdk-11.0.2.jdk/Contents/Home/lib/libmanagement.dylib
0x0000000120652000 	/Library/Java/JavaVirtualMachines/jdk-11.0.2.jdk/Contents/Home/lib/libmanagement_ext.dylib
0x0000000120858000 	/Library/Java/JavaVirtualMachines/jdk-11.0.2.jdk/Contents/Home/lib/libextnet.dylib


VM Arguments:
jvm_args: --add-opens=java.base/java.util=ALL-UNNAMED --add-opens=java.base/java.lang=ALL-UNNAMED --add-opens=java.base/java.lang.invoke=ALL-UNNAMED --add-opens=java.prefs/java.util.prefs=ALL-UNNAMED -Xmx1536m -Dfile.encoding=UTF-8 -Duser.country=US -Duser.language=en -Duser.variant 
java_command: org.gradle.launcher.daemon.bootstrap.GradleDaemon 5.1.1
java_class_path (initial): /Users/chhekur/.gradle/wrapper/dists/gradle-5.1.1-all/97z1ksx6lirer3kbvdnh7jtjg/gradle-5.1.1/lib/gradle-launcher-5.1.1.jar
Launcher Type: SUN_STANDARD

[Global flags]
     intx CICompilerCount                          = 3                                         {product} {ergonomic}
     uint ConcGCThreads                            = 1                                         {product} {ergonomic}
     uint G1ConcRefinementThreads                  = 4                                         {product} {ergonomic}
   size_t G1HeapRegionSize                         = 1048576                                   {product} {ergonomic}
    uintx GCDrainStackTargetSize                   = 64                                        {product} {ergonomic}
   size_t InitialHeapSize                          = 167772160                                 {product} {ergonomic}
   size_t MarkStackSize                            = 4194304                                   {product} {ergonomic}
   size_t MaxHeapSize                              = 1610612736                                {product} {command line}
   size_t MaxNewSize                               = 965738496                                 {product} {ergonomic}
   size_t MinHeapDeltaBytes                        = 1048576                                   {product} {ergonomic}
    uintx NonNMethodCodeHeapSize                   = 5830092                                {pd product} {ergonomic}
    uintx NonProfiledCodeHeapSize                  = 122914074                              {pd product} {ergonomic}
    uintx ProfiledCodeHeapSize                     = 122914074                              {pd product} {ergonomic}
    uintx ReservedCodeCacheSize                    = 251658240                              {pd product} {ergonomic}
     bool SegmentedCodeCache                       = true                                      {product} {ergonomic}
     bool UseCompressedClassPointers               = true                                 {lp64_product} {ergonomic}
     bool UseCompressedOops                        = true                                 {lp64_product} {ergonomic}
     bool UseG1GC                                  = true                                      {product} {ergonomic}

Logging:
Log output configuration:
 #0: stdout all=warning uptime,level,tags
 #1: stderr all=off uptime,level,tags

Environment Variables:
PATH=/usr/local/bin:/usr/bin:/bin:/usr/sbin:/sbin:/opt/X11/bin:/Users/chhekur/Library/Android/sdk/emulator:/Users/chhekur/Library/Android/sdk/tools:/Users/chhekur/Library/Android/sdk/tools/bin:/Users/chhekur/Library/Android/sdk/platform-tools
SHELL=/bin/bash
DISPLAY=/private/tmp/com.apple.launchd.2mLuX32xwf/org.macosforge.xquartz:0

Signal Handlers:
SIGSEGV: [libjvm.dylib+0x740190], sa_mask[0]=11111111011111110111111111111111, sa_flags=SA_ONSTACK|SA_RESTART|SA_SIGINFO
SIGBUS: [libjvm.dylib+0x740190], sa_mask[0]=11111111011111110111111111111111, sa_flags=SA_RESTART|SA_SIGINFO
SIGFPE: [libjvm.dylib+0x740190], sa_mask[0]=11111111011111110111111111111111, sa_flags=SA_RESTART|SA_SIGINFO
SIGPIPE: [libjvm.dylib+0x5f2e42], sa_mask[0]=11111111011111110111111111111111, sa_flags=SA_RESTART|SA_SIGINFO
SIGXFSZ: [libjvm.dylib+0x5f2e42], sa_mask[0]=11111111011111110111111111111111, sa_flags=SA_RESTART|SA_SIGINFO
SIGILL: [libjvm.dylib+0x740190], sa_mask[0]=11111111011111110111111111111111, sa_flags=SA_RESTART|SA_SIGINFO
SIGUSR2: [libjvm.dylib+0x5f3427], sa_mask[0]=00100000000000000000000000000000, sa_flags=SA_RESTART|SA_SIGINFO
SIGHUP: [libjvm.dylib+0x5f1e83], sa_mask[0]=11111111011111110111111111111111, sa_flags=SA_RESTART|SA_SIGINFO
SIGINT: [libjvm.dylib+0x5f1e83], sa_mask[0]=11111111011111110111111111111111, sa_flags=SA_RESTART|SA_SIGINFO
SIGTERM: [libjvm.dylib+0x5f1e83], sa_mask[0]=11111111011111110111111111111111, sa_flags=SA_RESTART|SA_SIGINFO
SIGQUIT: [libjvm.dylib+0x5f1e83], sa_mask[0]=11111111011111110111111111111111, sa_flags=SA_RESTART|SA_SIGINFO


---------------  S Y S T E M  ---------------

OS:uname:Darwin 15.0.0 Darwin Kernel Version 15.0.0: Wed Aug 26 16:57:32 PDT 2015; root:xnu-3247.1.106~1/RELEASE_X86_64 x86_64
rlimit: STACK 8192k, CORE 0k, NPROC 709, NOFILE 10240, AS infinity, DATA infinity, FSIZE infinity
load average:2.64 2.50 2.35

CPU:total 4 (initial active 4) (4 cores per cpu, 1 threads per core) family 6 model 42 stepping 7, cmov, cx8, fxsr, mmx, sse, sse2, sse3, ssse3, sse4.1, sse4.2, popcnt, avx, aes, clmul, tsc, tscinvbit

Memory: 4k page, physical 10485760k(1526212k free)

vm_info: Java HotSpot(TM) 64-Bit Server VM (11.0.2+9-LTS) for bsd-amd64 JRE (11.0.2+9-LTS), built on Jan 18 2019 08:16:46 by "mach5one" with gcc 4.2.1 Compatible Apple LLVM 9.1.0 (clang-902.0.39.2)

END.
