#
# A fatal error has been detected by the Java Runtime Environment:
#
#  SIGSEGV (0xb) at pc=0x0000000108d2ed1e, pid=2791, tid=21763
#
# JRE version: Java(TM) SE Runtime Environment (11.0.2+9) (build 11.0.2+9-LTS)
# Java VM: Java HotSpot(TM) 64-Bit Server VM (11.0.2+9-LTS, mixed mode, tiered, compressed oops, g1 gc, bsd-amd64)
# Problematic frame:
# V  [libjvm.dylib+0x1b2d1e]  _ZN12PhaseChaitin16gather_lrg_masksEb+0x27a
#
# No core dump will be written. Core dumps have been disabled. To enable core dumping, try "ulimit -c unlimited" before starting Java again
#
# If you would like to submit a bug report, please visit:
#   http://bugreport.java.com/bugreport/crash.jsp
#

---------------  S U M M A R Y ------------

Command Line: --add-opens=java.base/java.util=ALL-UNNAMED --add-opens=java.base/java.lang=ALL-UNNAMED --add-opens=java.base/java.lang.invoke=ALL-UNNAMED --add-opens=java.prefs/java.util.prefs=ALL-UNNAMED -Xmx1536m -Dfile.encoding=UTF-8 -Duser.country=US -Duser.language=en -Duser.variant org.gradle.launcher.daemon.bootstrap.GradleDaemon 5.1.1

Host: iMac12,1 x86_64 2893 MHz, 4 cores, 10G, Darwin 15.0.0
Time: Thu Jul  4 20:01:00 2019 IST elapsed time: 113 seconds (0d 0h 1m 53s)

---------------  T H R E A D  ---------------

Current thread (0x00007fdd8102a000):  JavaThread "C2 CompilerThread0" daemon [_thread_in_native, id=21763, stack(0x0000700000bbe000,0x0000700000cbe000)]


Current CompileTask:
C2: 113355 24415       4       com.android.tools.r8.ir.optimize.PeepholeOptimizer::shareIdenticalBlockSuffix (683 bytes)

Stack: [0x0000700000bbe000,0x0000700000cbe000],  sp=0x0000700000cba6f0,  free space=1009k
Native frames: (J=compiled Java code, A=aot compiled Java code, j=interpreted, Vv=VM code, C=native code)
V  [libjvm.dylib+0x1b2d1e]  _ZN12PhaseChaitin16gather_lrg_masksEb+0x27a
V  [libjvm.dylib+0x1b24a9]  _ZN12PhaseChaitin17Register_AllocateEv+0x4a7
V  [libjvm.dylib+0x221a21]  _ZN7Compile8Code_GenEv+0x211
V  [libjvm.dylib+0x21fc4c]  _ZN7CompileC2EP5ciEnvP10C2CompilerP8ciMethodibbbP12DirectiveSet+0x8d2
V  [libjvm.dylib+0x19e65b]  _ZN10C2Compiler14compile_methodEP5ciEnvP8ciMethodiP12DirectiveSet+0xad
V  [libjvm.dylib+0x22c0d8]  _ZN13CompileBroker25invoke_compiler_on_methodEP11CompileTask+0x578
V  [libjvm.dylib+0x22b9ef]  _ZN13CompileBroker20compiler_thread_loopEv+0x1ab
V  [libjvm.dylib+0x6ede46]  _ZN10JavaThread17thread_main_innerEv+0x82
V  [libjvm.dylib+0x6edc91]  _ZN10JavaThread3runEv+0x1ab
V  [libjvm.dylib+0x5f0da3]  _ZL19thread_native_entryP6Thread+0x135
C  [libsystem_pthread.dylib+0x39b1]  _pthread_body+0x83
C  [libsystem_pthread.dylib+0x392e]  _pthread_body+0x0
C  [libsystem_pthread.dylib+0x1385]  thread_start+0xd


siginfo: si_signo: 11 (SIGSEGV), si_code: 1 (SEGV_MAPERR), si_addr: 0x00000081094406e8

Register to memory mapping:

RAX=0x00000081094406c0 is an unknown value
RBX=0x0000700000cbc0a8 is pointing into the stack for thread: 0x00007fdd8102a000
RCX=0x0000700000cba960 is pointing into the stack for thread: 0x00007fdd8102a000
RDX=0x0000000000000007 is an unknown value
RSP=0x0000700000cba6f0 is pointing into the stack for thread: 0x00007fdd8102a000
RBP=0x0000700000cba770 is pointing into the stack for thread: 0x00007fdd8102a000
RSI=0x00000000000000ab is an unknown value
RDI=0x00007fdd86194e90 points into unknown readable memory: c0 06 44 09 81 00 00 00
R8 =0x0000700000cbc0a8 is pointing into the stack for thread: 0x00007fdd8102a000
R9 =0x0 is NULL
R10=0x00000000ffffffff is an unknown value
R11=0xffffffff00000000 is an unknown value
R12=0x0000000000000f99 is an unknown value
R13=0x0000000132146010 points into unknown readable memory: 00 00 00 00 00 00 00 00
R14=0x00007fdd86194e90 points into unknown readable memory: c0 06 44 09 81 00 00 00
R15=0x00007fdd81c88900 points into unknown readable memory: b8 f0 46 09 01 00 00 00


Registers:
RAX=0x00000081094406c0, RBX=0x0000700000cbc0a8, RCX=0x0000700000cba960, RDX=0x0000000000000007
RSP=0x0000700000cba6f0, RBP=0x0000700000cba770, RSI=0x00000000000000ab, RDI=0x00007fdd86194e90
R8 =0x0000700000cbc0a8, R9 =0x0000000000000000, R10=0x00000000ffffffff, R11=0xffffffff00000000
R12=0x0000000000000f99, R13=0x0000000132146010, R14=0x00007fdd86194e90, R15=0x00007fdd81c88900
RIP=0x0000000108d2ed1e, EFLAGS=0x0000000000010246, ERR=0x0000000000000004
  TRAPNO=0x000000000000000e

Top of Stack: (sp=0x0000700000cba6f0)
0x0000700000cba6f0:   0000700000cbcfa0 00000000ffffffff
0x0000700000cba700:   00007fdd862659c8 000000ab00000007
0x0000700000cba710:   0000000000000003 0000000008efdbe5
0x0000700000cba720:   0000000100000001 000000010013d3a0
0x0000700000cba730:   0000700000cbc0a8 00007fdd81c88900
0x0000700000cba740:   00007fdd86194e90 0000000000000000
0x0000700000cba750:   0000700000cbc0a8 0000700000cba780
0x0000700000cba760:   00000001094d4e10 0000700000cba840
0x0000700000cba770:   0000700000cbaa00 0000000108d2e4a9
0x0000700000cba780:   000070000000000a 0000700000cbcfa0
0x0000700000cba790:   000000012c28c010 0000000000000000
0x0000700000cba7a0:   000000012acd9010 00007fdd85585c10
0x0000700000cba7b0:   00007fdd855892a0 00007fdd853c7150
0x0000700000cba7c0:   0000700000cbc288 0000700000cbc1b8
0x0000700000cba7d0:   00007fdd000011d0 0000700000cba840
0x0000700000cba7e0:   2745370027453900 00000001094520b0
0x0000700000cba7f0:   00007fdd0000000d 0000700000cbcfa0
0x0000700000cba800:   0000700000cbc0a8 00007fdd00002e60
0x0000700000cba810:   0000000000007fe8 0000000000000000
0x0000700000cba820:   0000700000cba830 000000010926fc35
0x0000700000cba830:   0000700000cba890 0000000108c64429
0x0000700000cba840:   0000700000000006 00007fdd85d9d390
0x0000700000cba850:   00007fdd8169ca00 00007fdd816a4310
0x0000700000cba860:   00007fdd816a49e8 000000000047a258
0x0000700000cba870:   00007fdd88470000 0000000000000000
0x0000700000cba880:   0000000000003550 00007fdd80515900
0x0000700000cba890:   00007fdd80515970 00000001092fb1f2
0x0000700000cba8a0:   0000000000000000 0000000000000000
0x0000700000cba8b0:   0000000000000000 00000001092fb1f2
0x0000700000cba8c0:   0000700000cba900 00000001090904bf
0x0000700000cba8d0:   0000700000cba910 00007fdd80515970
0x0000700000cba8e0:   0000000000003550 00007fdd88476d60 

Instructions: (pc=0x0000000108d2ed1e)
0x0000000108d2ecfe:   28 48 8b 49 20 8b 04 82 48 8d 04 80 48 c1 e0 05
0x0000000108d2ed0e:   66 81 8c 01 98 00 00 00 00 10 4c 89 c3 49 8b 06
0x0000000108d2ed1e:   ff 50 28 48 89 45 a0 8b 40 10 83 f8 1f 77 1b b9
0x0000000108d2ed2e:   00 00 00 d8 0f a3 c1 73 11 4b 8d 04 a4 48 c1 e0 

Stack slot to memory mapping:
stack at sp + 0 slots: 0x0000700000cbcfa0 is pointing into the stack for thread: 0x00007fdd8102a000
stack at sp + 1 slots: 0x00000000ffffffff is an unknown value
stack at sp + 2 slots: 0x00007fdd862659c8 points into unknown readable memory: ff fc ff 0f 03 00 03 00
stack at sp + 3 slots: 0x000000ab00000007 is an unknown value
stack at sp + 4 slots: 0x0000000000000003 is an unknown value
stack at sp + 5 slots: 0x0000000008efdbe5 is an unknown value
stack at sp + 6 slots: 0x0000000100000001 is an unknown value
stack at sp + 7 slots: 0x000000010013d3a0 is an unknown value


---------------  P R O C E S S  ---------------

Threads class SMR info:
_java_thread_list=0x00007fdd88976540, length=62, elements={
0x00007fdd82002000, 0x00007fdd80833000, 0x00007fdd81000800, 0x00007fdd81027000,
0x00007fdd8102a000, 0x00007fdd8102b000, 0x00007fdd80826800, 0x00007fdd81081000,
0x00007fdd8082c000, 0x00007fdd81a01000, 0x00007fdd81486000, 0x00007fdd8111f000,
0x00007fdd80bb3000, 0x00007fdd8216a000, 0x00007fdd82000800, 0x00007fdd8109c000,
0x00007fdd822a0800, 0x00007fdd822a1000, 0x00007fdd809f2000, 0x00007fdd82264000,
0x00007fdd82254800, 0x00007fdd82255800, 0x00007fdd80adb800, 0x00007fdd833f8800,
0x00007fdd82284800, 0x00007fdd82393000, 0x00007fdd83265800, 0x00007fdd83251800,
0x00007fdd84874000, 0x00007fdd80fce000, 0x00007fdd84948000, 0x00007fdd81c6a800,
0x00007fdd80d63000, 0x00007fdd83592800, 0x00007fdd83332000, 0x00007fdd84650800,
0x00007fdd8464e000, 0x00007fdd83095000, 0x00007fdd83096000, 0x00007fdd86244800,
0x00007fdd86033800, 0x00007fdd86569800, 0x00007fdd864b4800, 0x00007fdd851aa800,
0x00007fdd857e5800, 0x00007fdd864b5800, 0x00007fdd85562800, 0x00007fdd86a17000,
0x00007fdd864b6800, 0x00007fdd85509000, 0x00007fdd864b7000, 0x00007fdd855cf800,
0x00007fdd8141c000, 0x00007fdd86544800, 0x00007fdd81576800, 0x00007fdd81a76800,
0x00007fdd83da2000, 0x00007fdd81b27800, 0x00007fdd831d2800, 0x00007fdd80d38800,
0x00007fdd86414000, 0x00007fdd8815e800
}

Java Threads: ( => current thread )
  0x00007fdd82002000 JavaThread "main" [_thread_blocked, id=7171, stack(0x00000001098c9000,0x00000001099c9000)]
  0x00007fdd80833000 JavaThread "Reference Handler" daemon [_thread_blocked, id=15619, stack(0x000070000072c000,0x000070000082c000)]
  0x00007fdd81000800 JavaThread "Finalizer" daemon [_thread_blocked, id=16387, stack(0x000070000082f000,0x000070000092f000)]
  0x00007fdd81027000 JavaThread "Signal Dispatcher" daemon [_thread_blocked, id=18195, stack(0x0000700000abb000,0x0000700000bbb000)]
=>0x00007fdd8102a000 JavaThread "C2 CompilerThread0" daemon [_thread_in_native, id=21763, stack(0x0000700000bbe000,0x0000700000cbe000)]
  0x00007fdd8102b000 JavaThread "C1 CompilerThread0" daemon [_thread_blocked, id=22531, stack(0x0000700000cc1000,0x0000700000dc1000)]
  0x00007fdd80826800 JavaThread "Sweeper thread" daemon [_thread_blocked, id=23299, stack(0x0000700000dc4000,0x0000700000ec4000)]
  0x00007fdd81081000 JavaThread "Common-Cleaner" daemon [_thread_blocked, id=24067, stack(0x0000700000ec7000,0x0000700000fc7000)]
  0x00007fdd8082c000 JavaThread "Service Thread" daemon [_thread_blocked, id=24835, stack(0x0000700000fca000,0x00007000010ca000)]
  0x00007fdd81a01000 JavaThread "Daemon health stats" [_thread_blocked, id=27907, stack(0x00007000014d9000,0x00007000015d9000)]
  0x00007fdd81486000 JavaThread "Incoming local TCP Connector on port 50702" [_thread_in_native, id=28675, stack(0x00007000015dc000,0x00007000016dc000)]
  0x00007fdd8111f000 JavaThread "Daemon periodic checks" [_thread_blocked, id=29443, stack(0x00007000016df000,0x00007000017df000)]
  0x00007fdd80bb3000 JavaThread "Daemon" [_thread_blocked, id=30211, stack(0x00007000017e2000,0x00007000018e2000)]
  0x00007fdd8216a000 JavaThread "Handler for socket connection from /0:0:0:0:0:0:0:1:50702 to /0:0:0:0:0:0:0:1:50703" [_thread_in_native, id=30979, stack(0x00007000018e5000,0x00007000019e5000)]
  0x00007fdd82000800 JavaThread "Cancel handler" [_thread_blocked, id=31747, stack(0x00007000019e8000,0x0000700001ae8000)]
  0x00007fdd8109c000 JavaThread "Daemon worker" [_thread_blocked, id=32515, stack(0x0000700001aeb000,0x0000700001beb000)]
  0x00007fdd822a0800 JavaThread "Asynchronous log dispatcher for DefaultDaemonConnection: socket connection from /0:0:0:0:0:0:0:1:50702 to /0:0:0:0:0:0:0:1:50703" [_thread_blocked, id=33283, stack(0x0000700001bee000,0x0000700001cee000)]
  0x00007fdd822a1000 JavaThread "Stdin handler" [_thread_blocked, id=34051, stack(0x0000700001cf1000,0x0000700001df1000)]
  0x00007fdd809f2000 JavaThread "Thread-8" [_thread_blocked, id=34819, stack(0x0000700001df4000,0x0000700001ef4000)]
  0x00007fdd82264000 JavaThread "Cache worker for file hash cache (/Users/chhekur/.gradle/caches/5.1.1/fileHashes)" [_thread_blocked, id=35587, stack(0x0000700001ef7000,0x0000700001ff7000)]
  0x00007fdd82254800 JavaThread "File lock request listener" [_thread_in_native, id=36355, stack(0x0000700001ffa000,0x00007000020fa000)]
  0x00007fdd82255800 JavaThread "Cache worker for journal cache (/Users/chhekur/.gradle/caches/journal-1)" [_thread_blocked, id=37123, stack(0x00007000020fd000,0x00007000021fd000)]
  0x00007fdd80adb800 JavaThread "Cache worker for file hash cache (/Users/chhekur/Desktop/AndroidNativeAPIs/.gradle/5.1.1/fileHashes)" [_thread_blocked, id=37891, stack(0x0000700002200000,0x0000700002300000)]
  0x00007fdd833f8800 JavaThread "Cache worker for cache directory md-supplier (/Users/chhekur/.gradle/caches/5.1.1/md-supplier)" [_thread_blocked, id=39171, stack(0x0000700002406000,0x0000700002506000)]
  0x00007fdd82284800 JavaThread "Cache worker for cache directory md-rule (/Users/chhekur/.gradle/caches/5.1.1/md-rule)" [_thread_blocked, id=39939, stack(0x0000700002509000,0x0000700002609000)]
  0x00007fdd82393000 JavaThread "Cache worker for execution history cache (/Users/chhekur/.gradle/caches/5.1.1/executionHistory)" [_thread_blocked, id=40707, stack(0x000070000260c000,0x000070000270c000)]
  0x00007fdd83265800 JavaThread "Build operations" [_thread_blocked, id=41475, stack(0x000070000270f000,0x000070000280f000)]
  0x00007fdd83251800 JavaThread "Build operations Thread 2" [_thread_blocked, id=42243, stack(0x0000700002812000,0x0000700002912000)]
  0x00007fdd84874000 JavaThread "Build operations Thread 3" [_thread_blocked, id=43011, stack(0x0000700002915000,0x0000700002a15000)]
  0x00007fdd80fce000 JavaThread "Build operations Thread 4" [_thread_blocked, id=43779, stack(0x0000700002a18000,0x0000700002b18000)]
  0x00007fdd84948000 JavaThread "pool-1-thread-1" [_thread_blocked, id=44547, stack(0x0000700002b1b000,0x0000700002c1b000)]
  0x00007fdd81c6a800 JavaThread "Cache worker for Build Output Cleanup Cache (/Users/chhekur/Desktop/AndroidNativeAPIs/.gradle/buildOutputCleanup)" [_thread_blocked, id=45315, stack(0x0000700002c1e000,0x0000700002d1e000)]
  0x00007fdd80d63000 JavaThread "Memory manager" [_thread_blocked, id=46083, stack(0x0000700002d21000,0x0000700002e21000)]
  0x00007fdd83592800 JavaThread "Cache worker for file content cache (/Users/chhekur/.gradle/caches/5.1.1/fileContent)" [_thread_blocked, id=46851, stack(0x0000700002e24000,0x0000700002f24000)]
  0x00007fdd83332000 JavaThread "Cache worker for file content cache (/Users/chhekur/Desktop/AndroidNativeAPIs/.gradle/5.1.1/fileContent)" [_thread_blocked, id=47619, stack(0x0000700002f27000,0x0000700003027000)]
  0x00007fdd84650800 JavaThread "Execution worker for ':'" [_thread_in_Java, id=48387, stack(0x000070000302a000,0x000070000312a000)]
  0x00007fdd8464e000 JavaThread "Execution worker for ':' Thread 2" [_thread_blocked, id=49155, stack(0x000070000312d000,0x000070000322d000)]
  0x00007fdd83095000 JavaThread "Execution worker for ':' Thread 3" [_thread_blocked, id=49923, stack(0x0000700003230000,0x0000700003330000)]
  0x00007fdd83096000 JavaThread "Cache worker for execution history cache (/Users/chhekur/Desktop/AndroidNativeAPIs/.gradle/5.1.1/executionHistory)" [_thread_blocked, id=50691, stack(0x0000700003333000,0x0000700003433000)]
  0x00007fdd86244800 JavaThread "Cache worker for Java compile cache (/Users/chhekur/.gradle/caches/5.1.1/javaCompile)" [_thread_blocked, id=16907, stack(0x0000700000932000,0x0000700000a32000)]
  0x00007fdd86033800 JavaThread "Cache worker for Java compile cache (/Users/chhekur/Desktop/AndroidNativeAPIs/.gradle/5.1.1/javaCompile)" [_thread_blocked, id=17671, stack(0x0000700003436000,0x0000700003536000)]
  0x00007fdd86569800 JavaThread "ForkJoinPool.commonPool-worker-3" daemon [_thread_blocked, id=51975, stack(0x0000700003539000,0x0000700003639000)]
  0x00007fdd864b4800 JavaThread "ForkJoinPool.commonPool-worker-5" daemon [_thread_blocked, id=27415, stack(0x000070000363c000,0x000070000373c000)]
  0x00007fdd851aa800 JavaThread "ForkJoinPool.commonPool-worker-7" daemon [_thread_blocked, id=53007, stack(0x000070000373f000,0x000070000383f000)]
  0x00007fdd857e5800 JavaThread "pool-2-thread-1" [_thread_blocked, id=54019, stack(0x0000700003842000,0x0000700003942000)]
  0x00007fdd864b5800 JavaThread "process reaper" daemon [_thread_in_native, id=54787, stack(0x0000700000097000,0x00007000000bb000)]
  0x00007fdd85562800 JavaThread "process reaper" daemon [_thread_in_native, id=55555, stack(0x00007000000be000,0x00007000000e2000)]
  0x00007fdd86a17000 JavaThread "process reaper" daemon [_thread_in_native, id=56323, stack(0x00007000000e5000,0x0000700000109000)]
  0x00007fdd864b6800 JavaThread "stderr" daemon [_thread_in_native, id=57091, stack(0x0000700003945000,0x0000700003a45000)]
  0x00007fdd85509000 JavaThread "stderr" daemon [_thread_in_native, id=57859, stack(0x0000700003a48000,0x0000700003b48000)]
  0x00007fdd864b7000 JavaThread "stderr" daemon [_thread_in_native, id=58627, stack(0x0000700003b4b000,0x0000700003c4b000)]
  0x00007fdd855cf800 JavaThread "stdout" daemon [_thread_in_native, id=59395, stack(0x0000700003c4e000,0x0000700003d4e000)]
  0x00007fdd8141c000 JavaThread "stdout" daemon [_thread_in_native, id=60163, stack(0x0000700003d51000,0x0000700003e51000)]
  0x00007fdd86544800 JavaThread "stdout" daemon [_thread_in_native, id=60931, stack(0x0000700003e54000,0x0000700003f54000)]
  0x00007fdd81576800 JavaThread "Exec process" [_thread_blocked, id=64003, stack(0x0000700004260000,0x0000700004360000)]
  0x00007fdd81a76800 JavaThread "process reaper" daemon [_thread_blocked, id=64771, stack(0x0000700000a35000,0x0000700000a59000)]
  0x00007fdd83da2000 JavaThread "Exec process Thread 2" [_thread_blocked, id=66307, stack(0x0000700004466000,0x0000700004566000)]
  0x00007fdd81b27800 JavaThread "Exec process Thread 3" [_thread_blocked, id=67075, stack(0x0000700004569000,0x0000700004669000)]
  0x00007fdd831d2800 JavaThread "Exec process Thread 4" [_thread_blocked, id=67843, stack(0x000070000466c000,0x000070000476c000)]
  0x00007fdd80d38800 JavaThread "C2 CompilerThread1" daemon [_thread_in_native, id=62479, stack(0x00007000013d6000,0x00007000014d6000)]
  0x00007fdd86414000 JavaThread "AppKit Thread" daemon [_thread_in_native, id=2571, stack(0x00007fff56afe000,0x00007fff572fe000)]
  0x00007fdd8815e800 JavaThread "Java2D Disposer" daemon [_thread_blocked, id=65551, stack(0x000070000405d000,0x000070000415d000)]

Other Threads:
  0x00007fdd80820000 VMThread "VM Thread" [stack: 0x0000700000629000,0x0000700000729000] [id=14851]
  0x00007fdd8082d000 WatcherThread [stack: 0x00007000010cd000,0x00007000011cd000] [id=25347]
  0x00007fdd8200e000 GCTaskThread "GC Thread#0" [stack: 0x000070000011a000,0x000070000021a000] [id=11779]
  0x00007fdd81803000 GCTaskThread "GC Thread#1" [stack: 0x00007000011d0000,0x00007000012d0000] [id=25859]
  0x00007fdd81977800 GCTaskThread "GC Thread#2" [stack: 0x00007000012d3000,0x00007000013d3000] [id=26371]
  0x00007fdd80bf5000 GCTaskThread "GC Thread#3" [stack: 0x0000700002303000,0x0000700002403000] [id=38403]
  0x00007fdd82033000 ConcurrentGCThread "G1 Main Marker" [stack: 0x000070000021d000,0x000070000031d000] [id=12291]
  0x00007fdd82034000 ConcurrentGCThread "G1 Conc#0" [stack: 0x0000700000320000,0x0000700000420000] [id=13315]
  0x00007fdd82094800 ConcurrentGCThread "G1 Refine#0" [stack: 0x0000700000423000,0x0000700000523000] [id=13827]
  0x00007fdd82095800 ConcurrentGCThread "G1 Young RemSet Sampling" [stack: 0x0000700000526000,0x0000700000626000] [id=14339]

Threads with active compile tasks:
C2 CompilerThread024415       4       com.android.tools.r8.ir.optimize.PeepholeOptimizer::shareIdenticalBlockSuffix (683 bytes)
C2 CompilerThread124570       4       com.android.tools.r8.ir.regalloc.LinearScanRegisterAllocator::allocateSingleInterval (841 bytes)

VM state:not at safepoint (normal execution)

VM Mutex/Monitor currently owned by a thread: None

Heap address: 0x00000007a0000000, size: 1536 MB, Compressed Oops mode: Zero based, Oop shift amount: 3
Narrow klass base: 0x0000000800000000, Narrow klass shift: 0
Compressed class space size: 1073741824 Address: 0x0000000800000000

Heap:
 garbage-first heap   total 236544K, used 199727K [0x00000007a0000000, 0x0000000800000000)
  region size 1024K, 55 young (56320K), 2 survivors (2048K)
 Metaspace       used 159884K, capacity 162748K, committed 163276K, reserved 1191936K
  class space    used 19125K, capacity 20201K, committed 20224K, reserved 1048576K
Heap Regions: E=young(eden), S=young(survivor), O=old, HS=humongous(starts), HC=humongous(continues), CS=collection set, F=free, A=archive, TAMS=top-at-mark-start (previous, next)
|   0|0x00000007a0000000, 0x00000007a0100000, 0x00000007a0100000|100%|HS|  |TAMS 0x00000007a0100000, 0x00000007a0000000| Complete 
|   1|0x00000007a0100000, 0x00000007a0200000, 0x00000007a0200000|100%|HS|  |TAMS 0x00000007a0200000, 0x00000007a0100000| Complete 
|   2|0x00000007a0200000, 0x00000007a0300000, 0x00000007a0300000|100%|HC|  |TAMS 0x00000007a0300000, 0x00000007a0200000| Complete 
|   3|0x00000007a0300000, 0x00000007a0400000, 0x00000007a0400000|100%| O|  |TAMS 0x00000007a0400000, 0x00000007a0300000| Untracked 
|   4|0x00000007a0400000, 0x00000007a0500000, 0x00000007a0500000|100%| O|  |TAMS 0x00000007a0500000, 0x00000007a0400000| Untracked 
|   5|0x00000007a0500000, 0x00000007a0600000, 0x00000007a0600000|100%| O|  |TAMS 0x00000007a0600000, 0x00000007a0500000| Untracked 
|   6|0x00000007a0600000, 0x00000007a0700000, 0x00000007a0700000|100%| O|  |TAMS 0x00000007a0700000, 0x00000007a0600000| Untracked 
|   7|0x00000007a0700000, 0x00000007a0800000, 0x00000007a0800000|100%| O|  |TAMS 0x00000007a0800000, 0x00000007a0700000| Untracked 
|   8|0x00000007a0800000, 0x00000007a0900000, 0x00000007a0900000|100%| O|  |TAMS 0x00000007a0900000, 0x00000007a0800000| Untracked 
|   9|0x00000007a0900000, 0x00000007a0a00000, 0x00000007a0a00000|100%| O|  |TAMS 0x00000007a0a00000, 0x00000007a0900000| Untracked 
|  10|0x00000007a0a00000, 0x00000007a0b00000, 0x00000007a0b00000|100%| O|  |TAMS 0x00000007a0b00000, 0x00000007a0a00000| Untracked 
|  11|0x00000007a0b00000, 0x00000007a0c00000, 0x00000007a0c00000|100%| O|  |TAMS 0x00000007a0c00000, 0x00000007a0b00000| Untracked 
|  12|0x00000007a0c00000, 0x00000007a0d00000, 0x00000007a0d00000|100%| O|  |TAMS 0x00000007a0d00000, 0x00000007a0c00000| Untracked 
|  13|0x00000007a0d00000, 0x00000007a0e00000, 0x00000007a0e00000|100%| O|  |TAMS 0x00000007a0e00000, 0x00000007a0d00000| Untracked 
|  14|0x00000007a0e00000, 0x00000007a0f00000, 0x00000007a0f00000|100%| O|  |TAMS 0x00000007a0f00000, 0x00000007a0e00000| Untracked 
|  15|0x00000007a0f00000, 0x00000007a1000000, 0x00000007a1000000|100%|HS|  |TAMS 0x00000007a1000000, 0x00000007a0f00000| Complete 
|  16|0x00000007a1000000, 0x00000007a1100000, 0x00000007a1100000|100%|HC|  |TAMS 0x00000007a1100000, 0x00000007a1000000| Complete 
|  17|0x00000007a1100000, 0x00000007a1200000, 0x00000007a1200000|100%|HC|  |TAMS 0x00000007a1200000, 0x00000007a1100000| Complete 
|  18|0x00000007a1200000, 0x00000007a1300000, 0x00000007a1300000|100%|HS|  |TAMS 0x00000007a1300000, 0x00000007a1200000| Complete 
|  19|0x00000007a1300000, 0x00000007a1400000, 0x00000007a1400000|100%|HC|  |TAMS 0x00000007a1400000, 0x00000007a1300000| Complete 
|  20|0x00000007a1400000, 0x00000007a1500000, 0x00000007a1500000|100%| O|  |TAMS 0x00000007a1500000, 0x00000007a1400000| Untracked 
|  21|0x00000007a1500000, 0x00000007a1600000, 0x00000007a1600000|100%| O|  |TAMS 0x00000007a1600000, 0x00000007a1500000| Untracked 
|  22|0x00000007a1600000, 0x00000007a1700000, 0x00000007a1700000|100%| O|  |TAMS 0x00000007a1700000, 0x00000007a1600000| Untracked 
|  23|0x00000007a1700000, 0x00000007a1800000, 0x00000007a1800000|100%| O|  |TAMS 0x00000007a1800000, 0x00000007a1700000| Untracked 
|  24|0x00000007a1800000, 0x00000007a1900000, 0x00000007a1900000|100%| O|  |TAMS 0x00000007a1900000, 0x00000007a1800000| Untracked 
|  25|0x00000007a1900000, 0x00000007a1a00000, 0x00000007a1a00000|100%| O|  |TAMS 0x00000007a1a00000, 0x00000007a1900000| Untracked 
|  26|0x00000007a1a00000, 0x00000007a1b00000, 0x00000007a1b00000|100%| O|  |TAMS 0x00000007a1b00000, 0x00000007a1a00000| Untracked 
|  27|0x00000007a1b00000, 0x00000007a1c00000, 0x00000007a1c00000|100%| O|  |TAMS 0x00000007a1c00000, 0x00000007a1b00000| Untracked 
|  28|0x00000007a1c00000, 0x00000007a1d00000, 0x00000007a1d00000|100%| O|  |TAMS 0x00000007a1d00000, 0x00000007a1c00000| Untracked 
|  29|0x00000007a1d00000, 0x00000007a1e00000, 0x00000007a1e00000|100%| O|  |TAMS 0x00000007a1e00000, 0x00000007a1d00000| Untracked 
|  30|0x00000007a1e00000, 0x00000007a1f00000, 0x00000007a1f00000|100%| O|  |TAMS 0x00000007a1f00000, 0x00000007a1e00000| Untracked 
|  31|0x00000007a1f00000, 0x00000007a2000000, 0x00000007a2000000|100%| O|  |TAMS 0x00000007a2000000, 0x00000007a1f00000| Untracked 
|  32|0x00000007a2000000, 0x00000007a2100000, 0x00000007a2100000|100%| O|  |TAMS 0x00000007a2100000, 0x00000007a2000000| Untracked 
|  33|0x00000007a2100000, 0x00000007a2200000, 0x00000007a2200000|100%| O|  |TAMS 0x00000007a2200000, 0x00000007a2100000| Untracked 
|  34|0x00000007a2200000, 0x00000007a2300000, 0x00000007a2300000|100%| O|  |TAMS 0x00000007a2200000, 0x00000007a2200000| Untracked 
|  35|0x00000007a2300000, 0x00000007a2400000, 0x00000007a2400000|100%| O|  |TAMS 0x00000007a2400000, 0x00000007a2300000| Untracked 
|  36|0x00000007a2400000, 0x00000007a2500000, 0x00000007a2500000|100%| O|  |TAMS 0x00000007a2500000, 0x00000007a2400000| Untracked 
|  37|0x00000007a2500000, 0x00000007a2600000, 0x00000007a2600000|100%| O|  |TAMS 0x00000007a2600000, 0x00000007a2500000| Untracked 
|  38|0x00000007a2600000, 0x00000007a2700000, 0x00000007a2700000|100%| O|  |TAMS 0x00000007a2700000, 0x00000007a2600000| Untracked 
|  39|0x00000007a2700000, 0x00000007a2800000, 0x00000007a2800000|100%| O|  |TAMS 0x00000007a2800000, 0x00000007a2700000| Untracked 
|  40|0x00000007a2800000, 0x00000007a2900000, 0x00000007a2900000|100%| O|  |TAMS 0x00000007a2900000, 0x00000007a2800000| Untracked 
|  41|0x00000007a2900000, 0x00000007a2a00000, 0x00000007a2a00000|100%| O|  |TAMS 0x00000007a2a00000, 0x00000007a2900000| Untracked 
|  42|0x00000007a2a00000, 0x00000007a2b00000, 0x00000007a2b00000|100%| O|  |TAMS 0x00000007a2b00000, 0x00000007a2a00000| Untracked 
|  43|0x00000007a2b00000, 0x00000007a2c00000, 0x00000007a2c00000|100%| O|  |TAMS 0x00000007a2c00000, 0x00000007a2b00000| Untracked 
|  44|0x00000007a2c00000, 0x00000007a2d00000, 0x00000007a2d00000|100%| O|  |TAMS 0x00000007a2d00000, 0x00000007a2c00000| Untracked 
|  45|0x00000007a2d00000, 0x00000007a2e00000, 0x00000007a2e00000|100%| O|  |TAMS 0x00000007a2e00000, 0x00000007a2d00000| Untracked 
|  46|0x00000007a2e00000, 0x00000007a2f00000, 0x00000007a2f00000|100%| O|  |TAMS 0x00000007a2f00000, 0x00000007a2e00000| Untracked 
|  47|0x00000007a2f00000, 0x00000007a3000000, 0x00000007a3000000|100%| O|  |TAMS 0x00000007a3000000, 0x00000007a2f00000| Untracked 
|  48|0x00000007a3000000, 0x00000007a3100000, 0x00000007a3100000|100%| O|  |TAMS 0x00000007a3100000, 0x00000007a3000000| Untracked 
|  49|0x00000007a3100000, 0x00000007a3200000, 0x00000007a3200000|100%| O|  |TAMS 0x00000007a3200000, 0x00000007a3100000| Untracked 
|  50|0x00000007a3200000, 0x00000007a3300000, 0x00000007a3300000|100%| O|  |TAMS 0x00000007a3300000, 0x00000007a3200000| Untracked 
|  51|0x00000007a3300000, 0x00000007a3400000, 0x00000007a3400000|100%| O|  |TAMS 0x00000007a3400000, 0x00000007a3300000| Untracked 
|  52|0x00000007a3400000, 0x00000007a3500000, 0x00000007a3500000|100%| O|  |TAMS 0x00000007a3500000, 0x00000007a3400000| Untracked 
|  53|0x00000007a3500000, 0x00000007a3600000, 0x00000007a3600000|100%| O|  |TAMS 0x00000007a3500000, 0x00000007a3500000| Untracked 
|  54|0x00000007a3600000, 0x00000007a3700000, 0x00000007a3700000|100%| O|  |TAMS 0x00000007a3700000, 0x00000007a3600000| Untracked 
|  55|0x00000007a3700000, 0x00000007a3800000, 0x00000007a3800000|100%| O|  |TAMS 0x00000007a3800000, 0x00000007a3700000| Untracked 
|  56|0x00000007a3800000, 0x00000007a3900000, 0x00000007a3900000|100%| O|  |TAMS 0x00000007a3900000, 0x00000007a3800000| Untracked 
|  57|0x00000007a3900000, 0x00000007a3a00000, 0x00000007a3a00000|100%| O|  |TAMS 0x00000007a3a00000, 0x00000007a3900000| Untracked 
|  58|0x00000007a3a00000, 0x00000007a3b00000, 0x00000007a3b00000|100%| O|  |TAMS 0x00000007a3b00000, 0x00000007a3a00000| Untracked 
|  59|0x00000007a3b00000, 0x00000007a3c00000, 0x00000007a3c00000|100%| O|  |TAMS 0x00000007a3c00000, 0x00000007a3b00000| Untracked 
|  60|0x00000007a3c00000, 0x00000007a3d00000, 0x00000007a3d00000|100%| O|  |TAMS 0x00000007a3d00000, 0x00000007a3c00000| Untracked 
|  61|0x00000007a3d00000, 0x00000007a3e00000, 0x00000007a3e00000|100%| O|  |TAMS 0x00000007a3e00000, 0x00000007a3d00000| Untracked 
|  62|0x00000007a3e00000, 0x00000007a3f00000, 0x00000007a3f00000|100%| O|  |TAMS 0x00000007a3f00000, 0x00000007a3e00000| Untracked 
|  63|0x00000007a3f00000, 0x00000007a4000000, 0x00000007a4000000|100%|HS|  |TAMS 0x00000007a3f00000, 0x00000007a3f00000| Complete 
|  64|0x00000007a4000000, 0x00000007a4100000, 0x00000007a4100000|100%| O|  |TAMS 0x00000007a4100000, 0x00000007a4000000| Untracked 
|  65|0x00000007a4100000, 0x00000007a4200000, 0x00000007a4200000|100%| O|  |TAMS 0x00000007a4200000, 0x00000007a4100000| Untracked 
|  66|0x00000007a4200000, 0x00000007a4300000, 0x00000007a4300000|100%| O|  |TAMS 0x00000007a4300000, 0x00000007a4200000| Untracked 
|  67|0x00000007a4300000, 0x00000007a4400000, 0x00000007a4400000|100%| O|  |TAMS 0x00000007a4400000, 0x00000007a4300000| Untracked 
|  68|0x00000007a4400000, 0x00000007a4500000, 0x00000007a4500000|100%| O|  |TAMS 0x00000007a4500000, 0x00000007a4400000| Untracked 
|  69|0x00000007a4500000, 0x00000007a4600000, 0x00000007a4600000|100%| O|  |TAMS 0x00000007a4600000, 0x00000007a4500000| Untracked 
|  70|0x00000007a4600000, 0x00000007a4700000, 0x00000007a4700000|100%| O|  |TAMS 0x00000007a4700000, 0x00000007a4600000| Untracked 
|  71|0x00000007a4700000, 0x00000007a4800000, 0x00000007a4800000|100%| O|  |TAMS 0x00000007a4700000, 0x00000007a4700000| Untracked 
|  72|0x00000007a4800000, 0x00000007a4900000, 0x00000007a4900000|100%| O|  |TAMS 0x00000007a4900000, 0x00000007a4800000| Untracked 
|  73|0x00000007a4900000, 0x00000007a4a00000, 0x00000007a4a00000|100%| O|  |TAMS 0x00000007a4a00000, 0x00000007a4900000| Untracked 
|  74|0x00000007a4a00000, 0x00000007a4b00000, 0x00000007a4b00000|100%| O|  |TAMS 0x00000007a4b00000, 0x00000007a4a00000| Untracked 
|  75|0x00000007a4b00000, 0x00000007a4c00000, 0x00000007a4c00000|100%| O|  |TAMS 0x00000007a4b00000, 0x00000007a4b00000| Untracked 
|  76|0x00000007a4c00000, 0x00000007a4d00000, 0x00000007a4d00000|100%| O|  |TAMS 0x00000007a4d00000, 0x00000007a4c00000| Untracked 
|  77|0x00000007a4d00000, 0x00000007a4e00000, 0x00000007a4e00000|100%| O|  |TAMS 0x00000007a4d00000, 0x00000007a4d00000| Untracked 
|  78|0x00000007a4e00000, 0x00000007a4f00000, 0x00000007a4f00000|100%| O|  |TAMS 0x00000007a4f00000, 0x00000007a4e00000| Untracked 
|  79|0x00000007a4f00000, 0x00000007a5000000, 0x00000007a5000000|100%| O|  |TAMS 0x00000007a5000000, 0x00000007a4f00000| Untracked 
|  80|0x00000007a5000000, 0x00000007a5100000, 0x00000007a5100000|100%| O|  |TAMS 0x00000007a5100000, 0x00000007a5000000| Untracked 
|  81|0x00000007a5100000, 0x00000007a5200000, 0x00000007a5200000|100%| O|  |TAMS 0x00000007a5100000, 0x00000007a5100000| Untracked 
|  82|0x00000007a5200000, 0x00000007a5300000, 0x00000007a5300000|100%| O|  |TAMS 0x00000007a5300000, 0x00000007a5200000| Untracked 
|  83|0x00000007a5300000, 0x00000007a5400000, 0x00000007a5400000|100%| O|  |TAMS 0x00000007a5300000, 0x00000007a5300000| Untracked 
|  84|0x00000007a5400000, 0x00000007a5500000, 0x00000007a5500000|100%| O|  |TAMS 0x00000007a5400000, 0x00000007a5400000| Untracked 
|  85|0x00000007a5500000, 0x00000007a5600000, 0x00000007a5600000|100%| O|  |TAMS 0x00000007a5600000, 0x00000007a5500000| Untracked 
|  86|0x00000007a5600000, 0x00000007a5700000, 0x00000007a5700000|100%| O|  |TAMS 0x00000007a5700000, 0x00000007a5600000| Untracked 
|  87|0x00000007a5700000, 0x00000007a5800000, 0x00000007a5800000|100%| O|  |TAMS 0x00000007a5700000, 0x00000007a5700000| Untracked 
|  88|0x00000007a5800000, 0x00000007a5900000, 0x00000007a5900000|100%| O|  |TAMS 0x00000007a5800000, 0x00000007a5800000| Untracked 
|  89|0x00000007a5900000, 0x00000007a5a00000, 0x00000007a5a00000|100%| O|  |TAMS 0x00000007a5a00000, 0x00000007a5900000| Untracked 
|  90|0x00000007a5a00000, 0x00000007a5b00000, 0x00000007a5b00000|100%| O|  |TAMS 0x00000007a5b00000, 0x00000007a5a00000| Untracked 
|  91|0x00000007a5b00000, 0x00000007a5c00000, 0x00000007a5c00000|100%| O|  |TAMS 0x00000007a5b00000, 0x00000007a5b00000| Untracked 
|  92|0x00000007a5c00000, 0x00000007a5d00000, 0x00000007a5d00000|100%| O|  |TAMS 0x00000007a5d00000, 0x00000007a5c00000| Untracked 
|  93|0x00000007a5d00000, 0x00000007a5e00000, 0x00000007a5e00000|100%|HS|  |TAMS 0x00000007a5e00000, 0x00000007a5d00000| Complete 
|  94|0x00000007a5e00000, 0x00000007a5f00000, 0x00000007a5f00000|100%|HS|  |TAMS 0x00000007a5f00000, 0x00000007a5e00000| Complete 
|  95|0x00000007a5f00000, 0x00000007a6000000, 0x00000007a6000000|100%|HC|  |TAMS 0x00000007a6000000, 0x00000007a5f00000| Complete 
|  96|0x00000007a6000000, 0x00000007a6100000, 0x00000007a6100000|100%| O|  |TAMS 0x00000007a6100000, 0x00000007a6000000| Untracked 
|  97|0x00000007a6100000, 0x00000007a6200000, 0x00000007a6200000|100%| O|  |TAMS 0x00000007a6200000, 0x00000007a6100000| Untracked 
|  98|0x00000007a6200000, 0x00000007a6300000, 0x00000007a6300000|100%| O|  |TAMS 0x00000007a6300000, 0x00000007a6200000| Untracked 
|  99|0x00000007a6300000, 0x00000007a6400000, 0x00000007a6400000|100%| O|  |TAMS 0x00000007a6300000, 0x00000007a6300000| Untracked 
| 100|0x00000007a6400000, 0x00000007a6500000, 0x00000007a6500000|100%| O|  |TAMS 0x00000007a6400000, 0x00000007a6400000| Untracked 
| 101|0x00000007a6500000, 0x00000007a6600000, 0x00000007a6600000|100%| O|  |TAMS 0x00000007a6500000, 0x00000007a6500000| Untracked 
| 102|0x00000007a6600000, 0x00000007a6700000, 0x00000007a6700000|100%| O|  |TAMS 0x00000007a6600000, 0x00000007a6600000| Untracked 
| 103|0x00000007a6700000, 0x00000007a6800000, 0x00000007a6800000|100%| O|  |TAMS 0x00000007a6700000, 0x00000007a6700000| Untracked 
| 104|0x00000007a6800000, 0x00000007a6900000, 0x00000007a6900000|100%| O|  |TAMS 0x00000007a6800000, 0x00000007a6800000| Untracked 
| 105|0x00000007a6900000, 0x00000007a6a00000, 0x00000007a6a00000|100%| O|  |TAMS 0x00000007a6a00000, 0x00000007a6900000| Untracked 
| 106|0x00000007a6a00000, 0x00000007a6b00000, 0x00000007a6b00000|100%| O|  |TAMS 0x00000007a6a00000, 0x00000007a6a00000| Untracked 
| 107|0x00000007a6b00000, 0x00000007a6c00000, 0x00000007a6c00000|100%| O|  |TAMS 0x00000007a6b00000, 0x00000007a6b00000| Untracked 
| 108|0x00000007a6c00000, 0x00000007a6d00000, 0x00000007a6d00000|100%| O|  |TAMS 0x00000007a6d00000, 0x00000007a6c00000| Untracked 
| 109|0x00000007a6d00000, 0x00000007a6e00000, 0x00000007a6e00000|100%| O|  |TAMS 0x00000007a6e00000, 0x00000007a6d00000| Untracked 
| 110|0x00000007a6e00000, 0x00000007a6f00000, 0x00000007a6f00000|100%| O|  |TAMS 0x00000007a6f00000, 0x00000007a6e00000| Untracked 
| 111|0x00000007a6f00000, 0x00000007a7000000, 0x00000007a7000000|100%| O|  |TAMS 0x00000007a7000000, 0x00000007a6f00000| Untracked 
| 112|0x00000007a7000000, 0x00000007a7100000, 0x00000007a7100000|100%| O|  |TAMS 0x00000007a7100000, 0x00000007a7000000| Untracked 
| 113|0x00000007a7100000, 0x00000007a7200000, 0x00000007a7200000|100%| O|  |TAMS 0x00000007a7100000, 0x00000007a7100000| Untracked 
| 114|0x00000007a7200000, 0x00000007a7300000, 0x00000007a7300000|100%| O|  |TAMS 0x00000007a7200000, 0x00000007a7200000| Untracked 
| 115|0x00000007a7300000, 0x00000007a7400000, 0x00000007a7400000|100%| O|  |TAMS 0x00000007a7300000, 0x00000007a7300000| Untracked 
| 116|0x00000007a7400000, 0x00000007a7500000, 0x00000007a7500000|100%| O|  |TAMS 0x00000007a7400000, 0x00000007a7400000| Untracked 
| 117|0x00000007a7500000, 0x00000007a7600000, 0x00000007a7600000|100%| O|  |TAMS 0x00000007a7600000, 0x00000007a7500000| Untracked 
| 118|0x00000007a7600000, 0x00000007a7700000, 0x00000007a7700000|100%| O|  |TAMS 0x00000007a7700000, 0x00000007a7600000| Untracked 
| 119|0x00000007a7700000, 0x00000007a7800000, 0x00000007a7800000|100%|HS|  |TAMS 0x00000007a7700000, 0x00000007a7700000| Complete 
| 120|0x00000007a7800000, 0x00000007a7900000, 0x00000007a7900000|100%|HC|  |TAMS 0x00000007a7800000, 0x00000007a7800000| Complete 
| 121|0x00000007a7900000, 0x00000007a7a00000, 0x00000007a7a00000|100%| O|  |TAMS 0x00000007a7900000, 0x00000007a7900000| Untracked 
| 122|0x00000007a7a00000, 0x00000007a7b00000, 0x00000007a7b00000|100%| O|  |TAMS 0x00000007a7a00000, 0x00000007a7a00000| Untracked 
| 123|0x00000007a7b00000, 0x00000007a7c00000, 0x00000007a7c00000|100%| O|  |TAMS 0x00000007a7b00000, 0x00000007a7b00000| Untracked 
| 124|0x00000007a7c00000, 0x00000007a7d00000, 0x00000007a7d00000|100%| O|  |TAMS 0x00000007a7d00000, 0x00000007a7c00000| Untracked 
| 125|0x00000007a7d00000, 0x00000007a7e00000, 0x00000007a7e00000|100%| O|  |TAMS 0x00000007a7d00000, 0x00000007a7d00000| Untracked 
| 126|0x00000007a7e00000, 0x00000007a7f00000, 0x00000007a7f00000|100%| O|  |TAMS 0x00000007a7e00000, 0x00000007a7e00000| Untracked 
| 127|0x00000007a7f00000, 0x00000007a8000000, 0x00000007a8000000|100%| O|  |TAMS 0x00000007a7f00000, 0x00000007a7f00000| Untracked 
| 128|0x00000007a8000000, 0x00000007a8100000, 0x00000007a8100000|100%| O|  |TAMS 0x00000007a8100000, 0x00000007a8000000| Untracked 
| 129|0x00000007a8100000, 0x00000007a8200000, 0x00000007a8200000|100%| O|  |TAMS 0x00000007a8200000, 0x00000007a8100000| Untracked 
| 130|0x00000007a8200000, 0x00000007a8300000, 0x00000007a8300000|100%| O|  |TAMS 0x00000007a8300000, 0x00000007a8200000| Untracked 
| 131|0x00000007a8300000, 0x00000007a8400000, 0x00000007a8400000|100%| O|  |TAMS 0x00000007a8300000, 0x00000007a8300000| Untracked 
| 132|0x00000007a8400000, 0x00000007a8500000, 0x00000007a8500000|100%| O|  |TAMS 0x00000007a8400000, 0x00000007a8400000| Untracked 
| 133|0x00000007a8500000, 0x00000007a8600000, 0x00000007a8600000|100%| O|  |TAMS 0x00000007a8500000, 0x00000007a8500000| Untracked 
| 134|0x00000007a8600000, 0x00000007a860bc00, 0x00000007a8700000|  4%| O|  |TAMS 0x00000007a8600000, 0x00000007a8600000| Untracked 
| 135|0x00000007a8700000, 0x00000007a8700000, 0x00000007a8800000|  0%| F|  |TAMS 0x00000007a8700000, 0x00000007a8700000| Untracked 
| 136|0x00000007a8800000, 0x00000007a8800000, 0x00000007a8900000|  0%| F|  |TAMS 0x00000007a8800000, 0x00000007a8800000| Untracked 
| 137|0x00000007a8900000, 0x00000007a8900000, 0x00000007a8a00000|  0%| F|  |TAMS 0x00000007a8900000, 0x00000007a8900000| Untracked 
| 138|0x00000007a8a00000, 0x00000007a8a00000, 0x00000007a8b00000|  0%| F|  |TAMS 0x00000007a8a00000, 0x00000007a8a00000| Untracked 
| 139|0x00000007a8b00000, 0x00000007a8b00000, 0x00000007a8c00000|  0%| F|  |TAMS 0x00000007a8b00000, 0x00000007a8b00000| Untracked 
| 140|0x00000007a8c00000, 0x00000007a8c00000, 0x00000007a8d00000|  0%| F|  |TAMS 0x00000007a8c00000, 0x00000007a8c00000| Untracked 
| 141|0x00000007a8d00000, 0x00000007a8e00000, 0x00000007a8e00000|100%| O|  |TAMS 0x00000007a8e00000, 0x00000007a8d00000| Untracked 
| 142|0x00000007a8e00000, 0x00000007a8f00000, 0x00000007a8f00000|100%| O|  |TAMS 0x00000007a8f00000, 0x00000007a8e00000| Untracked 
| 143|0x00000007a8f00000, 0x00000007a9000000, 0x00000007a9000000|100%| O|  |TAMS 0x00000007a9000000, 0x00000007a8f00000| Untracked 
| 144|0x00000007a9000000, 0x00000007a9100000, 0x00000007a9100000|100%| O|  |TAMS 0x00000007a9100000, 0x00000007a9000000| Untracked 
| 145|0x00000007a9100000, 0x00000007a9200000, 0x00000007a9200000|100%| O|  |TAMS 0x00000007a9200000, 0x00000007a9100000| Untracked 
| 146|0x00000007a9200000, 0x00000007a9300000, 0x00000007a9300000|100%| O|  |TAMS 0x00000007a9300000, 0x00000007a9200000| Untracked 
| 147|0x00000007a9300000, 0x00000007a9400000, 0x00000007a9400000|100%| O|  |TAMS 0x00000007a9318000, 0x00000007a9300000| Untracked 
| 148|0x00000007a9400000, 0x00000007a9400000, 0x00000007a9500000|  0%| F|  |TAMS 0x00000007a9400000, 0x00000007a9400000| Untracked 
| 149|0x00000007a9500000, 0x00000007a9500000, 0x00000007a9600000|  0%| F|  |TAMS 0x00000007a9500000, 0x00000007a9500000| Untracked 
| 150|0x00000007a9600000, 0x00000007a9600000, 0x00000007a9700000|  0%| F|  |TAMS 0x00000007a9600000, 0x00000007a9600000| Untracked 
| 151|0x00000007a9700000, 0x00000007a9700000, 0x00000007a9800000|  0%| F|  |TAMS 0x00000007a9700000, 0x00000007a9700000| Untracked 
| 152|0x00000007a9800000, 0x00000007a9800000, 0x00000007a9900000|  0%| F|  |TAMS 0x00000007a9800000, 0x00000007a9800000| Untracked 
| 153|0x00000007a9900000, 0x00000007a9900000, 0x00000007a9a00000|  0%| F|  |TAMS 0x00000007a9900000, 0x00000007a9900000| Untracked 
| 154|0x00000007a9a00000, 0x00000007a9a00000, 0x00000007a9b00000|  0%| F|  |TAMS 0x00000007a9a00000, 0x00000007a9a00000| Untracked 
| 155|0x00000007a9b00000, 0x00000007a9b00000, 0x00000007a9c00000|  0%| F|  |TAMS 0x00000007a9b00000, 0x00000007a9b00000| Untracked 
| 156|0x00000007a9c00000, 0x00000007a9c00000, 0x00000007a9d00000|  0%| F|  |TAMS 0x00000007a9c00000, 0x00000007a9c00000| Untracked 
| 157|0x00000007a9d00000, 0x00000007a9d00000, 0x00000007a9e00000|  0%| F|  |TAMS 0x00000007a9d00000, 0x00000007a9d00000| Untracked 
| 158|0x00000007a9e00000, 0x00000007a9e00000, 0x00000007a9f00000|  0%| F|  |TAMS 0x00000007a9e00000, 0x00000007a9e00000| Untracked 
| 159|0x00000007a9f00000, 0x00000007a9f00000, 0x00000007aa000000|  0%| F|  |TAMS 0x00000007a9f00000, 0x00000007a9f00000| Untracked 
| 160|0x00000007aa000000, 0x00000007aa000000, 0x00000007aa100000|  0%| F|  |TAMS 0x00000007aa000000, 0x00000007aa000000| Untracked 
| 161|0x00000007aa100000, 0x00000007aa100000, 0x00000007aa200000|  0%| F|  |TAMS 0x00000007aa100000, 0x00000007aa100000| Untracked 
| 162|0x00000007aa200000, 0x00000007aa200000, 0x00000007aa300000|  0%| F|  |TAMS 0x00000007aa200000, 0x00000007aa200000| Untracked 
| 163|0x00000007aa300000, 0x00000007aa300000, 0x00000007aa400000|  0%| F|  |TAMS 0x00000007aa300000, 0x00000007aa300000| Untracked 
| 164|0x00000007aa400000, 0x00000007aa400000, 0x00000007aa500000|  0%| F|  |TAMS 0x00000007aa400000, 0x00000007aa400000| Untracked 
| 165|0x00000007aa500000, 0x00000007aa500000, 0x00000007aa600000|  0%| F|  |TAMS 0x00000007aa500000, 0x00000007aa500000| Untracked 
| 166|0x00000007aa600000, 0x00000007aa600000, 0x00000007aa700000|  0%| F|  |TAMS 0x00000007aa600000, 0x00000007aa600000| Untracked 
| 167|0x00000007aa700000, 0x00000007aa700000, 0x00000007aa800000|  0%| F|  |TAMS 0x00000007aa700000, 0x00000007aa700000| Untracked 
| 168|0x00000007aa800000, 0x00000007aa800000, 0x00000007aa900000|  0%| F|  |TAMS 0x00000007aa800000, 0x00000007aa800000| Untracked 
| 169|0x00000007aa900000, 0x00000007aaa00000, 0x00000007aaa00000|100%| S|CS|TAMS 0x00000007aa900000, 0x00000007aa900000| Complete 
| 170|0x00000007aaa00000, 0x00000007aab00000, 0x00000007aab00000|100%| S|CS|TAMS 0x00000007aaa00000, 0x00000007aaa00000| Complete 
| 171|0x00000007aab00000, 0x00000007aab00000, 0x00000007aac00000|  0%| F|  |TAMS 0x00000007aab00000, 0x00000007aab00000| Untracked 
| 172|0x00000007aac00000, 0x00000007aac00000, 0x00000007aad00000|  0%| F|  |TAMS 0x00000007aac00000, 0x00000007aac00000| Untracked 
| 173|0x00000007aad00000, 0x00000007aad00000, 0x00000007aae00000|  0%| F|  |TAMS 0x00000007aad00000, 0x00000007aad00000| Untracked 
| 174|0x00000007aae00000, 0x00000007aae00000, 0x00000007aaf00000|  0%| F|  |TAMS 0x00000007aae00000, 0x00000007aae00000| Untracked 
| 175|0x00000007aaf00000, 0x00000007aaf00000, 0x00000007ab000000|  0%| F|  |TAMS 0x00000007aaf00000, 0x00000007aaf00000| Untracked 
| 176|0x00000007ab000000, 0x00000007ab000000, 0x00000007ab100000|  0%| F|  |TAMS 0x00000007ab000000, 0x00000007ab000000| Untracked 
| 177|0x00000007ab100000, 0x00000007ab100000, 0x00000007ab200000|  0%| F|  |TAMS 0x00000007ab100000, 0x00000007ab100000| Untracked 
| 178|0x00000007ab200000, 0x00000007ab300000, 0x00000007ab300000|100%| E|  |TAMS 0x00000007ab200000, 0x00000007ab200000| Complete 
| 179|0x00000007ab300000, 0x00000007ab400000, 0x00000007ab400000|100%| E|CS|TAMS 0x00000007ab300000, 0x00000007ab300000| Complete 
| 180|0x00000007ab400000, 0x00000007ab500000, 0x00000007ab500000|100%| E|CS|TAMS 0x00000007ab400000, 0x00000007ab400000| Complete 
| 181|0x00000007ab500000, 0x00000007ab600000, 0x00000007ab600000|100%| E|CS|TAMS 0x00000007ab500000, 0x00000007ab500000| Complete 
| 182|0x00000007ab600000, 0x00000007ab700000, 0x00000007ab700000|100%| E|CS|TAMS 0x00000007ab600000, 0x00000007ab600000| Complete 
| 183|0x00000007ab700000, 0x00000007ab800000, 0x00000007ab800000|100%| E|CS|TAMS 0x00000007ab700000, 0x00000007ab700000| Complete 
| 184|0x00000007ab800000, 0x00000007ab900000, 0x00000007ab900000|100%| E|CS|TAMS 0x00000007ab800000, 0x00000007ab800000| Complete 
| 185|0x00000007ab900000, 0x00000007aba00000, 0x00000007aba00000|100%| E|CS|TAMS 0x00000007ab900000, 0x00000007ab900000| Complete 
| 186|0x00000007aba00000, 0x00000007abb00000, 0x00000007abb00000|100%| E|CS|TAMS 0x00000007aba00000, 0x00000007aba00000| Complete 
| 187|0x00000007abb00000, 0x00000007abc00000, 0x00000007abc00000|100%| E|CS|TAMS 0x00000007abb00000, 0x00000007abb00000| Complete 
| 188|0x00000007abc00000, 0x00000007abd00000, 0x00000007abd00000|100%| E|CS|TAMS 0x00000007abc00000, 0x00000007abc00000| Complete 
| 189|0x00000007abd00000, 0x00000007abe00000, 0x00000007abe00000|100%| E|CS|TAMS 0x00000007abd00000, 0x00000007abd00000| Complete 
| 190|0x00000007abe00000, 0x00000007abf00000, 0x00000007abf00000|100%| E|CS|TAMS 0x00000007abe00000, 0x00000007abe00000| Complete 
| 191|0x00000007abf00000, 0x00000007ac000000, 0x00000007ac000000|100%| E|CS|TAMS 0x00000007abf00000, 0x00000007abf00000| Complete 
| 192|0x00000007ac000000, 0x00000007ac100000, 0x00000007ac100000|100%| E|CS|TAMS 0x00000007ac000000, 0x00000007ac000000| Complete 
| 193|0x00000007ac100000, 0x00000007ac200000, 0x00000007ac200000|100%| E|CS|TAMS 0x00000007ac100000, 0x00000007ac100000| Complete 
| 194|0x00000007ac200000, 0x00000007ac300000, 0x00000007ac300000|100%| E|CS|TAMS 0x00000007ac200000, 0x00000007ac200000| Complete 
| 195|0x00000007ac300000, 0x00000007ac400000, 0x00000007ac400000|100%| E|CS|TAMS 0x00000007ac300000, 0x00000007ac300000| Complete 
| 196|0x00000007ac400000, 0x00000007ac500000, 0x00000007ac500000|100%| E|CS|TAMS 0x00000007ac400000, 0x00000007ac400000| Complete 
| 197|0x00000007ac500000, 0x00000007ac600000, 0x00000007ac600000|100%| E|CS|TAMS 0x00000007ac500000, 0x00000007ac500000| Complete 
| 198|0x00000007ac600000, 0x00000007ac700000, 0x00000007ac700000|100%| E|CS|TAMS 0x00000007ac600000, 0x00000007ac600000| Complete 
| 199|0x00000007ac700000, 0x00000007ac800000, 0x00000007ac800000|100%| E|CS|TAMS 0x00000007ac700000, 0x00000007ac700000| Complete 
| 200|0x00000007ac800000, 0x00000007ac900000, 0x00000007ac900000|100%| E|CS|TAMS 0x00000007ac800000, 0x00000007ac800000| Complete 
| 201|0x00000007ac900000, 0x00000007aca00000, 0x00000007aca00000|100%| E|CS|TAMS 0x00000007ac900000, 0x00000007ac900000| Complete 
| 202|0x00000007aca00000, 0x00000007acb00000, 0x00000007acb00000|100%| E|CS|TAMS 0x00000007aca00000, 0x00000007aca00000| Complete 
| 203|0x00000007acb00000, 0x00000007acc00000, 0x00000007acc00000|100%| E|CS|TAMS 0x00000007acb00000, 0x00000007acb00000| Complete 
| 204|0x00000007acc00000, 0x00000007acd00000, 0x00000007acd00000|100%| E|CS|TAMS 0x00000007acc00000, 0x00000007acc00000| Complete 
| 205|0x00000007acd00000, 0x00000007ace00000, 0x00000007ace00000|100%| E|CS|TAMS 0x00000007acd00000, 0x00000007acd00000| Complete 
| 206|0x00000007ace00000, 0x00000007acf00000, 0x00000007acf00000|100%| E|CS|TAMS 0x00000007ace00000, 0x00000007ace00000| Complete 
| 207|0x00000007acf00000, 0x00000007ad000000, 0x00000007ad000000|100%| E|CS|TAMS 0x00000007acf00000, 0x00000007acf00000| Complete 
| 208|0x00000007ad000000, 0x00000007ad100000, 0x00000007ad100000|100%| E|CS|TAMS 0x00000007ad000000, 0x00000007ad000000| Complete 
| 209|0x00000007ad100000, 0x00000007ad200000, 0x00000007ad200000|100%| E|CS|TAMS 0x00000007ad100000, 0x00000007ad100000| Complete 
| 210|0x00000007ad200000, 0x00000007ad300000, 0x00000007ad300000|100%| E|CS|TAMS 0x00000007ad200000, 0x00000007ad200000| Complete 
| 211|0x00000007ad300000, 0x00000007ad400000, 0x00000007ad400000|100%| E|CS|TAMS 0x00000007ad300000, 0x00000007ad300000| Complete 
| 212|0x00000007ad400000, 0x00000007ad500000, 0x00000007ad500000|100%| E|CS|TAMS 0x00000007ad400000, 0x00000007ad400000| Complete 
| 213|0x00000007ad500000, 0x00000007ad600000, 0x00000007ad600000|100%| E|CS|TAMS 0x00000007ad500000, 0x00000007ad500000| Complete 
| 214|0x00000007ad600000, 0x00000007ad700000, 0x00000007ad700000|100%| E|CS|TAMS 0x00000007ad600000, 0x00000007ad600000| Complete 
| 215|0x00000007ad700000, 0x00000007ad800000, 0x00000007ad800000|100%| E|CS|TAMS 0x00000007ad700000, 0x00000007ad700000| Complete 
| 216|0x00000007ad800000, 0x00000007ad900000, 0x00000007ad900000|100%| E|CS|TAMS 0x00000007ad800000, 0x00000007ad800000| Complete 
| 217|0x00000007ad900000, 0x00000007ada00000, 0x00000007ada00000|100%| E|CS|TAMS 0x00000007ad900000, 0x00000007ad900000| Complete 
| 218|0x00000007ada00000, 0x00000007adb00000, 0x00000007adb00000|100%| E|CS|TAMS 0x00000007ada00000, 0x00000007ada00000| Complete 
| 219|0x00000007adb00000, 0x00000007adc00000, 0x00000007adc00000|100%| E|CS|TAMS 0x00000007adb00000, 0x00000007adb00000| Complete 
| 220|0x00000007adc00000, 0x00000007add00000, 0x00000007add00000|100%| E|CS|TAMS 0x00000007adc00000, 0x00000007adc00000| Complete 
| 221|0x00000007add00000, 0x00000007ade00000, 0x00000007ade00000|100%| E|CS|TAMS 0x00000007add00000, 0x00000007add00000| Complete 
| 222|0x00000007ade00000, 0x00000007adf00000, 0x00000007adf00000|100%| E|CS|TAMS 0x00000007ade00000, 0x00000007ade00000| Complete 
| 223|0x00000007adf00000, 0x00000007ae000000, 0x00000007ae000000|100%| E|CS|TAMS 0x00000007adf00000, 0x00000007adf00000| Complete 
| 224|0x00000007ae000000, 0x00000007ae100000, 0x00000007ae100000|100%| E|CS|TAMS 0x00000007ae000000, 0x00000007ae000000| Complete 
| 225|0x00000007ae100000, 0x00000007ae200000, 0x00000007ae200000|100%| E|CS|TAMS 0x00000007ae100000, 0x00000007ae100000| Complete 
| 226|0x00000007ae200000, 0x00000007ae300000, 0x00000007ae300000|100%| E|CS|TAMS 0x00000007ae200000, 0x00000007ae200000| Complete 
| 227|0x00000007ae300000, 0x00000007ae400000, 0x00000007ae400000|100%| E|CS|TAMS 0x00000007ae300000, 0x00000007ae300000| Complete 
| 228|0x00000007ae400000, 0x00000007ae500000, 0x00000007ae500000|100%| E|CS|TAMS 0x00000007ae400000, 0x00000007ae400000| Complete 
| 229|0x00000007ae500000, 0x00000007ae600000, 0x00000007ae600000|100%| E|CS|TAMS 0x00000007ae500000, 0x00000007ae500000| Complete 
| 230|0x00000007ae600000, 0x00000007ae700000, 0x00000007ae700000|100%| E|CS|TAMS 0x00000007ae600000, 0x00000007ae600000| Complete 

Card table byte_map: [0x0000000121e1f000,0x000000012211f000] _byte_map_base: 0x000000011e11f000

Marking Bits (Prev, Next): (CMBitMap*) 0x00007fdd8202c850, (CMBitMap*) 0x00007fdd8202c818
 Prev Bits: [0x0000000123c1f000, 0x000000012541f000)
 Next Bits: [0x000000012241f000, 0x0000000123c1f000)

Polling page: 0x00000001099d8000

Metaspace:

Usage:
  Non-class:    139.21 MB capacity,   137.46 MB ( 99%) used,     1.41 MB (  1%) free+waste,   342.69 KB ( <1%) overhead. 
      Class:     19.73 MB capacity,    18.68 MB ( 95%) used,   928.73 KB (  5%) free+waste,   146.62 KB ( <1%) overhead. 
       Both:    158.93 MB capacity,   156.14 MB ( 98%) used,     2.32 MB (  1%) free+waste,   489.31 KB ( <1%) overhead. 

Virtual space:
  Non-class space:      140.00 MB reserved,     139.70 MB (>99%) committed 
      Class space:        1.00 GB reserved,      19.75 MB (  2%) committed 
             Both:        1.14 GB reserved,     159.45 MB ( 14%) committed 

Chunk freelists:
   Non-Class:  62.12 KB
       Class:  0 bytes
        Both:  62.12 KB

CodeHeap 'non-profiled nmethods': size=120032Kb used=13391Kb max_used=13391Kb free=106641Kb
 bounds [0x000000011a011000, 0x000000011ad31000, 0x0000000121549000]
CodeHeap 'profiled nmethods': size=120032Kb used=51752Kb max_used=51752Kb free=68279Kb
 bounds [0x0000000112ad9000, 0x0000000115d89000, 0x000000011a011000]
CodeHeap 'non-nmethods': size=5696Kb used=2446Kb max_used=2510Kb free=3249Kb
 bounds [0x0000000112549000, 0x00000001127c9000, 0x0000000112ad9000]
 total_blobs=30822 nmethods=22126 adapters=1029
 compilation: enabled
              stopped_count=0, restarted_count=0
 full_count=0

Compilation events (10 events):
Event: 113.152 Thread 0x00007fdd8102b000 24610       2       com.android.tools.r8.graph.JarClassFileReader$ReparseContext::<init> (16 bytes)
Event: 113.153 Thread 0x00007fdd8102b000 nmethod 24610 0x0000000115d7d810 code [0x0000000115d7d9c0, 0x0000000115d7dc50]
Event: 113.205 Thread 0x00007fdd8102b000 24613       2       com.android.tools.r8.ir.regalloc.LiveIntervals::numberOfUsesWithConstraint (44 bytes)
Event: 113.205 Thread 0x00007fdd8102b000 nmethod 24613 0x0000000115d7dd10 code [0x0000000115d7df00, 0x0000000115d7e1d8]
Event: 113.211 Thread 0x00007fdd8102b000 24614       2       com.android.tools.r8.ir.code.Switch::getKey (7 bytes)
Event: 113.212 Thread 0x00007fdd8102b000 nmethod 24614 0x0000000115d7e390 code [0x0000000115d7e540, 0x0000000115d7e6b0]
Event: 113.222 Thread 0x00007fdd8102b000 24615       2       com.android.tools.r8.ir.code.BasicBlock::createGotoBlock (39 bytes)
Event: 113.222 Thread 0x00007fdd8102b000 nmethod 24615 0x0000000115d7e790 code [0x0000000115d7e9c0, 0x0000000115d7ee58]
Event: 113.324 Thread 0x00007fdd8102b000 24617       2       com.android.tools.r8.code.Nop::<init> (5 bytes)
Event: 113.324 Thread 0x00007fdd8102b000 nmethod 24617 0x0000000115d7f110 code [0x0000000115d7f2c0, 0x0000000115d7f410]

GC Heap History (10 events):
Event: 111.750 GC heap before
{Heap before GC invocations=69 (full 0):
 garbage-first heap   total 236544K, used 205273K [0x00000007a0000000, 0x0000000800000000)
  region size 1024K, 61 young (62464K), 5 survivors (5120K)
 Metaspace       used 159792K, capacity 162674K, committed 163276K, reserved 1191936K
  class space    used 19125K, capacity 20201K, committed 20224K, reserved 1048576K
}
Event: 111.756 GC heap after
{Heap after GC invocations=70 (full 0):
 garbage-first heap   total 236544K, used 148190K [0x00000007a0000000, 0x0000000800000000)
  region size 1024K, 4 young (4096K), 4 survivors (4096K)
 Metaspace       used 159792K, capacity 162674K, committed 163276K, reserved 1191936K
  class space    used 19125K, capacity 20201K, committed 20224K, reserved 1048576K
}
Event: 112.106 GC heap before
{Heap before GC invocations=70 (full 0):
 garbage-first heap   total 236544K, used 204510K [0x00000007a0000000, 0x0000000800000000)
  region size 1024K, 59 young (60416K), 4 survivors (4096K)
 Metaspace       used 159802K, capacity 162675K, committed 163276K, reserved 1191936K
  class space    used 19125K, capacity 20201K, committed 20224K, reserved 1048576K
}
Event: 112.110 GC heap after
{Heap after GC invocations=71 (full 0):
 garbage-first heap   total 236544K, used 148021K [0x00000007a0000000, 0x0000000800000000)
  region size 1024K, 4 young (4096K), 4 survivors (4096K)
 Metaspace       used 159802K, capacity 162675K, committed 163276K, reserved 1191936K
  class space    used 19125K, capacity 20201K, committed 20224K, reserved 1048576K
}
Event: 112.434 GC heap before
{Heap before GC invocations=71 (full 0):
 garbage-first heap   total 236544K, used 205365K [0x00000007a0000000, 0x0000000800000000)
  region size 1024K, 60 young (61440K), 4 survivors (4096K)
 Metaspace       used 159847K, capacity 162746K, committed 163276K, reserved 1191936K
  class space    used 19125K, capacity 20201K, committed 20224K, reserved 1048576K
}
Event: 112.437 GC heap after
{Heap after GC invocations=72 (full 0):
 garbage-first heap   total 236544K, used 145931K [0x00000007a0000000, 0x0000000800000000)
  region size 1024K, 2 young (2048K), 2 survivors (2048K)
 Metaspace       used 159847K, capacity 162746K, committed 163276K, reserved 1191936K
  class space    used 19125K, capacity 20201K, committed 20224K, reserved 1048576K
}
Event: 112.776 GC heap before
{Heap before GC invocations=72 (full 0):
 garbage-first heap   total 236544K, used 205323K [0x00000007a0000000, 0x0000000800000000)
  region size 1024K, 60 young (61440K), 2 survivors (2048K)
 Metaspace       used 159851K, capacity 162746K, committed 163276K, reserved 1191936K
  class space    used 19125K, capacity 20201K, committed 20224K, reserved 1048576K
}
Event: 112.779 GC heap after
{Heap after GC invocations=73 (full 0):
 garbage-first heap   total 236544K, used 146207K [0x00000007a0000000, 0x0000000800000000)
  region size 1024K, 2 young (2048K), 2 survivors (2048K)
 Metaspace       used 159851K, capacity 162746K, committed 163276K, reserved 1191936K
  class space    used 19125K, capacity 20201K, committed 20224K, reserved 1048576K
}
Event: 113.076 GC heap before
{Heap before GC invocations=73 (full 0):
 garbage-first heap   total 236544K, used 205599K [0x00000007a0000000, 0x0000000800000000)
  region size 1024K, 60 young (61440K), 2 survivors (2048K)
 Metaspace       used 159872K, capacity 162746K, committed 163276K, reserved 1191936K
  class space    used 19125K, capacity 20201K, committed 20224K, reserved 1048576K
}
Event: 113.079 GC heap after
{Heap after GC invocations=74 (full 0):
 garbage-first heap   total 236544K, used 146479K [0x00000007a0000000, 0x0000000800000000)
  region size 1024K, 2 young (2048K), 2 survivors (2048K)
 Metaspace       used 159872K, capacity 162746K, committed 163276K, reserved 1191936K
  class space    used 19125K, capacity 20201K, committed 20224K, reserved 1048576K
}

Deoptimization events (10 events):
Event: 110.266 Thread 0x00007fdd84650800 Uncommon trap: reason=array_check action=maybe_recompile pc=0x000000011abf40fc method=java.util.TimSort.reverseRange([Ljava/lang/Object;II)V @ 20 c2
Event: 110.433 Thread 0x00007fdd84650800 Uncommon trap: reason=array_check action=maybe_recompile pc=0x000000011ac96234 method=java.util.TimSort.binarySort([Ljava/lang/Object;IIILjava/util/Comparator;)V @ 183 c2
Event: 110.433 Thread 0x00007fdd84650800 Uncommon trap: reason=array_check action=maybe_recompile pc=0x000000011ac96234 method=java.util.TimSort.binarySort([Ljava/lang/Object;IIILjava/util/Comparator;)V @ 183 c2
Event: 110.434 Thread 0x00007fdd84650800 Uncommon trap: reason=array_check action=maybe_recompile pc=0x000000011aaedf04 method=java.util.TimSort.binarySort([Ljava/lang/Object;IIILjava/util/Comparator;)V @ 183 c2
Event: 111.117 Thread 0x00007fdd84650800 Uncommon trap: reason=unstable_if action=reinterpret pc=0x000000011ac3d094 method=com.android.tools.r8.it.unimi.dsi.fastutil.ints.Int2ReferenceOpenHashMap$MapEntrySet.contains(Ljava/lang/Object;)Z @ 184 c2
Event: 111.150 Thread 0x00007fdd84650800 Uncommon trap: reason=unstable_if action=reinterpret pc=0x000000011ac8d324 method=com.android.tools.r8.ir.regalloc.LinearScanRegisterAllocator.allocateSingleInterval(Lcom/android/tools/r8/ir/regalloc/LiveIntervals;Lcom/android/tools/r8/ir/regalloc/LinearS
Event: 112.193 Thread 0x00007fdd84650800 Uncommon trap: reason=array_check action=maybe_recompile pc=0x000000011acc583c method=java.util.TimSort.reverseRange([Ljava/lang/Object;II)V @ 27 c2
Event: 112.193 Thread 0x00007fdd84650800 Uncommon trap: reason=array_check action=maybe_recompile pc=0x000000011acc583c method=java.util.TimSort.reverseRange([Ljava/lang/Object;II)V @ 27 c2
Event: 112.412 Thread 0x00007fdd84650800 Uncommon trap: reason=range_check action=make_not_entrant pc=0x000000011acc1ebc method=com.android.tools.r8.graph.DexString.slowCompareTo(Lcom/android/tools/r8/graph/DexString;)I @ 7 c2
Event: 112.728 Thread 0x00007fdd84650800 Uncommon trap: reason=unstable_if action=reinterpret pc=0x000000011ab73f20 method=com.android.tools.r8.ir.regalloc.LinearScanRegisterAllocator.isLocalLiveAtInstruction(Lcom/android/tools/r8/ir/code/Instruction;IILcom/android/tools/r8/ir/code/Value;)Z @ 43

Classes redefined (0 events):
No events

Internal exceptions (10 events):
Event: 107.590 Thread 0x00007fdd84650800 Exception <a 'java/lang/NoSuchMethodError'{0x00000007adb81718}: java.lang.invoke.DirectMethodHandle$Holder.invokeVirtual(Ljava/lang/Object;Ljava/lang/Object;ILjava/lang/Object;)V> (0x00000007adb81718) thrown at [/scratch/mesos/slaves/07fc96ef-bf4d-487f-b2
Event: 110.733 Thread 0x00007fdd84650800 Exception <a 'java/lang/NoSuchMethodError'{0x00000007ab0fe2b0}: java.lang.invoke.DirectMethodHandle$Holder.invokeVirtual(Ljava/lang/Object;Ljava/lang/Object;I)V> (0x00000007ab0fe2b0) thrown at [/scratch/mesos/slaves/07fc96ef-bf4d-487f-b22f-a84e49f5f44a-S2
Event: 110.879 Thread 0x00007fdd84650800 Exception <a 'sun/nio/fs/UnixException'{0x00000007ae6047d0}> (0x00000007ae6047d0) thrown at [/scratch/mesos/slaves/07fc96ef-bf4d-487f-b22f-a84e49f5f44a-S27799/frameworks/1735e8a2-a1db-478c-8104-60c8b0af87dd-0196/executors/23259148-f5c6-492a-83be-44c13ecc6
Event: 112.219 Thread 0x00007fdd84650800 Exception <a 'sun/nio/fs/UnixException'{0x00000007ad740668}> (0x00000007ad740668) thrown at [/scratch/mesos/slaves/07fc96ef-bf4d-487f-b22f-a84e49f5f44a-S27799/frameworks/1735e8a2-a1db-478c-8104-60c8b0af87dd-0196/executors/23259148-f5c6-492a-83be-44c13ecc6
Event: 112.423 Thread 0x00007fdd84650800 Exception <a 'sun/nio/fs/UnixException'{0x00000007ab027808}> (0x00000007ab027808) thrown at [/scratch/mesos/slaves/07fc96ef-bf4d-487f-b22f-a84e49f5f44a-S27799/frameworks/1735e8a2-a1db-478c-8104-60c8b0af87dd-0196/executors/23259148-f5c6-492a-83be-44c13ecc6
Event: 112.474 Thread 0x00007fdd84650800 Exception <a 'sun/nio/fs/UnixException'{0x00000007ae063de0}> (0x00000007ae063de0) thrown at [/scratch/mesos/slaves/07fc96ef-bf4d-487f-b22f-a84e49f5f44a-S27799/frameworks/1735e8a2-a1db-478c-8104-60c8b0af87dd-0196/executors/23259148-f5c6-492a-83be-44c13ecc6
Event: 112.491 Thread 0x00007fdd84650800 Exception <a 'sun/nio/fs/UnixException'{0x00000007add7cf78}> (0x00000007add7cf78) thrown at [/scratch/mesos/slaves/07fc96ef-bf4d-487f-b22f-a84e49f5f44a-S27799/frameworks/1735e8a2-a1db-478c-8104-60c8b0af87dd-0196/executors/23259148-f5c6-492a-83be-44c13ecc6
Event: 112.662 Thread 0x00007fdd84650800 Exception <a 'sun/nio/fs/UnixException'{0x00000007ac117590}> (0x00000007ac117590) thrown at [/scratch/mesos/slaves/07fc96ef-bf4d-487f-b22f-a84e49f5f44a-S27799/frameworks/1735e8a2-a1db-478c-8104-60c8b0af87dd-0196/executors/23259148-f5c6-492a-83be-44c13ecc6
Event: 112.802 Thread 0x00007fdd84650800 Exception <a 'sun/nio/fs/UnixException'{0x00000007ae38c4b8}> (0x00000007ae38c4b8) thrown at [/scratch/mesos/slaves/07fc96ef-bf4d-487f-b22f-a84e49f5f44a-S27799/frameworks/1735e8a2-a1db-478c-8104-60c8b0af87dd-0196/executors/23259148-f5c6-492a-83be-44c13ecc6
Event: 113.141 Thread 0x00007fdd84650800 Exception <a 'sun/nio/fs/UnixException'{0x00000007addc3ed0}> (0x00000007addc3ed0) thrown at [/scratch/mesos/slaves/07fc96ef-bf4d-487f-b22f-a84e49f5f44a-S27799/frameworks/1735e8a2-a1db-478c-8104-60c8b0af87dd-0196/executors/23259148-f5c6-492a-83be-44c13ecc6

Events (10 events):
Event: 112.728 Thread 0x00007fdd84650800 DEOPT PACKING pc=0x000000011ab73f20 sp=0x0000700003123ad0
Event: 112.729 Thread 0x00007fdd84650800 DEOPT UNPACKING pc=0x0000000112571925 sp=0x00007000031239f0 mode 2
Event: 112.776 Executing VM operation: G1CollectForAllocation
Event: 112.779 Executing VM operation: G1CollectForAllocation done
Event: 113.076 Executing VM operation: G1CollectForAllocation
Event: 113.079 Executing VM operation: G1CollectForAllocation done
Event: 113.090 Thread 0x00007fdd84650800 DEOPT PACKING pc=0x000000011361da4b sp=0x0000700003123bd0
Event: 113.090 Thread 0x00007fdd84650800 DEOPT UNPACKING pc=0x000000011257173a sp=0x0000700003123090 mode 0
Event: 113.102 Thread 0x00007fdd84650800 DEOPT PACKING pc=0x0000000115aaa756 sp=0x0000700003123bb0
Event: 113.102 Thread 0x00007fdd84650800 DEOPT UNPACKING pc=0x000000011257173a sp=0x00007000031230c8 mode 0


Dynamic libraries:
0x00007fff8b2ff000 	/System/Library/Frameworks/Cocoa.framework/Versions/A/Cocoa
0x00007fff93c98000 	/System/Library/Frameworks/Security.framework/Versions/A/Security
0x00007fff97ebc000 	/System/Library/Frameworks/ApplicationServices.framework/Versions/A/ApplicationServices
0x00007fff8cead000 	/usr/lib/libz.1.dylib
0x00007fff969e2000 	/usr/lib/libSystem.B.dylib
0x00007fff93823000 	/System/Library/Frameworks/CoreFoundation.framework/Versions/A/CoreFoundation
0x00007fff94587000 	/System/Library/Frameworks/Foundation.framework/Versions/C/Foundation
0x00007fff8dc87000 	/usr/lib/libobjc.A.dylib
0x00007fff8934b000 	/System/Library/Frameworks/AppKit.framework/Versions/C/AppKit
0x00007fff92cd4000 	/System/Library/Frameworks/CoreData.framework/Versions/A/CoreData
0x00007fff9361c000 	/System/Library/PrivateFrameworks/RemoteViewServices.framework/Versions/A/RemoteViewServices
0x00007fff891cc000 	/System/Library/PrivateFrameworks/UIFoundation.framework/Versions/A/UIFoundation
0x00007fff97eb8000 	/usr/lib/libScreenReader.dylib
0x00007fff95f4c000 	/System/Library/Frameworks/Accelerate.framework/Versions/A/Accelerate
0x00007fff882d6000 	/System/Library/Frameworks/IOSurface.framework/Versions/A/IOSurface
0x00007fff940eb000 	/System/Library/Frameworks/AudioToolbox.framework/Versions/A/AudioToolbox
0x00007fff958af000 	/System/Library/Frameworks/AudioUnit.framework/Versions/A/AudioUnit
0x00007fff9915b000 	/System/Library/PrivateFrameworks/DataDetectorsCore.framework/Versions/A/DataDetectorsCore
0x00007fff95d11000 	/System/Library/PrivateFrameworks/DesktopServicesPriv.framework/Versions/A/DesktopServicesPriv
0x00007fff96c36000 	/System/Library/Frameworks/Carbon.framework/Versions/A/Frameworks/HIToolbox.framework/Versions/A/HIToolbox
0x00007fff8f832000 	/System/Library/Frameworks/QuartzCore.framework/Versions/A/QuartzCore
0x00007fff97e54000 	/System/Library/Frameworks/Carbon.framework/Versions/A/Frameworks/SpeechRecognition.framework/Versions/A/SpeechRecognition
0x00007fff8e32e000 	/usr/lib/libauto.dylib
0x00007fff932e5000 	/usr/lib/libicucore.A.dylib
0x00007fff88b3c000 	/usr/lib/libxml2.2.dylib
0x00007fff8d629000 	/System/Library/PrivateFrameworks/CoreUI.framework/Versions/A/CoreUI
0x00007fff8f77f000 	/System/Library/Frameworks/CoreAudio.framework/Versions/A/CoreAudio
0x00007fff93f16000 	/System/Library/Frameworks/DiskArbitration.framework/Versions/A/DiskArbitration
0x00007fff8cd54000 	/usr/lib/liblangid.dylib
0x00007fff94e36000 	/System/Library/PrivateFrameworks/MultitouchSupport.framework/Versions/A/MultitouchSupport
0x00007fff9b4d7000 	/System/Library/Frameworks/IOKit.framework/Versions/A/IOKit
0x00007fff96fc3000 	/usr/lib/libDiagnosticMessagesClient.dylib
0x00007fff8fac2000 	/System/Library/Frameworks/CoreServices.framework/Versions/A/CoreServices
0x00007fff94f0a000 	/System/Library/PrivateFrameworks/PerformanceAnalysis.framework/Versions/A/PerformanceAnalysis
0x00007fff97e68000 	/System/Library/PrivateFrameworks/GenerationalStorage.framework/Versions/A/GenerationalStorage
0x00007fff97e85000 	/System/Library/Frameworks/OpenGL.framework/Versions/A/OpenGL
0x00007fff96285000 	/System/Library/PrivateFrameworks/Sharing.framework/Versions/A/Sharing
0x00007fff991d6000 	/System/Library/Frameworks/CoreGraphics.framework/Versions/A/CoreGraphics
0x00007fff915f2000 	/System/Library/Frameworks/CoreImage.framework/Versions/A/CoreImage
0x00007fff8e106000 	/System/Library/Frameworks/CoreText.framework/Versions/A/CoreText
0x00007fff98376000 	/System/Library/Frameworks/ImageIO.framework/Versions/A/ImageIO
0x00007fff9a544000 	/System/Library/PrivateFrameworks/Backup.framework/Versions/A/Backup
0x00007fff889dc000 	/usr/lib/libextension.dylib
0x00007fff8e7a4000 	/usr/lib/libarchive.2.dylib
0x00007fff98e9d000 	/System/Library/Frameworks/CFNetwork.framework/Versions/A/CFNetwork
0x00007fff93727000 	/System/Library/Frameworks/SystemConfiguration.framework/Versions/A/SystemConfiguration
0x00007fff8c245000 	/usr/lib/libCRFSuite.dylib
0x00007fff9ae39000 	/usr/lib/libc++.1.dylib
0x00007fff8a091000 	/usr/lib/libc++abi.dylib
0x00007fff8f821000 	/usr/lib/system/libcache.dylib
0x00007fff90fe7000 	/usr/lib/system/libcommonCrypto.dylib
0x00007fff8b300000 	/usr/lib/system/libcompiler_rt.dylib
0x00007fff9875f000 	/usr/lib/system/libcopyfile.dylib
0x00007fff90e91000 	/usr/lib/system/libcorecrypto.dylib
0x00007fff87aa4000 	/usr/lib/system/libdispatch.dylib
0x00007fff8b6e1000 	/usr/lib/system/libdyld.dylib
0x00007fff957fa000 	/usr/lib/system/libkeymgr.dylib
0x00007fff94ed8000 	/usr/lib/system/liblaunch.dylib
0x00007fff97be6000 	/usr/lib/system/libmacho.dylib
0x00007fff950eb000 	/usr/lib/system/libquarantine.dylib
0x00007fff94ed9000 	/usr/lib/system/libremovefile.dylib
0x00007fff91882000 	/usr/lib/system/libsystem_asl.dylib
0x00007fff969a5000 	/usr/lib/system/libsystem_blocks.dylib
0x00007fff93795000 	/usr/lib/system/libsystem_c.dylib
0x00007fff9180a000 	/usr/lib/system/libsystem_configuration.dylib
0x00007fff9a938000 	/usr/lib/system/libsystem_coreservices.dylib
0x00007fff98db8000 	/usr/lib/system/libsystem_coretls.dylib
0x00007fff887ea000 	/usr/lib/system/libsystem_dnssd.dylib
0x00007fff981c9000 	/usr/lib/system/libsystem_info.dylib
0x00007fff98dd8000 	/usr/lib/system/libsystem_kernel.dylib
0x00007fff9ab4a000 	/usr/lib/system/libsystem_m.dylib
0x00007fff9184a000 	/usr/lib/system/libsystem_malloc.dylib
0x00007fff91906000 	/usr/lib/system/libsystem_network.dylib
0x00007fff97bdd000 	/usr/lib/system/libsystem_networkextension.dylib
0x00007fff87882000 	/usr/lib/system/libsystem_notify.dylib
0x00007fff8d5dd000 	/usr/lib/system/libsystem_platform.dylib
0x00007fff9a8ac000 	/usr/lib/system/libsystem_pthread.dylib
0x00007fff87bdc000 	/usr/lib/system/libsystem_sandbox.dylib
0x00007fff8dc52000 	/usr/lib/system/libsystem_secinit.dylib
0x00007fff9abb6000 	/usr/lib/system/libsystem_trace.dylib
0x00007fff94f03000 	/usr/lib/system/libunc.dylib
0x00007fff91833000 	/usr/lib/system/libunwind.dylib
0x00007fff883f1000 	/usr/lib/system/libxpc.dylib
0x00007fff8bb08000 	/usr/lib/libenergytrace.dylib
0x00007fff8ad25000 	/usr/lib/libbsm.0.dylib
0x00007fff960ec000 	/usr/lib/system/libkxld.dylib
0x00007fff8fa01000 	/usr/lib/libxar.1.dylib
0x00007fff8d3a9000 	/usr/lib/libsqlite3.dylib
0x00007fff943be000 	/usr/lib/libpam.2.dylib
0x00007fff91190000 	/usr/lib/libOpenScriptingUtil.dylib
0x00007fff92b36000 	/usr/lib/libbz2.1.0.dylib
0x00007fff94edb000 	/usr/lib/liblzma.5.dylib
0x00007fff8cea4000 	/System/Library/Frameworks/CoreServices.framework/Versions/A/Frameworks/FSEvents.framework/Versions/A/FSEvents
0x00007fff8facd000 	/System/Library/Frameworks/CoreServices.framework/Versions/A/Frameworks/CarbonCore.framework/Versions/A/CarbonCore
0x00007fff9aa80000 	/System/Library/Frameworks/CoreServices.framework/Versions/A/Frameworks/Metadata.framework/Versions/A/Metadata
0x00007fff90f79000 	/System/Library/Frameworks/CoreServices.framework/Versions/A/Frameworks/OSServices.framework/Versions/A/OSServices
0x00007fff90f09000 	/System/Library/Frameworks/CoreServices.framework/Versions/A/Frameworks/SearchKit.framework/Versions/A/SearchKit
0x00007fff8fa13000 	/System/Library/Frameworks/CoreServices.framework/Versions/A/Frameworks/AE.framework/Versions/A/AE
0x00007fff8a0ee000 	/System/Library/Frameworks/CoreServices.framework/Versions/A/Frameworks/LaunchServices.framework/Versions/A/LaunchServices
0x00007fff89171000 	/System/Library/Frameworks/CoreServices.framework/Versions/A/Frameworks/DictionaryServices.framework/Versions/A/DictionaryServices
0x00007fff87af1000 	/System/Library/Frameworks/CoreServices.framework/Versions/A/Frameworks/SharedFileList.framework/Versions/A/SharedFileList
0x00007fff8ad1c000 	/System/Library/Frameworks/NetFS.framework/Versions/A/NetFS
0x00007fff8c261000 	/System/Library/PrivateFrameworks/NetAuth.framework/Versions/A/NetAuth
0x00007fff9a92d000 	/System/Library/PrivateFrameworks/login.framework/Versions/A/Frameworks/loginsupport.framework/Versions/A/loginsupport
0x00007fff95f37000 	/System/Library/PrivateFrameworks/TCC.framework/Versions/A/TCC
0x00007fff97ebd000 	/usr/lib/libmecabra.dylib
0x00007fff9a8bb000 	/System/Library/Frameworks/ApplicationServices.framework/Versions/A/Frameworks/ATS.framework/Versions/A/ATS
0x00007fff9a6b4000 	/System/Library/Frameworks/ApplicationServices.framework/Versions/A/Frameworks/ColorSync.framework/Versions/A/ColorSync
0x00007fff981f3000 	/System/Library/Frameworks/ApplicationServices.framework/Versions/A/Frameworks/HIServices.framework/Versions/A/HIServices
0x00007fff93609000 	/System/Library/Frameworks/ApplicationServices.framework/Versions/A/Frameworks/LangAnalysis.framework/Versions/A/LangAnalysis
0x00007fff9126d000 	/System/Library/Frameworks/ApplicationServices.framework/Versions/A/Frameworks/PrintCore.framework/Versions/A/PrintCore
0x00007fff969a7000 	/System/Library/Frameworks/ApplicationServices.framework/Versions/A/Frameworks/QD.framework/Versions/A/QD
0x00007fff88ada000 	/System/Library/Frameworks/ApplicationServices.framework/Versions/A/Frameworks/SpeechSynthesis.framework/Versions/A/SpeechSynthesis
0x00007fff97d88000 	/System/Library/Frameworks/Metal.framework/Versions/A/Metal
0x00007fff8ceea000 	/System/Library/Frameworks/Accelerate.framework/Versions/A/Frameworks/vImage.framework/Versions/A/vImage
0x00007fff93655000 	/System/Library/Frameworks/Accelerate.framework/Versions/A/Frameworks/vecLib.framework/Versions/A/vecLib
0x00007fff8dff2000 	/System/Library/Frameworks/Accelerate.framework/Versions/A/Frameworks/vecLib.framework/Versions/A/libvDSP.dylib
0x00007fff9319b000 	/System/Library/Frameworks/Accelerate.framework/Versions/A/Frameworks/vecLib.framework/Versions/A/libvMisc.dylib
0x00007fff92730000 	/System/Library/Frameworks/Accelerate.framework/Versions/A/Frameworks/vecLib.framework/Versions/A/libLAPACK.dylib
0x00007fff92fda000 	/System/Library/Frameworks/Accelerate.framework/Versions/A/Frameworks/vecLib.framework/Versions/A/libBLAS.dylib
0x00007fff95255000 	/System/Library/Frameworks/Accelerate.framework/Versions/A/Frameworks/vecLib.framework/Versions/A/libLinearAlgebra.dylib
0x00007fff98da7000 	/System/Library/Frameworks/Accelerate.framework/Versions/A/Frameworks/vecLib.framework/Versions/A/libSparseBLAS.dylib
0x00007fff8ed1c000 	/System/Library/PrivateFrameworks/GPUCompiler.framework/libmetal_timestamp.dylib
0x00007fff8ede9000 	/System/Library/Frameworks/OpenGL.framework/Versions/A/Libraries/libCoreFSCache.dylib
0x00007fff950b7000 	/System/Library/PrivateFrameworks/IOAccelerator.framework/Versions/A/IOAccelerator
0x00007fff9a43b000 	/System/Library/Frameworks/ApplicationServices.framework/Versions/A/Frameworks/ATS.framework/Versions/A/Resources/libFontParser.dylib
0x00007fff919b6000 	/System/Library/Frameworks/ApplicationServices.framework/Versions/A/Frameworks/ATS.framework/Versions/A/Resources/libFontRegistry.dylib
0x00007fff8d981000 	/System/Library/PrivateFrameworks/AppleVPA.framework/Versions/A/AppleVPA
0x00007fff95107000 	/System/Library/PrivateFrameworks/AppleJPEG.framework/Versions/A/AppleJPEG
0x00007fff96beb000 	/System/Library/Frameworks/ImageIO.framework/Versions/A/Resources/libJPEG.dylib
0x00007fff911bd000 	/System/Library/Frameworks/ImageIO.framework/Versions/A/Resources/libTIFF.dylib
0x00007fff95879000 	/System/Library/Frameworks/ImageIO.framework/Versions/A/Resources/libPng.dylib
0x00007fff95195000 	/System/Library/Frameworks/ImageIO.framework/Versions/A/Resources/libGIF.dylib
0x00007fff91044000 	/System/Library/Frameworks/ImageIO.framework/Versions/A/Resources/libJP2.dylib
0x00007fff94ed5000 	/System/Library/Frameworks/ImageIO.framework/Versions/A/Resources/libRadiance.dylib
0x00007fff8ad36000 	/System/Library/Frameworks/CoreVideo.framework/Versions/A/CoreVideo
0x00007fff91974000 	/System/Library/Frameworks/OpenGL.framework/Versions/A/Libraries/libGLU.dylib
0x00007fff93525000 	/System/Library/Frameworks/OpenGL.framework/Versions/A/Libraries/libGFXShared.dylib
0x00007fff9605e000 	/System/Library/Frameworks/OpenGL.framework/Versions/A/Libraries/libGL.dylib
0x00007fff9532f000 	/System/Library/Frameworks/OpenGL.framework/Versions/A/Libraries/libGLImage.dylib
0x00007fff93656000 	/System/Library/Frameworks/OpenGL.framework/Versions/A/Libraries/libCVMSPluginSupport.dylib
0x00007fff8d771000 	/System/Library/Frameworks/OpenGL.framework/Versions/A/Libraries/libCoreVMClient.dylib
0x00007fff955c2000 	/usr/lib/libcups.2.dylib
0x00007fff97d6d000 	/System/Library/Frameworks/Kerberos.framework/Versions/A/Kerberos
0x00007fff87be0000 	/System/Library/Frameworks/GSS.framework/Versions/A/GSS
0x00007fff8bb10000 	/usr/lib/libresolv.9.dylib
0x00007fff9ae8d000 	/usr/lib/libiconv.2.dylib
0x00007fff97cc8000 	/System/Library/PrivateFrameworks/Heimdal.framework/Versions/A/Heimdal
0x00007fff93544000 	/usr/lib/libheimdal-asn1.dylib
0x00007fff94ef6000 	/System/Library/Frameworks/OpenDirectory.framework/Versions/A/OpenDirectory
0x00007fff950e1000 	/System/Library/PrivateFrameworks/CommonAuth.framework/Versions/A/CommonAuth
0x00007fff98d29000 	/System/Library/Frameworks/OpenDirectory.framework/Versions/A/Frameworks/CFOpenDirectory.framework/Versions/A/CFOpenDirectory
0x00007fff94b17000 	/System/Library/Frameworks/SecurityFoundation.framework/Versions/A/SecurityFoundation
0x00007fff8c92d000 	/System/Library/PrivateFrameworks/LanguageModeling.framework/Versions/A/LanguageModeling
0x00007fff92328000 	/usr/lib/libmarisa.dylib
0x00007fff9836a000 	/usr/lib/libChineseTokenizer.dylib
0x00007fff8755a000 	/usr/lib/libcmph.dylib
0x00007fff873b6000 	/usr/lib/libcompression.dylib
0x00007fff9600b000 	/System/Library/Frameworks/ServiceManagement.framework/Versions/A/ServiceManagement
0x00007fff8b2d5000 	/usr/lib/libxslt.1.dylib
0x00007fff9497d000 	/System/Library/Frameworks/Carbon.framework/Versions/A/Frameworks/Ink.framework/Versions/A/Ink
0x00007fff8cb46000 	/usr/lib/libFosl_dynamic.dylib
0x00007fff91e8c000 	/System/Library/PrivateFrameworks/FaceCore.framework/Versions/A/FaceCore
0x00007fff8eded000 	/System/Library/Frameworks/OpenCL.framework/Versions/A/OpenCL
0x00007fff960e0000 	/System/Library/PrivateFrameworks/CrashReporterSupport.framework/Versions/A/CrashReporterSupport
0x00007fff91560000 	/System/Library/PrivateFrameworks/IconServices.framework/Versions/A/IconServices
0x00007fff9700c000 	/System/Library/PrivateFrameworks/Apple80211.framework/Versions/A/Apple80211
0x00007fff912c5000 	/System/Library/Frameworks/CoreWLAN.framework/Versions/A/CoreWLAN
0x00007fff960f8000 	/System/Library/Frameworks/IOBluetooth.framework/Versions/A/IOBluetooth
0x00007fff8cda6000 	/System/Library/PrivateFrameworks/CoreWiFi.framework/Versions/A/CoreWiFi
0x00007fff8e31a000 	/System/Library/Frameworks/CoreBluetooth.framework/Versions/A/CoreBluetooth
0x00007fff8cec2000 	/System/Library/PrivateFrameworks/ChunkingLibrary.framework/Versions/A/ChunkingLibrary
0x00007fff961e9000 	/System/Library/PrivateFrameworks/DebugSymbols.framework/Versions/A/DebugSymbols
0x00007fff9a93b000 	/System/Library/PrivateFrameworks/CoreSymbolication.framework/Versions/A/CoreSymbolication
0x00007fff98583000 	/System/Library/PrivateFrameworks/Symbolication.framework/Versions/A/Symbolication
0x00007fff9a537000 	/System/Library/PrivateFrameworks/SpeechRecognitionCore.framework/Versions/A/SpeechRecognitionCore
0x0000000108b7c000 	/Library/Java/JavaVirtualMachines/jdk-11.0.2.jdk/Contents/Home/lib/server/libjvm.dylib
0x00000001099cb000 	/Library/Java/JavaVirtualMachines/jdk-11.0.2.jdk/Contents/Home/lib/libverify.dylib
0x000000010a200000 	/Library/Java/JavaVirtualMachines/jdk-11.0.2.jdk/Contents/Home/lib/libjava.dylib
0x00000001099e2000 	/Library/Java/JavaVirtualMachines/jdk-11.0.2.jdk/Contents/Home/lib/libzip.dylib
0x00000001099ea000 	/Library/Java/JavaVirtualMachines/jdk-11.0.2.jdk/Contents/Home/lib/libjimage.dylib
0x0000000128198000 	/Library/Java/JavaVirtualMachines/jdk-11.0.2.jdk/Contents/Home/lib/libnio.dylib
0x00000001281a6000 	/Library/Java/JavaVirtualMachines/jdk-11.0.2.jdk/Contents/Home/lib/./libnet.dylib
0x00000001282cf000 	/Users/chhekur/.gradle/native/25/osx-amd64/libnative-platform.dylib
0x00007fff958b0000 	/usr/lib/libstdc++.6.dylib
0x0000000128a75000 	/Library/Java/JavaVirtualMachines/jdk-11.0.2.jdk/Contents/Home/lib/libmanagement.dylib
0x0000000128a7a000 	/Library/Java/JavaVirtualMachines/jdk-11.0.2.jdk/Contents/Home/lib/libmanagement_ext.dylib
0x0000000128c80000 	/Library/Java/JavaVirtualMachines/jdk-11.0.2.jdk/Contents/Home/lib/libextnet.dylib
0x0000000128267000 	/Library/Java/JavaVirtualMachines/jdk-11.0.2.jdk/Contents/Home/lib/libsunec.dylib
0x0000000128242000 	/private/var/folders/m8/fphqsm7n4250ngb4kwkr5gwm0000gn/T/jna-745144550/jna11159142234094942565.tmp
0x0000000128258000 	/System/Library/Frameworks/JavaVM.framework/Versions/A/JavaVM
0x00000001282ad000 	/System/Library/PrivateFrameworks/JavaLaunching.framework/Versions/A/JavaLaunching
0x0000000129d1f000 	/Library/Java/JavaVirtualMachines/jdk-11.0.2.jdk/Contents/Home/lib/libawt.dylib
0x0000000128659000 	/Library/Java/JavaVirtualMachines/jdk-11.0.2.jdk/Contents/Home/lib/./libmlib_image.dylib
0x00000001282b9000 	/System/Library/Frameworks/JavaVM.framework/Versions/A/Frameworks/JavaNativeFoundation.framework/Versions/A/JavaNativeFoundation
0x00000001284f7000 	/System/Library/Frameworks/JavaVM.framework/Versions/A/Frameworks/JavaRuntimeSupport.framework/Versions/A/JavaRuntimeSupport
0x00007fff98d43000 	/System/Library/Frameworks/Carbon.framework/Versions/A/Carbon
0x00007fff8898f000 	/System/Library/Frameworks/Carbon.framework/Versions/A/Frameworks/CommonPanels.framework/Versions/A/CommonPanels
0x00007fff96c32000 	/System/Library/Frameworks/Carbon.framework/Versions/A/Frameworks/Help.framework/Versions/A/Help
0x00007fff9378f000 	/System/Library/Frameworks/Carbon.framework/Versions/A/Frameworks/ImageCapture.framework/Versions/A/ImageCapture
0x00007fff950be000 	/System/Library/Frameworks/Carbon.framework/Versions/A/Frameworks/OpenScripting.framework/Versions/A/OpenScripting
0x00007fff98969000 	/System/Library/Frameworks/Carbon.framework/Versions/A/Frameworks/Print.framework/Versions/A/Print
0x00007fff94b14000 	/System/Library/Frameworks/Carbon.framework/Versions/A/Frameworks/SecurityHI.framework/Versions/A/SecurityHI
0x000000012ac2c000 	/Library/Java/JavaVirtualMachines/jdk-11.0.2.jdk/Contents/Home/lib/libawt_lwawt.dylib
0x000000012855a000 	/Library/Java/JavaVirtualMachines/jdk-11.0.2.jdk/Contents/Home/lib/./libosxapp.dylib
0x00007fff8edc4000 	/System/Library/Frameworks/ExceptionHandling.framework/Versions/A/ExceptionHandling
0x000000012965c000 	/Library/Java/JavaVirtualMachines/jdk-11.0.2.jdk/Contents/Home/lib/libfontmanager.dylib
0x000000012a427000 	/Library/Java/JavaVirtualMachines/jdk-11.0.2.jdk/Contents/Home/lib/./libfreetype.dylib


VM Arguments:
jvm_args: --add-opens=java.base/java.util=ALL-UNNAMED --add-opens=java.base/java.lang=ALL-UNNAMED --add-opens=java.base/java.lang.invoke=ALL-UNNAMED --add-opens=java.prefs/java.util.prefs=ALL-UNNAMED -Xmx1536m -Dfile.encoding=UTF-8 -Duser.country=US -Duser.language=en -Duser.variant 
java_command: org.gradle.launcher.daemon.bootstrap.GradleDaemon 5.1.1
java_class_path (initial): /Users/chhekur/.gradle/wrapper/dists/gradle-5.1.1-all/97z1ksx6lirer3kbvdnh7jtjg/gradle-5.1.1/lib/gradle-launcher-5.1.1.jar
Launcher Type: SUN_STANDARD

[Global flags]
     intx CICompilerCount                          = 3                                         {product} {ergonomic}
     uint ConcGCThreads                            = 1                                         {product} {ergonomic}
     uint G1ConcRefinementThreads                  = 4                                         {product} {ergonomic}
   size_t G1HeapRegionSize                         = 1048576                                   {product} {ergonomic}
    uintx GCDrainStackTargetSize                   = 64                                        {product} {ergonomic}
   size_t InitialHeapSize                          = 167772160                                 {product} {ergonomic}
   size_t MarkStackSize                            = 4194304                                   {product} {ergonomic}
   size_t MaxHeapSize                              = 1610612736                                {product} {command line}
   size_t MaxNewSize                               = 965738496                                 {product} {ergonomic}
   size_t MinHeapDeltaBytes                        = 1048576                                   {product} {ergonomic}
    uintx NonNMethodCodeHeapSize                   = 5830092                                {pd product} {ergonomic}
    uintx NonProfiledCodeHeapSize                  = 122914074                              {pd product} {ergonomic}
    uintx ProfiledCodeHeapSize                     = 122914074                              {pd product} {ergonomic}
    uintx ReservedCodeCacheSize                    = 251658240                              {pd product} {ergonomic}
     bool SegmentedCodeCache                       = true                                      {product} {ergonomic}
     bool UseCompressedClassPointers               = true                                 {lp64_product} {ergonomic}
     bool UseCompressedOops                        = true                                 {lp64_product} {ergonomic}
     bool UseG1GC                                  = true                                      {product} {ergonomic}

Logging:
Log output configuration:
 #0: stdout all=warning uptime,level,tags
 #1: stderr all=off uptime,level,tags

Environment Variables:
PATH=/usr/local/bin:/usr/bin:/bin:/usr/sbin:/sbin:/opt/X11/bin:/Users/chhekur/Library/Android/sdk/emulator:/Users/chhekur/Library/Android/sdk/tools:/Users/chhekur/Library/Android/sdk/tools/bin:/Users/chhekur/Library/Android/sdk/platform-tools
SHELL=/bin/bash
DISPLAY=/private/tmp/com.apple.launchd.2mLuX32xwf/org.macosforge.xquartz:0

Signal Handlers:
SIGSEGV: [libjvm.dylib+0x740190], sa_mask[0]=11111111011111110111111111111111, sa_flags=SA_ONSTACK|SA_RESTART|SA_SIGINFO
SIGBUS: [libjvm.dylib+0x740190], sa_mask[0]=11111111011111110111111111111111, sa_flags=SA_RESTART|SA_SIGINFO
SIGFPE: [libjvm.dylib+0x740190], sa_mask[0]=11111111011111110111111111111111, sa_flags=SA_RESTART|SA_SIGINFO
SIGPIPE: [libjvm.dylib+0x5f2e42], sa_mask[0]=11111111011111110111111111111111, sa_flags=SA_RESTART|SA_SIGINFO
SIGXFSZ: [libjvm.dylib+0x5f2e42], sa_mask[0]=11111111011111110111111111111111, sa_flags=SA_RESTART|SA_SIGINFO
SIGILL: [libjvm.dylib+0x740190], sa_mask[0]=11111111011111110111111111111111, sa_flags=SA_RESTART|SA_SIGINFO
SIGUSR2: [libjvm.dylib+0x5f3427], sa_mask[0]=00100000000000000000000000000000, sa_flags=SA_RESTART|SA_SIGINFO
SIGHUP: [libjvm.dylib+0x5f1e83], sa_mask[0]=11111111011111110111111111111111, sa_flags=SA_RESTART|SA_SIGINFO
SIGINT: [libjvm.dylib+0x5f1e83], sa_mask[0]=11111111011111110111111111111111, sa_flags=SA_RESTART|SA_SIGINFO
SIGTERM: [libjvm.dylib+0x5f1e83], sa_mask[0]=11111111011111110111111111111111, sa_flags=SA_RESTART|SA_SIGINFO
SIGQUIT: [libjvm.dylib+0x5f1e83], sa_mask[0]=11111111011111110111111111111111, sa_flags=SA_RESTART|SA_SIGINFO


---------------  S Y S T E M  ---------------

OS:uname:Darwin 15.0.0 Darwin Kernel Version 15.0.0: Wed Aug 26 16:57:32 PDT 2015; root:xnu-3247.1.106~1/RELEASE_X86_64 x86_64
rlimit: STACK 8192k, CORE 0k, NPROC 709, NOFILE 10240, AS infinity, DATA infinity, FSIZE infinity
load average:2.91 2.51 2.37

CPU:total 4 (initial active 4) (4 cores per cpu, 1 threads per core) family 6 model 42 stepping 7, cmov, cx8, fxsr, mmx, sse, sse2, sse3, ssse3, sse4.1, sse4.2, popcnt, avx, aes, clmul, tsc, tscinvbit

Memory: 4k page, physical 10485760k(977212k free)

vm_info: Java HotSpot(TM) 64-Bit Server VM (11.0.2+9-LTS) for bsd-amd64 JRE (11.0.2+9-LTS), built on Jan 18 2019 08:16:46 by "mach5one" with gcc 4.2.1 Compatible Apple LLVM 9.1.0 (clang-902.0.39.2)

END.
